[36m----Running HnS-SpGEMM----[0m
A matrix file path: /global/cfs/cdirs/m4646/hnsspgemm/datasets/known_squaring_nnz/vanHeukelum/cage15/cage15.bmtx
B matrix file path: /global/cfs/cdirs/m4646/hnsspgemm/datasets/known_squaring_nnz/vanHeukelum/cage15/cage15.bmtx
Number of processes per row: 2
Number of processes per col: 2
Number of processes per node: 1
Chosen implementation: main(main use MPI_Put)
A stored in CSC format: 1
Spcomm enabled: 0 (It require --Acsc)
         col 0          col 1          
       ------------------- ------------------- 
row 0  | Node0 [0  ]     | Node0 [1  ]     |
       ------------------- ------------------- 
row 1  | Node0 [2  ]     | Node0 [3  ]     |
       ------------------- ------------------- 
Beginning conversion
Done conversion
[96m<Timer>[spacomm] 0.000080 ms[0m
Beginning spgemm -- implementation: main
STARTING spgemm round: 0
Iteration 0
Iteration 1
[96m<[process 0]>[internode_comm] n=2,avg=32.247696,stddev=23.479633,min=15.645088,max=48.850304,sum=64.495392[0m
[96m<[process 0]>[intranode_comm] n=2,avg=4.270672,stddev=5.320724,min=0.508352,max=8.032992,sum=8.541345[0m
[96m<[process 0]>[comp_time] n=2,avg=0.002944,stddev=0.000226,min=0.002784,max=0.003104,sum=0.005888[0m
[96m<[process 0]>[A_conversion] n=2,avg=6.720320,stddev=6.196292,min=2.338880,max=11.101760,sum=13.440639[0m
[96m<[process 3]>[internode_comm] n=2,avg=27.902224,stddev=9.079635,min=21.481953,max=34.322495,sum=55.804447[0m
[96m<[process 3]>[intranode_comm] n=2,avg=4.289056,stddev=4.384017,min=1.189088,max=7.389024,sum=8.578112[0m
[96m<[process 3]>[comp_time] n=2,avg=0.002768,stddev=0.000023,min=0.002752,max=0.002784,sum=0.005536[0m
[96m<[process 3]>[A_conversion] n=2,avg=7.325168,stddev=0.598653,min=6.901856,max=7.748480,sum=14.650335[0m
[96m<[process 2]>[internode_comm] n=2,avg=51.051117,stddev=22.627890,min=35.050785,max=67.051453,sum=102.102234[0m
[96m<[process 2]>[intranode_comm] n=2,avg=5.039088,stddev=5.698285,min=1.009792,max=9.068384,sum=10.078176[0m
[96m<[process 2]>[comp_time] n=2,avg=0.002736,stddev=0.000566,min=0.002336,max=0.003136,sum=0.005472[0m
[96m<[process 2]>[A_conversion] n=2,avg=6.902208,stddev=6.810083,min=2.086752,max=11.717664,sum=13.804416[0m
[96m<[process 1]>[internode_comm] n=2,avg=74.047287,stddev=6.706202,min=69.305283,max=78.789284,sum=148.094574[0m
[96m<[process 1]>[intranode_comm] n=2,avg=3.335408,stddev=4.055535,min=0.467712,max=6.203104,sum=6.670816[0m
[96m<[process 1]>[comp_time] n=2,avg=0.002752,stddev=0.000000,min=0.002752,max=0.002752,sum=0.005504[0m
[96m<[process 1]>[A_conversion] n=2,avg=6.392000,stddev=0.103634,min=6.318720,max=6.465280,sum=12.784000[0m
NNZ C: 0
[96m<Timer>[spgemm] 106.061310 ms[0m
STARTING spgemm round: 1
Iteration 0
Iteration 1
[96m<[process 0]>[internode_comm] n=2,avg=29.534513,stddev=26.785681,min=10.594176,max=48.474850,sum=59.069027[0m
[96m<[process 0]>[intranode_comm] n=2,avg=1.246128,stddev=0.914216,min=0.599680,max=1.892576,sum=2.492256[0m
[96m<[process 0]>[comp_time] n=2,avg=0.002800,stddev=0.000023,min=0.002784,max=0.002816,sum=0.005600[0m
[96m<[process 0]>[A_conversion] n=2,avg=9.830592,stddev=10.838216,min=2.166816,max=17.494368,sum=19.661184[0m
[96m<[process 3]>[internode_comm] n=2,avg=12.358448,stddev=11.886250,min=3.953600,max=20.763296,sum=24.716896[0m
[96m<[process 3]>[intranode_comm] n=2,avg=0.881136,stddev=0.402655,min=0.596416,max=1.165856,sum=1.762272[0m
[96m<[process 3]>[comp_time] n=2,avg=0.002784,stddev=0.000000,min=0.002784,max=0.002784,sum=0.005568[0m
[96m<[process 3]>[A_conversion] n=2,avg=5.775888,stddev=1.440484,min=4.757312,max=6.794464,sum=11.551776[0m
[96m<[process 2]>[internode_comm] n=2,avg=62.081505,stddev=24.762224,min=44.571968,max=79.591042,sum=124.163010[0m
[96m<[process 2]>[intranode_comm] n=2,avg=0.899040,stddev=0.190342,min=0.764448,max=1.033632,sum=1.798080[0m
[96m<[process 2]>[comp_time] n=2,avg=0.002688,stddev=0.000362,min=0.002432,max=0.002944,sum=0.005376[0m
[96m<[process 2]>[A_conversion] n=2,avg=4.584480,stddev=4.467286,min=1.425632,max=7.743328,sum=9.168961[0m
[96m<[process 1]>[internode_comm] n=2,avg=71.789566,stddev=11.665523,min=63.540798,max=80.038338,sum=143.579132[0m
[96m<[process 1]>[intranode_comm] n=2,avg=0.890064,stddev=0.601369,min=0.464832,max=1.315296,sum=1.780128[0m
[96m<[process 1]>[comp_time] n=2,avg=0.002688,stddev=0.000498,min=0.002336,max=0.003040,sum=0.005376[0m
[96m<[process 1]>[A_conversion] n=2,avg=3.882464,stddev=2.504810,min=2.111296,max=5.653632,sum=7.764928[0m
NNZ C: 0
[96m<Timer>[spgemm] 85.279404 ms[0m
STARTING spgemm round: 2
Iteration 0
Iteration 1
[96m<[process 0]>[internode_comm] n=2,avg=30.743120,stddev=25.284803,min=12.864064,max=48.622177,sum=61.486240[0m
[96m<[process 0]>[intranode_comm] n=2,avg=1.351584,stddev=0.801327,min=0.784960,max=1.918208,sum=2.703168[0m
[96m<[process 0]>[comp_time] n=2,avg=0.002800,stddev=0.000023,min=0.002784,max=0.002816,sum=0.005600[0m
[96m<[process 0]>[A_conversion] n=2,avg=4.586080,stddev=2.834084,min=2.582080,max=6.590080,sum=9.172159[0m
[96m<[process 3]>[internode_comm] n=2,avg=13.182384,stddev=11.341155,min=5.162976,max=21.201792,sum=26.364767[0m
[96m<[process 3]>[intranode_comm] n=2,avg=0.873248,stddev=0.417702,min=0.577888,max=1.168608,sum=1.746496[0m
[96m<[process 3]>[comp_time] n=2,avg=0.002800,stddev=0.000068,min=0.002752,max=0.002848,sum=0.005600[0m
[96m<[process 3]>[A_conversion] n=2,avg=4.472704,stddev=3.301385,min=2.138272,max=6.807136,sum=8.945408[0m
[96m<[process 2]>[internode_comm] n=2,avg=60.461647,stddev=22.378942,min=44.637344,max=76.285950,sum=120.923294[0m
[96m<[process 2]>[intranode_comm] n=2,avg=1.286928,stddev=0.362378,min=1.030688,max=1.543168,sum=2.573856[0m
[96m<[process 2]>[comp_time] n=2,avg=0.002688,stddev=0.000498,min=0.002336,max=0.003040,sum=0.005376[0m
[96m<[process 2]>[A_conversion] n=2,avg=4.767648,stddev=4.742254,min=1.414368,max=8.120928,sum=9.535295[0m
[96m<[process 1]>[internode_comm] n=2,avg=69.413666,stddev=6.457685,min=64.847389,max=73.979935,sum=138.827332[0m
[96m<[process 1]>[intranode_comm] n=2,avg=0.979680,stddev=0.732314,min=0.461856,max=1.497504,sum=1.959360[0m
[96m<[process 1]>[comp_time] n=2,avg=0.002544,stddev=0.000294,min=0.002336,max=0.002752,sum=0.005088[0m
[96m<[process 1]>[A_conversion] n=2,avg=4.093040,stddev=2.230679,min=2.515712,max=5.670368,sum=8.186080[0m
NNZ C: 0
[96m<Timer>[spgemm] 94.363884 ms[0m
STARTING spgemm round: 3
Iteration 0
Iteration 1
[96m<[process 0]>[internode_comm] n=2,avg=30.499359,stddev=25.326551,min=12.590784,max=48.407936,sum=60.998718[0m
[96m<[process 0]>[intranode_comm] n=2,avg=0.761536,stddev=0.391726,min=0.484544,max=1.038528,sum=1.523072[0m
[96m<[process 0]>[comp_time] n=2,avg=0.002848,stddev=0.000091,min=0.002784,max=0.002912,sum=0.005696[0m
[96m<[process 0]>[A_conversion] n=2,avg=7.082336,stddev=6.902449,min=2.201568,max=11.963104,sum=14.164672[0m
[96m<[process 3]>[internode_comm] n=2,avg=20.203600,stddev=1.531898,min=19.120384,max=21.286816,sum=40.407200[0m
[96m<[process 3]>[intranode_comm] n=2,avg=0.880112,stddev=0.460672,min=0.554368,max=1.205856,sum=1.760224[0m
[96m<[process 3]>[comp_time] n=2,avg=0.002736,stddev=0.000023,min=0.002720,max=0.002752,sum=0.005472[0m
[96m<[process 3]>[A_conversion] n=2,avg=5.814160,stddev=1.364501,min=4.849312,max=6.779008,sum=11.628320[0m
[96m<[process 2]>[internode_comm] n=2,avg=39.966209,stddev=9.776356,min=33.053280,max=46.879135,sum=79.932419[0m
[96m<[process 2]>[intranode_comm] n=2,avg=0.772672,stddev=0.372221,min=0.509472,max=1.035872,sum=1.545344[0m
[96m<[process 2]>[comp_time] n=2,avg=0.002832,stddev=0.000701,min=0.002336,max=0.003328,sum=0.005664[0m
[96m<[process 2]>[A_conversion] n=2,avg=4.542944,stddev=4.499416,min=1.361376,max=7.724512,sum=9.085888[0m
[96m<[process 1]>[internode_comm] n=2,avg=69.314636,stddev=6.557219,min=64.677986,max=73.951294,sum=138.629272[0m
[96m<[process 1]>[intranode_comm] n=2,avg=0.862912,stddev=0.561069,min=0.466176,max=1.259648,sum=1.725824[0m
[96m<[process 1]>[comp_time] n=2,avg=0.002656,stddev=0.000181,min=0.002528,max=0.002784,sum=0.005312[0m
[96m<[process 1]>[A_conversion] n=2,avg=3.826656,stddev=2.500692,min=2.058400,max=5.594912,sum=7.653312[0m
NNZ C: 0
[96m<Timer>[spgemm] 88.197357 ms[0m
STARTING spgemm round: 4
Iteration 0
Iteration 1
[96m<[process 0]>[internode_comm] n=2,avg=30.227057,stddev=25.920633,min=11.898400,max=48.555714,sum=60.454113[0m
[96m<[process 0]>[intranode_comm] n=2,avg=17.030256,stddev=22.470631,min=1.141120,max=32.919392,sum=34.060513[0m
[96m<[process 0]>[comp_time] n=2,avg=0.002784,stddev=0.000045,min=0.002752,max=0.002816,sum=0.005568[0m
[96m<[process 0]>[A_conversion] n=2,avg=5.893152,stddev=5.202722,min=2.214272,max=9.572032,sum=11.786304[0m
[96m<[process 3]>[internode_comm] n=2,avg=12.506288,stddev=12.310469,min=3.801472,max=21.211103,sum=25.012575[0m
[96m<[process 3]>[intranode_comm] n=2,avg=1.068400,stddev=0.122437,min=0.981824,max=1.154976,sum=2.136800[0m
[96m<[process 3]>[comp_time] n=2,avg=0.002560,stddev=0.000317,min=0.002336,max=0.002784,sum=0.005120[0m
[96m<[process 3]>[A_conversion] n=2,avg=4.267616,stddev=3.545581,min=1.760512,max=6.774720,sum=8.535233[0m
[96m<[process 2]>[internode_comm] n=2,avg=43.337151,stddev=11.894691,min=34.926334,max=51.747967,sum=86.674301[0m
[96m<[process 2]>[intranode_comm] n=2,avg=0.777568,stddev=0.375253,min=0.512224,max=1.042912,sum=1.555136[0m
[96m<[process 2]>[comp_time] n=2,avg=0.002576,stddev=0.000339,min=0.002336,max=0.002816,sum=0.005152[0m
[96m<[process 2]>[A_conversion] n=2,avg=4.774384,stddev=4.832696,min=1.357152,max=8.191616,sum=9.548768[0m
[96m<[process 1]>[internode_comm] n=2,avg=68.957474,stddev=3.224454,min=66.677437,max=71.237503,sum=137.914948[0m
[96m<[process 1]>[intranode_comm] n=2,avg=1.039248,stddev=0.811170,min=0.465664,max=1.612832,sum=2.078496[0m
[96m<[process 1]>[comp_time] n=2,avg=0.002544,stddev=0.000294,min=0.002336,max=0.002752,sum=0.005088[0m
[96m<[process 1]>[A_conversion] n=2,avg=3.969040,stddev=2.293040,min=2.347616,max=5.590464,sum=7.938080[0m
NNZ C: 0
[96m<Timer>[spgemm] 88.824524 ms[0m
STARTING spgemm round: 5
Iteration 0
Iteration 1
[96m<[process 0]>[internode_comm] n=2,avg=31.150433,stddev=24.486351,min=13.835968,max=48.464897,sum=62.300865[0m
[96m<[process 0]>[intranode_comm] n=2,avg=0.759968,stddev=0.394215,min=0.481216,max=1.038720,sum=1.519936[0m
[96m<[process 0]>[comp_time] n=2,avg=0.002784,stddev=0.000000,min=0.002784,max=0.002784,sum=0.005568[0m
[96m<[process 0]>[A_conversion] n=2,avg=3.674112,stddev=2.791001,min=1.700576,max=5.647648,sum=7.348224[0m
[96m<[process 3]>[internode_comm] n=2,avg=28.952961,stddev=10.848580,min=21.281857,max=36.624065,sum=57.905922[0m
[96m<[process 3]>[intranode_comm] n=2,avg=0.859952,stddev=0.522444,min=0.490528,max=1.229376,sum=1.719904[0m
[96m<[process 3]>[comp_time] n=2,avg=0.002816,stddev=0.000091,min=0.002752,max=0.002880,sum=0.005632[0m
[96m<[process 3]>[A_conversion] n=2,avg=4.262576,stddev=3.514151,min=1.777696,max=6.747456,sum=8.525152[0m
[96m<[process 2]>[internode_comm] n=2,avg=61.521778,stddev=18.387424,min=48.519905,max=74.523651,sum=123.043556[0m
[96m<[process 2]>[intranode_comm] n=2,avg=1.067760,stddev=0.062836,min=1.023328,max=1.112192,sum=2.135520[0m
[96m<[process 2]>[comp_time] n=2,avg=0.002720,stddev=0.000543,min=0.002336,max=0.003104,sum=0.005440[0m
[96m<[process 2]>[A_conversion] n=2,avg=4.783264,stddev=4.705371,min=1.456064,max=8.110464,sum=9.566528[0m
[96m<[process 1]>[internode_comm] n=2,avg=70.870735,stddev=3.991858,min=68.048065,max=73.693405,sum=141.741470[0m
[96m<[process 1]>[intranode_comm] n=2,avg=0.912016,stddev=0.630332,min=0.466304,max=1.357728,sum=1.824032[0m
[96m<[process 1]>[comp_time] n=2,avg=0.003520,stddev=0.001674,min=0.002336,max=0.004704,sum=0.007040[0m
[96m<[process 1]>[A_conversion] n=2,avg=3.970352,stddev=2.416495,min=2.261632,max=5.679072,sum=7.940704[0m
NNZ C: 0
[96m<Timer>[spgemm] 98.641106 ms[0m
STARTING spgemm round: 6
Iteration 0
Iteration 1
[96m<[process 0]>[internode_comm] n=2,avg=30.108238,stddev=26.205330,min=11.578272,max=48.638206,sum=60.216476[0m
[96m<[process 0]>[intranode_comm] n=2,avg=1.363584,stddev=1.055795,min=0.617024,max=2.110144,sum=2.727168[0m
[96m<[process 0]>[comp_time] n=2,avg=0.002784,stddev=0.000000,min=0.002784,max=0.002784,sum=0.005568[0m
[96m<[process 0]>[A_conversion] n=2,avg=4.002720,stddev=2.727735,min=2.073920,max=5.931520,sum=8.005440[0m
[96m<[process 3]>[internode_comm] n=2,avg=19.580816,stddev=2.276477,min=17.971104,max=21.190529,sum=39.161633[0m
[96m<[process 3]>[intranode_comm] n=2,avg=1.668176,stddev=1.661101,min=0.493600,max=2.842752,sum=3.336352[0m
[96m<[process 3]>[comp_time] n=2,avg=0.003088,stddev=0.000475,min=0.002752,max=0.003424,sum=0.006176[0m
[96m<[process 3]>[A_conversion] n=2,avg=4.256944,stddev=3.566647,min=1.734944,max=6.778944,sum=8.513888[0m
[96m<[process 2]>[internode_comm] n=2,avg=41.070465,stddev=11.522606,min=32.922752,max=49.218178,sum=82.140930[0m
[96m<[process 2]>[intranode_comm] n=2,avg=0.736768,stddev=0.326921,min=0.505600,max=0.967936,sum=1.473536[0m
[96m<[process 2]>[comp_time] n=2,avg=0.002656,stddev=0.000453,min=0.002336,max=0.002976,sum=0.005312[0m
[96m<[process 2]>[A_conversion] n=2,avg=4.411232,stddev=4.480727,min=1.242880,max=7.579584,sum=8.822464[0m
[96m<[process 1]>[internode_comm] n=2,avg=65.474976,stddev=2.754572,min=63.527199,max=67.422752,sum=130.949951[0m
[96m<[process 1]>[intranode_comm] n=2,avg=0.952224,stddev=0.690046,min=0.464288,max=1.440160,sum=1.904448[0m
[96m<[process 1]>[comp_time] n=2,avg=0.002544,stddev=0.000339,min=0.002304,max=0.002784,sum=0.005088[0m
[96m<[process 1]>[A_conversion] n=2,avg=3.885360,stddev=2.370018,min=2.209504,max=5.561216,sum=7.770720[0m
NNZ C: 0
[96m<Timer>[spgemm] 86.001602 ms[0m
STARTING spgemm round: 7
Iteration 0
Iteration 1
[96m<[process 0]>[internode_comm] n=2,avg=31.728848,stddev=23.813932,min=14.889856,max=48.567841,sum=63.457695[0m
[96m<[process 0]>[intranode_comm] n=2,avg=0.765520,stddev=0.390798,min=0.489184,max=1.041856,sum=1.531040[0m
[96m<[process 0]>[comp_time] n=2,avg=0.002800,stddev=0.000023,min=0.002784,max=0.002816,sum=0.005600[0m
[96m<[process 0]>[A_conversion] n=2,avg=4.315568,stddev=3.644801,min=1.738304,max=6.892832,sum=8.631136[0m
[96m<[process 3]>[internode_comm] n=2,avg=20.455999,stddev=1.169204,min=19.629248,max=21.282751,sum=40.911999[0m
[96m<[process 3]>[intranode_comm] n=2,avg=0.889472,stddev=0.460649,min=0.563744,max=1.215200,sum=1.778944[0m
[96m<[process 3]>[comp_time] n=2,avg=0.002768,stddev=0.000023,min=0.002752,max=0.002784,sum=0.005536[0m
[96m<[process 3]>[A_conversion] n=2,avg=4.247920,stddev=3.577191,min=1.718464,max=6.777376,sum=8.495840[0m
[96m<[process 2]>[internode_comm] n=2,avg=61.616608,stddev=21.197227,min=46.627903,max=76.605309,sum=123.233215[0m
[96m<[process 2]>[intranode_comm] n=2,avg=1.069472,stddev=0.096031,min=1.001568,max=1.137376,sum=2.138944[0m
[96m<[process 2]>[comp_time] n=2,avg=0.002928,stddev=0.000837,min=0.002336,max=0.003520,sum=0.005856[0m
[96m<[process 2]>[A_conversion] n=2,avg=4.595008,stddev=4.673014,min=1.290688,max=7.899328,sum=9.190016[0m
[96m<[process 1]>[internode_comm] n=2,avg=70.838531,stddev=6.622507,min=66.155708,max=75.521347,sum=141.677063[0m
[96m<[process 1]>[intranode_comm] n=2,avg=0.897904,stddev=0.601776,min=0.472384,max=1.323424,sum=1.795808[0m
[96m<[process 1]>[comp_time] n=2,avg=0.002528,stddev=0.000317,min=0.002304,max=0.002752,sum=0.005056[0m
[96m<[process 1]>[A_conversion] n=2,avg=3.822400,stddev=2.399185,min=2.125920,max=5.518880,sum=7.644800[0m
NNZ C: 0
[96m<Timer>[spgemm] 97.146866 ms[0m
STARTING spgemm round: 8
Iteration 0
Iteration 1
[96m<[process 0]>[internode_comm] n=2,avg=31.410751,stddev=25.134762,min=13.637792,max=49.183712,sum=62.821503[0m
[96m<[process 0]>[intranode_comm] n=2,avg=1.043072,stddev=0.279403,min=0.845504,max=1.240640,sum=2.086144[0m
[96m<[process 0]>[comp_time] n=2,avg=0.002800,stddev=0.000023,min=0.002784,max=0.002816,sum=0.005600[0m
[96m<[process 0]>[A_conversion] n=2,avg=4.565312,stddev=3.269390,min=2.253504,max=6.877120,sum=9.130624[0m
[96m<[process 3]>[internode_comm] n=2,avg=13.981856,stddev=10.209354,min=6.762752,max=21.200960,sum=27.963713[0m
[96m<[process 3]>[intranode_comm] n=2,avg=1.038256,stddev=0.749443,min=0.508320,max=1.568192,sum=2.076512[0m
[96m<[process 3]>[comp_time] n=2,avg=0.002768,stddev=0.000023,min=0.002752,max=0.002784,sum=0.005536[0m
[96m<[process 3]>[A_conversion] n=2,avg=4.220800,stddev=3.609707,min=1.668352,max=6.773248,sum=8.441600[0m
[96m<[process 2]>[internode_comm] n=2,avg=40.836067,stddev=11.124635,min=32.969761,max=48.702370,sum=81.672134[0m
[96m<[process 2]>[intranode_comm] n=2,avg=1.420000,stddev=0.597545,min=0.997472,max=1.842528,sum=2.840000[0m
[96m<[process 2]>[comp_time] n=2,avg=0.002560,stddev=0.000362,min=0.002304,max=0.002816,sum=0.005120[0m
[96m<[process 2]>[A_conversion] n=2,avg=4.218416,stddev=4.002994,min=1.387872,max=7.048960,sum=8.436832[0m
[96m<[process 1]>[internode_comm] n=2,avg=71.607231,stddev=9.349064,min=64.996445,max=78.218018,sum=143.214462[0m
[96m<[process 1]>[intranode_comm] n=2,avg=1.018576,stddev=0.782705,min=0.465120,max=1.572032,sum=2.037152[0m
[96m<[process 1]>[comp_time] n=2,avg=0.002528,stddev=0.000317,min=0.002304,max=0.002752,sum=0.005056[0m
[96m<[process 1]>[A_conversion] n=2,avg=3.864160,stddev=2.462180,min=2.123136,max=5.605184,sum=7.728320[0m
NNZ C: 0
[96m<Timer>[spgemm] 94.794083 ms[0m
STARTING spgemm round: 9
Iteration 0
Iteration 1
[96m<[process 0]>[internode_comm] n=2,avg=30.904432,stddev=24.854158,min=13.329888,max=48.478977,sum=61.808865[0m
[96m<[process 0]>[intranode_comm] n=2,avg=18.127232,stddev=20.482246,min=3.644096,max=32.610367,sum=36.254463[0m
[96m<[process 0]>[comp_time] n=2,avg=0.003136,stddev=0.000453,min=0.002816,max=0.003456,sum=0.006272[0m
[96m<[process 0]>[A_conversion] n=2,avg=4.613296,stddev=2.974125,min=2.510272,max=6.716320,sum=9.226592[0m
[96m<[process 3]>[internode_comm] n=2,avg=13.240768,stddev=11.383401,min=5.191488,max=21.290049,sum=26.481537[0m
[96m<[process 3]>[intranode_comm] n=2,avg=1.188304,stddev=0.214531,min=1.036608,max=1.340000,sum=2.376608[0m
[96m<[process 3]>[comp_time] n=2,avg=0.002560,stddev=0.000317,min=0.002336,max=0.002784,sum=0.005120[0m
[96m<[process 3]>[A_conversion] n=2,avg=4.368448,stddev=3.561691,min=1.849952,max=6.886944,sum=8.736896[0m
[96m<[process 2]>[internode_comm] n=2,avg=42.540878,stddev=9.634912,min=35.727966,max=49.353790,sum=85.081757[0m
[96m<[process 2]>[intranode_comm] n=2,avg=0.753760,stddev=0.344842,min=0.509920,max=0.997600,sum=1.507520[0m
[96m<[process 2]>[comp_time] n=2,avg=0.002560,stddev=0.000362,min=0.002304,max=0.002816,sum=0.005120[0m
[96m<[process 2]>[A_conversion] n=2,avg=4.545856,stddev=4.472807,min=1.383104,max=7.708608,sum=9.091712[0m
[96m<[process 1]>[internode_comm] n=2,avg=71.039536,stddev=6.556178,min=66.403618,max=75.675453,sum=142.079071[0m
[96m<[process 1]>[intranode_comm] n=2,avg=1.011328,stddev=0.772410,min=0.465152,max=1.557504,sum=2.022656[0m
[96m<[process 1]>[comp_time] n=2,avg=0.002528,stddev=0.000317,min=0.002304,max=0.002752,sum=0.005056[0m
[96m<[process 1]>[A_conversion] n=2,avg=3.839552,stddev=2.502366,min=2.070112,max=5.608992,sum=7.679104[0m
NNZ C: 0
[96m<Timer>[spgemm] 94.892349 ms[0m
