[36m----Running HnS-SpGEMM----[0m
A matrix file path: /global/cfs/cdirs/m4646/hnsspgemm/datasets/known_squaring_nnz/Dziekonski/dielFilterV3real/dielFilterV3real.bmtx
B matrix file path: /global/cfs/cdirs/m4646/hnsspgemm/datasets/known_squaring_nnz/Dziekonski/dielFilterV3real/dielFilterV3real.bmtx
Number of processes per row: 2
Number of processes per col: 2
Number of processes per node: 1
Chosen implementation: main(main use MPI_Put)
A stored in CSC format: 1
Spcomm enabled: 0 (It require --Acsc)
         col 0          col 1          
       ------------------- ------------------- 
row 0  | Node0 [0  ]     | Node0 [1  ]     |
       ------------------- ------------------- 
row 1  | Node0 [2  ]     | Node0 [3  ]     |
       ------------------- ------------------- 
Beginning conversion
Done conversion
[96m<Timer>[spacomm] 0.000170 ms[0m
Beginning spgemm -- implementation: main
STARTING spgemm round: 0
Iteration 0
[96m<[process 3]>[internode_comm] n=2,avg=17.170496,stddev=4.424339,min=14.042016,max=20.298977,sum=34.340992[0m
[96m<[process 3]>[intranode_comm] n=2,avg=4.545248,stddev=5.313324,min=0.788160,max=8.302336,sum=9.090496[0m
[96m<[process 3]>[comp_time] n=2,avg=0.002768,stddev=0.000023,min=0.002752,max=0.002784,sum=0.005536[0m
[96m<[process 3]>[A_conversion] n=2,avg=9.408800,stddev=8.803785,min=3.183584,max=15.634016,sum=18.817600[0m
Iteration 1
[96m<[process 2]>[internode_comm] n=2,avg=34.225121,stddev=6.144069,min=29.880608,max=38.569633,sum=68.450241[0m
[96m<[process 2]>[intranode_comm] n=2,avg=4.547024,stddev=4.560624,min=1.322176,max=7.771872,sum=9.094048[0m
[96m<[process 2]>[comp_time] n=2,avg=0.002816,stddev=0.000000,min=0.002816,max=0.002816,sum=0.005632[0m
[96m<[process 2]>[A_conversion] n=2,avg=19.965519,stddev=5.126218,min=16.340736,max=23.590303,sum=39.931038[0m
[96m<[process 1]>[internode_comm] n=2,avg=47.209137,stddev=12.085688,min=38.663265,max=55.755009,sum=94.418274[0m
[96m<[process 1]>[intranode_comm] n=2,avg=4.939808,stddev=4.582866,min=1.699232,max=8.180384,sum=9.879616[0m
[96m<[process 1]>[comp_time] n=2,avg=0.002736,stddev=0.000023,min=0.002720,max=0.002752,sum=0.005472[0m
[96m<[process 1]>[A_conversion] n=2,avg=19.992561,stddev=5.878898,min=15.835552,max=24.149569,sum=39.985123[0m
[96m<[process 0]>[internode_comm] n=2,avg=30.969887,stddev=12.143907,min=22.382849,max=39.556927,sum=61.939774[0m
[96m<[process 0]>[intranode_comm] n=2,avg=32.310623,stddev=44.782192,min=0.644832,max=63.976418,sum=64.621246[0m
[96m<[process 0]>[comp_time] n=2,avg=0.002576,stddev=0.000294,min=0.002368,max=0.002784,sum=0.005152[0m
[96m<[process 0]>[A_conversion] n=2,avg=9.767136,stddev=9.728839,min=2.887808,max=16.646463,sum=19.534271[0m
NNZ C: 0
[96m<Timer>[spgemm] 26.655052 ms[0m
STARTING spgemm round: 1
Iteration 0
[96m<[process 3]>[internode_comm] n=2,avg=15.434928,stddev=3.312269,min=13.092800,max=17.777056,sum=30.869856[0m
[96m<[process 3]>[intranode_comm] n=2,avg=0.846208,stddev=0.178259,min=0.720160,max=0.972256,sum=1.692416[0m
[96m<[process 3]>[comp_time] n=2,avg=0.002752,stddev=0.000000,min=0.002752,max=0.002752,sum=0.005504[0m
[96m<[process 3]>[A_conversion] n=2,avg=3.349264,stddev=0.076639,min=3.295072,max=3.403456,sum=6.698528[0m
Iteration 1
[96m<[process 1]>[internode_comm] n=2,avg=37.811378,stddev=17.732677,min=25.272480,max=50.350273,sum=75.622757[0m
[96m<[process 1]>[intranode_comm] n=2,avg=1.321120,stddev=0.000091,min=1.321056,max=1.321184,sum=2.642240[0m
[96m<[process 1]>[comp_time] n=2,avg=0.002736,stddev=0.000023,min=0.002720,max=0.002752,sum=0.005472[0m
[96m<[process 1]>[A_conversion] n=2,avg=11.395136,stddev=12.161241,min=2.795840,max=19.994432,sum=22.790272[0m
[96m<[process 2]>[internode_comm] n=2,avg=26.392384,stddev=2.230565,min=24.815136,max=27.969631,sum=52.784767[0m
[96m<[process 2]>[intranode_comm] n=2,avg=1.170176,stddev=0.486444,min=0.826208,max=1.514144,sum=2.340352[0m
[96m<[process 2]>[comp_time] n=2,avg=0.002800,stddev=0.000023,min=0.002784,max=0.002816,sum=0.005600[0m
[96m<[process 2]>[A_conversion] n=2,avg=11.476608,stddev=11.152692,min=3.590464,max=19.362753,sum=22.953217[0m
[96m<[process 0]>[internode_comm] n=2,avg=28.844896,stddev=13.846757,min=19.053761,max=38.636032,sum=57.689793[0m
[96m<[process 0]>[intranode_comm] n=2,avg=19.326735,stddev=26.430157,min=0.637792,max=38.015678,sum=38.653469[0m
[96m<[process 0]>[comp_time] n=2,avg=0.002656,stddev=0.000453,min=0.002336,max=0.002976,sum=0.005312[0m
[96m<[process 0]>[A_conversion] n=2,avg=4.378352,stddev=2.603443,min=2.537440,max=6.219264,sum=8.756704[0m
NNZ C: 0
[96m<Timer>[spgemm] 23.029051 ms[0m
STARTING spgemm round: 2
Iteration 0
[96m<[process 3]>[internode_comm] n=2,avg=11.654881,stddev=3.516301,min=9.168480,max=14.141280,sum=23.309761[0m
[96m<[process 3]>[intranode_comm] n=2,avg=0.740848,stddev=0.019844,min=0.726816,max=0.754880,sum=1.481696[0m
[96m<[process 3]>[comp_time] n=2,avg=0.002752,stddev=0.000000,min=0.002752,max=0.002752,sum=0.005504[0m
[96m<[process 3]>[A_conversion] n=2,avg=3.305488,stddev=0.487191,min=2.960992,max=3.649984,sum=6.610976[0m
Iteration 1
[96m<[process 2]>[internode_comm] n=2,avg=24.401888,stddev=1.815125,min=23.118401,max=25.685375,sum=48.803776[0m
[96m<[process 2]>[intranode_comm] n=2,avg=5.175872,stddev=6.074375,min=0.880640,max=9.471104,sum=10.351744[0m
[96m<[process 2]>[comp_time] n=2,avg=0.002576,stddev=0.000339,min=0.002336,max=0.002816,sum=0.005152[0m
[96m<[process 2]>[A_conversion] n=2,avg=7.204384,stddev=5.252955,min=3.489984,max=10.918784,sum=14.408768[0m
[96m<[process 1]>[internode_comm] n=2,avg=40.275711,stddev=22.434767,min=24.411936,max=56.139488,sum=80.551422[0m
[96m<[process 1]>[intranode_comm] n=2,avg=0.919360,stddev=0.372990,min=0.655616,max=1.183104,sum=1.838720[0m
[96m<[process 1]>[comp_time] n=2,avg=0.002784,stddev=0.000000,min=0.002784,max=0.002784,sum=0.005568[0m
[96m<[process 1]>[A_conversion] n=2,avg=12.683951,stddev=13.827863,min=2.906176,max=22.461727,sum=25.367903[0m
[96m<[process 0]>[internode_comm] n=2,avg=19.481152,stddev=0.012853,min=19.472063,max=19.490240,sum=38.962303[0m
[96m<[process 0]>[intranode_comm] n=2,avg=28.527679,stddev=39.050987,min=0.914464,max=56.140896,sum=57.055359[0m
[96m<[process 0]>[comp_time] n=2,avg=0.002576,stddev=0.000339,min=0.002336,max=0.002816,sum=0.005152[0m
[96m<[process 0]>[A_conversion] n=2,avg=3.420640,stddev=1.321532,min=2.486176,max=4.355104,sum=6.841280[0m
NNZ C: 0
[96m<Timer>[spgemm] 23.724628 ms[0m
STARTING spgemm round: 3
Iteration 0
[96m<[process 3]>[internode_comm] n=2,avg=8.774384,stddev=6.891700,min=3.901216,max=13.647552,sum=17.548767[0m
[96m<[process 3]>[intranode_comm] n=2,avg=1.049536,stddev=0.458250,min=0.725504,max=1.373568,sum=2.099072[0m
[96m<[process 3]>[comp_time] n=2,avg=0.002752,stddev=0.000000,min=0.002752,max=0.002752,sum=0.005504[0m
[96m<[process 3]>[A_conversion] n=2,avg=3.639712,stddev=1.035476,min=2.907520,max=4.371904,sum=7.279424[0m
Iteration 1
[96m<[process 2]>[internode_comm] n=2,avg=22.334576,stddev=2.096046,min=20.852448,max=23.816704,sum=44.669151[0m
[96m<[process 2]>[intranode_comm] n=2,avg=0.772816,stddev=0.157736,min=0.661280,max=0.884352,sum=1.545632[0m
[96m<[process 2]>[comp_time] n=2,avg=0.002896,stddev=0.000068,min=0.002848,max=0.002944,sum=0.005792[0m
[96m<[process 2]>[A_conversion] n=2,avg=10.496161,stddev=10.644979,min=2.969024,max=18.023296,sum=20.992321[0m
[96m<[process 1]>[internode_comm] n=2,avg=26.841904,stddev=0.828955,min=26.255745,max=27.428064,sum=53.683807[0m
[96m<[process 1]>[intranode_comm] n=2,avg=1.600816,stddev=0.999249,min=0.894240,max=2.307392,sum=3.201632[0m
[96m<[process 1]>[comp_time] n=2,avg=0.002752,stddev=0.000000,min=0.002752,max=0.002752,sum=0.005504[0m
[96m<[process 1]>[A_conversion] n=2,avg=11.928336,stddev=12.048986,min=3.408416,max=20.448256,sum=23.856672[0m
[96m<[process 0]>[internode_comm] n=2,avg=19.696400,stddev=0.501310,min=19.341921,max=20.050880,sum=39.392799[0m
[96m<[process 0]>[intranode_comm] n=2,avg=20.005600,stddev=27.298668,min=0.702528,max=39.308674,sum=40.011200[0m
[96m<[process 0]>[comp_time] n=2,avg=0.002976,stddev=0.000272,min=0.002784,max=0.003168,sum=0.005952[0m
[96m<[process 0]>[A_conversion] n=2,avg=3.536528,stddev=1.488002,min=2.484352,max=4.588704,sum=7.073056[0m
NNZ C: 0
[96m<Timer>[spgemm] 24.387350 ms[0m
STARTING spgemm round: 4
Iteration 0
[96m<[process 3]>[internode_comm] n=2,avg=20.968384,stddev=10.569990,min=13.494272,max=28.442495,sum=41.936768[0m
[96m<[process 3]>[intranode_comm] n=2,avg=1.499264,stddev=0.970083,min=0.813312,max=2.185216,sum=2.998528[0m
[96m<[process 3]>[comp_time] n=2,avg=0.002752,stddev=0.000000,min=0.002752,max=0.002752,sum=0.005504[0m
[96m<[process 3]>[A_conversion] n=2,avg=3.610656,stddev=0.042675,min=3.580480,max=3.640832,sum=7.221312[0m
Iteration 1
[96m<[process 2]>[internode_comm] n=2,avg=33.304462,stddev=5.501472,min=29.414335,max=37.194592,sum=66.608925[0m
[96m<[process 2]>[intranode_comm] n=2,avg=4.603936,stddev=5.196612,min=0.929376,max=8.278496,sum=9.207871[0m
[96m<[process 2]>[comp_time] n=2,avg=0.002816,stddev=0.000000,min=0.002816,max=0.002816,sum=0.005632[0m
[96m<[process 2]>[A_conversion] n=2,avg=9.686848,stddev=8.900766,min=3.393056,max=15.980640,sum=19.373695[0m
[96m<[process 1]>[internode_comm] n=2,avg=40.200066,stddev=18.634357,min=27.023584,max=53.376545,sum=80.400131[0m
[96m<[process 1]>[intranode_comm] n=2,avg=4.757920,stddev=5.125381,min=1.133728,max=8.382112,sum=9.515840[0m
[96m<[process 1]>[comp_time] n=2,avg=0.002528,stddev=0.000317,min=0.002304,max=0.002752,sum=0.005056[0m
[96m<[process 1]>[A_conversion] n=2,avg=10.670832,stddev=11.058448,min=2.851328,max=18.490335,sum=21.341663[0m
[96m<[process 0]>[internode_comm] n=2,avg=28.831007,stddev=13.245275,min=19.465183,max=38.196831,sum=57.662014[0m
[96m<[process 0]>[intranode_comm] n=2,avg=27.017759,stddev=37.308083,min=0.636960,max=53.398560,sum=54.035519[0m
[96m<[process 0]>[comp_time] n=2,avg=0.002560,stddev=0.000317,min=0.002336,max=0.002784,sum=0.005120[0m
[96m<[process 0]>[A_conversion] n=2,avg=3.447984,stddev=1.285622,min=2.538912,max=4.357056,sum=6.895968[0m
NNZ C: 0
[96m<Timer>[spgemm] 23.381315 ms[0m
STARTING spgemm round: 5
Iteration 0
[96m<[process 3]>[internode_comm] n=2,avg=15.681984,stddev=3.361756,min=13.304864,max=18.059105,sum=31.363968[0m
[96m<[process 3]>[intranode_comm] n=2,avg=0.966624,stddev=0.038421,min=0.939456,max=0.993792,sum=1.933248[0m
[96m<[process 3]>[comp_time] n=2,avg=0.002960,stddev=0.000249,min=0.002784,max=0.003136,sum=0.005920[0m
[96m<[process 3]>[A_conversion] n=2,avg=3.541040,stddev=0.174480,min=3.417664,max=3.664416,sum=7.082080[0m
Iteration 1
[96m<[process 2]>[internode_comm] n=2,avg=31.298336,stddev=7.363413,min=26.091616,max=36.505054,sum=62.596672[0m
[96m<[process 2]>[intranode_comm] n=2,avg=5.011712,stddev=5.632462,min=1.028960,max=8.994464,sum=10.023424[0m
[96m<[process 2]>[comp_time] n=2,avg=0.002576,stddev=0.000294,min=0.002368,max=0.002784,sum=0.005152[0m
[96m<[process 2]>[A_conversion] n=2,avg=6.822464,stddev=4.869013,min=3.379552,max=10.265376,sum=13.644928[0m
[96m<[process 1]>[internode_comm] n=2,avg=36.465103,stddev=22.685637,min=20.423937,max=52.506271,sum=72.930206[0m
[96m<[process 1]>[intranode_comm] n=2,avg=4.732608,stddev=5.291739,min=0.990784,max=8.474432,sum=9.465216[0m
[96m<[process 1]>[comp_time] n=2,avg=0.002752,stddev=0.000000,min=0.002752,max=0.002752,sum=0.005504[0m
[96m<[process 1]>[A_conversion] n=2,avg=7.991248,stddev=7.364296,min=2.783904,max=13.198592,sum=15.982496[0m
[96m<[process 0]>[internode_comm] n=2,avg=29.507233,stddev=12.892966,min=20.390528,max=38.623936,sum=59.014465[0m
[96m<[process 0]>[intranode_comm] n=2,avg=19.406576,stddev=26.540535,min=0.639584,max=38.173569,sum=38.813152[0m
[96m<[process 0]>[comp_time] n=2,avg=0.002560,stddev=0.000317,min=0.002336,max=0.002784,sum=0.005120[0m
[96m<[process 0]>[A_conversion] n=2,avg=9.158256,stddev=9.616539,min=2.358336,max=15.958176,sum=18.316511[0m
NNZ C: 0
[96m<Timer>[spgemm] 24.187605 ms[0m
STARTING spgemm round: 6
Iteration 0
Iteration 1
[96m<[process 3]>[internode_comm] n=2,avg=20.559551,stddev=10.521206,min=13.119936,max=27.999168,sum=41.119102[0m
[96m<[process 3]>[intranode_comm] n=2,avg=0.813344,stddev=0.121826,min=0.727200,max=0.899488,sum=1.626688[0m
[96m<[process 3]>[comp_time] n=2,avg=0.002752,stddev=0.000000,min=0.002752,max=0.002752,sum=0.005504[0m
[96m<[process 3]>[A_conversion] n=2,avg=4.325984,stddev=0.847216,min=3.726912,max=4.925056,sum=8.651968[0m
[96m<[process 0]>[internode_comm] n=2,avg=19.025471,stddev=0.465672,min=18.696192,max=19.354752,sum=38.050941[0m
[96m<[process 0]>[intranode_comm] n=2,avg=15.039329,stddev=19.900452,min=0.967584,max=29.111073,sum=30.078657[0m
[96m<[process 0]>[comp_time] n=2,avg=0.002784,stddev=0.000000,min=0.002784,max=0.002784,sum=0.005568[0m
[96m<[process 0]>[A_conversion] n=2,avg=3.422096,stddev=1.676036,min=2.236960,max=4.607232,sum=6.844192[0m
[96m<[process 2]>[internode_comm] n=2,avg=32.518799,stddev=3.149895,min=30.291489,max=34.746113,sum=65.037598[0m
[96m<[process 2]>[intranode_comm] n=2,avg=1.006192,stddev=0.023238,min=0.989760,max=1.022624,sum=2.012384[0m
[96m<[process 2]>[comp_time] n=2,avg=0.002816,stddev=0.000000,min=0.002816,max=0.002816,sum=0.005632[0m
[96m<[process 2]>[A_conversion] n=2,avg=7.602304,stddev=5.747590,min=3.538144,max=11.666464,sum=15.204608[0m
[96m<[process 1]>[internode_comm] n=2,avg=50.482864,stddev=29.220936,min=29.820543,max=71.145187,sum=100.965729[0m
[96m<[process 1]>[intranode_comm] n=2,avg=1.311856,stddev=0.055052,min=1.272928,max=1.350784,sum=2.623712[0m
[96m<[process 1]>[comp_time] n=2,avg=0.002768,stddev=0.000023,min=0.002752,max=0.002784,sum=0.005536[0m
[96m<[process 1]>[A_conversion] n=2,avg=3.438368,stddev=1.380408,min=2.462272,max=4.414464,sum=6.876736[0m
NNZ C: 0
[96m<Timer>[spgemm] 37.537704 ms[0m
STARTING spgemm round: 7
Iteration 0
Iteration 1
[96m<[process 3]>[internode_comm] n=2,avg=16.601824,stddev=4.886391,min=13.146624,max=20.057024,sum=33.203648[0m
[96m<[process 3]>[intranode_comm] n=2,avg=1.302320,stddev=0.181992,min=1.173632,max=1.431008,sum=2.604640[0m
[96m<[process 3]>[comp_time] n=2,avg=0.002752,stddev=0.000000,min=0.002752,max=0.002752,sum=0.005504[0m
[96m<[process 3]>[A_conversion] n=2,avg=3.313712,stddev=0.416503,min=3.019200,max=3.608224,sum=6.627424[0m
[96m<[process 1]>[internode_comm] n=2,avg=42.046303,stddev=17.765644,min=29.484097,max=54.608513,sum=84.092606[0m
[96m<[process 1]>[intranode_comm] n=2,avg=0.928640,stddev=0.410733,min=0.638208,max=1.219072,sum=1.857280[0m
[96m<[process 1]>[comp_time] n=2,avg=0.002768,stddev=0.000023,min=0.002752,max=0.002784,sum=0.005536[0m
[96m<[process 1]>[A_conversion] n=2,avg=3.388672,stddev=0.907179,min=2.747200,max=4.030144,sum=6.777344[0m
[96m<[process 0]>[internode_comm] n=2,avg=26.914751,stddev=15.937348,min=15.645344,max=38.184158,sum=53.829502[0m
[96m<[process 0]>[intranode_comm] n=2,avg=1.008480,stddev=0.533283,min=0.631392,max=1.385568,sum=2.016960[0m
[96m<[process 0]>[comp_time] n=2,avg=0.003472,stddev=0.000973,min=0.002784,max=0.004160,sum=0.006944[0m
[96m<[process 0]>[A_conversion] n=2,avg=3.537424,stddev=1.675673,min=2.352544,max=4.722304,sum=7.074848[0m
[96m<[process 2]>[internode_comm] n=2,avg=40.883102,stddev=4.027906,min=38.034943,max=43.731262,sum=81.766205[0m
[96m<[process 2]>[intranode_comm] n=2,avg=1.333696,stddev=0.359052,min=1.079808,max=1.587584,sum=2.667392[0m
[96m<[process 2]>[comp_time] n=2,avg=0.002832,stddev=0.000023,min=0.002816,max=0.002848,sum=0.005664[0m
[96m<[process 2]>[A_conversion] n=2,avg=3.134192,stddev=0.223174,min=2.976384,max=3.292000,sum=6.268384[0m
NNZ C: 0
[96m<Timer>[spgemm] 61.338039 ms[0m
STARTING spgemm round: 8
Iteration 0
Iteration 1
[96m<[process 3]>[internode_comm] n=2,avg=9.032240,stddev=5.804045,min=4.928160,max=13.136320,sum=18.064480[0m
[96m<[process 3]>[intranode_comm] n=2,avg=0.900720,stddev=0.242091,min=0.729536,max=1.071904,sum=1.801440[0m
[96m<[process 3]>[comp_time] n=2,avg=0.002768,stddev=0.000023,min=0.002752,max=0.002784,sum=0.005536[0m
[96m<[process 3]>[A_conversion] n=2,avg=3.997856,stddev=0.402316,min=3.713376,max=4.282336,sum=7.995712[0m
[96m<[process 2]>[internode_comm] n=2,avg=30.445137,stddev=8.932376,min=24.128992,max=36.761280,sum=60.890274[0m
[96m<[process 2]>[intranode_comm] n=2,avg=0.835840,stddev=0.223604,min=0.677728,max=0.993952,sum=1.671680[0m
[96m<[process 2]>[comp_time] n=2,avg=0.002848,stddev=0.000045,min=0.002816,max=0.002880,sum=0.005696[0m
[96m<[process 2]>[A_conversion] n=2,avg=11.073775,stddev=11.521496,min=2.926848,max=19.220703,sum=22.147551[0m
[96m<[process 1]>[internode_comm] n=2,avg=35.549007,stddev=12.208101,min=26.916576,max=44.181438,sum=71.098015[0m
[96m<[process 1]>[intranode_comm] n=2,avg=1.293376,stddev=0.507216,min=0.934720,max=1.652032,sum=2.586752[0m
[96m<[process 1]>[comp_time] n=2,avg=0.002752,stddev=0.000000,min=0.002752,max=0.002752,sum=0.005504[0m
[96m<[process 1]>[A_conversion] n=2,avg=3.673632,stddev=0.708238,min=3.172832,max=4.174432,sum=7.347264[0m
[96m<[process 0]>[internode_comm] n=2,avg=28.301952,stddev=13.997457,min=18.404257,max=38.199650,sum=56.603905[0m
[96m<[process 0]>[intranode_comm] n=2,avg=13.614863,stddev=18.285011,min=0.685408,max=26.544319,sum=27.229727[0m
[96m<[process 0]>[comp_time] n=2,avg=0.002912,stddev=0.000181,min=0.002784,max=0.003040,sum=0.005824[0m
[96m<[process 0]>[A_conversion] n=2,avg=3.382656,stddev=1.313703,min=2.453728,max=4.311584,sum=6.765312[0m
NNZ C: 0
[96m<Timer>[spgemm] 36.630260 ms[0m
STARTING spgemm round: 9
Iteration 0
Iteration 1
[96m<[process 3]>[internode_comm] n=2,avg=6.839600,stddev=8.883727,min=0.557856,max=13.121344,sum=13.679199[0m
[96m<[process 3]>[intranode_comm] n=2,avg=2.089616,stddev=1.931725,min=0.723680,max=3.455552,sum=4.179232[0m
[96m<[process 3]>[comp_time] n=2,avg=0.002880,stddev=0.000181,min=0.002752,max=0.003008,sum=0.005760[0m
[96m<[process 3]>[A_conversion] n=2,avg=3.233648,stddev=0.400211,min=2.950656,max=3.516640,sum=6.467296[0m
[96m<[process 0]>[internode_comm] n=2,avg=28.773424,stddev=13.404686,min=19.294880,max=38.251968,sum=57.546848[0m
[96m<[process 0]>[intranode_comm] n=2,avg=26.366337,stddev=35.862736,min=1.007552,max=51.725121,sum=52.732674[0m
[96m<[process 0]>[comp_time] n=2,avg=0.002576,stddev=0.000339,min=0.002336,max=0.002816,sum=0.005152[0m
[96m<[process 0]>[A_conversion] n=2,avg=3.552544,stddev=1.126031,min=2.756320,max=4.348768,sum=7.105088[0m
[96m<[process 2]>[internode_comm] n=2,avg=35.796001,stddev=11.887134,min=27.390528,max=44.201473,sum=71.592003[0m
[96m<[process 2]>[intranode_comm] n=2,avg=5.283936,stddev=6.283950,min=0.840512,max=9.727360,sum=10.567872[0m
[96m<[process 2]>[comp_time] n=2,avg=0.002576,stddev=0.000339,min=0.002336,max=0.002816,sum=0.005152[0m
[96m<[process 2]>[A_conversion] n=2,avg=7.466944,stddev=5.816649,min=3.353952,max=11.579936,sum=14.933887[0m
[96m<[process 1]>[internode_comm] n=2,avg=30.188288,stddev=4.090041,min=27.296192,max=33.080383,sum=60.376575[0m
[96m<[process 1]>[intranode_comm] n=2,avg=5.510032,stddev=6.456122,min=0.944864,max=10.075200,sum=11.020064[0m
[96m<[process 1]>[comp_time] n=2,avg=0.002528,stddev=0.000317,min=0.002304,max=0.002752,sum=0.005056[0m
[96m<[process 1]>[A_conversion] n=2,avg=7.931168,stddev=4.631742,min=4.656032,max=11.206304,sum=15.862335[0m
NNZ C: 0
[96m<Timer>[spgemm] 81.050514 ms[0m
