[36m----Running HnS-SpGEMM----[0m
A matrix file path: /global/cfs/cdirs/m4646/hnsspgemm/datasets/known_squaring_nnz/Dziekonski/dielFilterV3real/dielFilterV3real.bmtx
B matrix file path: /global/cfs/cdirs/m4646/hnsspgemm/datasets/known_squaring_nnz/Dziekonski/dielFilterV3real/dielFilterV3real.bmtx
Number of processes per row: 2
Number of processes per col: 2
Number of processes per node: 1
Chosen implementation: get(main use MPI_Put)
A stored in CSC format: 0
Spcomm enabled: 0 (It require --Acsc)
         col 0          col 1          
       ------------------- ------------------- 
row 0  | Node0 [0  ]     | Node0 [1  ]     |
       ------------------- ------------------- 
row 1  | Node0 [2  ]     | Node0 [3  ]     |
       ------------------- ------------------- 
Beginning conversion
Done conversion
[96m<Timer>[spacomm] 0.000190 ms[0m
Beginning spgemm -- implementation: get
STARTING spgemm round: 0
[96m<[process 0]>[internode_comm] 46.417408 ms[0m
[96m<[process 0]>[intranode_comm] 8.559360 ms[0m
[96m<[process 0]>[comp_time] 202.160675 ms[0m
[96m<[process 2]>[internode_comm] 2164.666016 ms[0m
[96m<[process 2]>[intranode_comm] 6.541376 ms[0m
[96m<[process 2]>[comp_time] 67.396126 ms[0m
[96m<[process 1]>[internode_comm] 2184.974609 ms[0m
[96m<[process 1]>[intranode_comm] 6.579680 ms[0m
[96m<[process 1]>[comp_time] 100.163712 ms[0m
[96m<[process 3]>[internode_comm] 4034.501709 ms[0m
[96m<[process 3]>[intranode_comm] 5.850528 ms[0m
[96m<[process 3]>[comp_time] 116.921822 ms[0m
[96m<[process 0]>[internode_comm] n=2,avg=1897.623901,stddev=2618.001221,min=46.417408,max=3748.830322,sum=3795.247803[0m
[96m<[process 0]>[intranode_comm] n=2,avg=6.293920,stddev=3.203816,min=4.028480,max=8.559360,sum=12.587839[0m
[96m<[process 0]>[comp_time] n=2,avg=356.259399,stddev=217.928482,min=202.160675,max=510.358093,sum=712.518799[0m
[96m<[process 2]>[internode_comm] n=2,avg=2261.750488,stddev=137.298004,min=2164.666016,max=2358.834717,sum=4523.500977[0m
[96m<[process 2]>[intranode_comm] n=2,avg=3.767328,stddev=3.923096,min=0.993280,max=6.541376,sum=7.534656[0m
[96m<[process 2]>[comp_time] n=2,avg=249.376099,stddev=257.358551,min=67.396126,max=431.356079,sum=498.752197[0m
[96m<[process 3]>[internode_comm] n=2,avg=2118.375977,stddev=2709.811035,min=202.250244,max=4034.501709,sum=4236.751953[0m
[96m<[process 3]>[intranode_comm] n=2,avg=4.452080,stddev=1.977704,min=3.053632,max=5.850528,sum=8.904160[0m
[96m<[process 3]>[comp_time] n=2,avg=397.340790,stddev=396.572327,min=116.921822,max=677.759766,sum=794.681580[0m
[96m<[process 1]>[internode_comm] n=2,avg=2269.312744,stddev=119.272133,min=2184.974609,max=2353.650879,sum=4538.625488[0m
[96m<[process 1]>[intranode_comm] n=2,avg=4.580128,stddev=2.827794,min=2.580576,max=6.579680,sum=9.160255[0m
[96m<[process 1]>[comp_time] n=2,avg=285.598511,stddev=262.244385,min=100.163712,max=471.033295,sum=571.197021[0m
NNZ C: 688649400
[96m<Timer>[spgemm] 5120.745605 ms[0m
STARTING spgemm round: 1
[96m<[process 0]>[internode_comm] 45.865856 ms[0m
[96m<[process 0]>[intranode_comm] 1.019552 ms[0m
[96m<[process 0]>[comp_time] 190.796219 ms[0m
[96m<[process 2]>[internode_comm] 2138.725098 ms[0m
[96m<[process 2]>[intranode_comm] 0.813536 ms[0m
[96m<[process 2]>[comp_time] 62.797314 ms[0m
[96m<[process 1]>[internode_comm] 2157.560303 ms[0m
[96m<[process 1]>[intranode_comm] 0.895200 ms[0m
[96m<[process 1]>[comp_time] 95.933952 ms[0m
[96m<[process 3]>[internode_comm] 3972.561035 ms[0m
[96m<[process 3]>[intranode_comm] 0.786496 ms[0m
[96m<[process 3]>[comp_time] 107.495262 ms[0m
[96m<[process 0]>[internode_comm] n=2,avg=1876.950562,stddev=2589.544678,min=45.865856,max=3708.035156,sum=3753.901123[0m
[96m<[process 0]>[intranode_comm] n=2,avg=2.561888,stddev=2.181193,min=1.019552,max=4.104224,sum=5.123776[0m
[96m<[process 0]>[comp_time] n=2,avg=347.575653,stddev=221.719604,min=190.796219,max=504.355103,sum=695.151306[0m
[96m<[process 3]>[internode_comm] n=2,avg=2087.905762,stddev=2665.305176,min=203.250366,max=3972.561035,sum=4175.811523[0m
[96m<[process 3]>[intranode_comm] n=2,avg=1.938224,stddev=1.628789,min=0.786496,max=3.089952,sum=3.876448[0m
[96m<[process 3]>[comp_time] n=2,avg=389.472229,stddev=398.775665,min=107.495262,max=671.449219,sum=778.944458[0m
[96m<[process 2]>[internode_comm] n=2,avg=2233.639160,stddev=134.228928,min=2138.725098,max=2328.553467,sum=4467.278320[0m
[96m<[process 2]>[intranode_comm] n=2,avg=0.895184,stddev=0.115468,min=0.813536,max=0.976832,sum=1.790368[0m
[96m<[process 2]>[comp_time] n=2,avg=248.231201,stddev=262.243134,min=62.797314,max=433.665100,sum=496.462402[0m
[96m<[process 1]>[internode_comm] n=2,avg=2240.984619,stddev=117.979797,min=2157.560303,max=2324.408936,sum=4481.969238[0m
[96m<[process 1]>[intranode_comm] n=2,avg=4.029648,stddev=4.432779,min=0.895200,max=7.164096,sum=8.059296[0m
[96m<[process 1]>[comp_time] n=2,avg=278.545654,stddev=258.251953,min=95.933952,max=461.157379,sum=557.091309[0m
NNZ C: 688649400
[96m<Timer>[spgemm] 5048.891113 ms[0m
STARTING spgemm round: 2
[96m<[process 0]>[internode_comm] 45.889313 ms[0m
[96m<[process 0]>[intranode_comm] 1.022624 ms[0m
[96m<[process 0]>[comp_time] 192.555420 ms[0m
[96m<[process 2]>[internode_comm] 2146.932617 ms[0m
[96m<[process 2]>[intranode_comm] 3.720256 ms[0m
[96m<[process 2]>[comp_time] 71.692543 ms[0m
[96m<[process 1]>[internode_comm] 2166.322021 ms[0m
[96m<[process 1]>[intranode_comm] 0.929280 ms[0m
[96m<[process 1]>[comp_time] 95.821632 ms[0m
[96m<[process 3]>[internode_comm] 4001.875488 ms[0m
[96m<[process 3]>[intranode_comm] 0.808224 ms[0m
[96m<[process 3]>[comp_time] 109.170494 ms[0m
[96m<[process 0]>[internode_comm] n=2,avg=1888.398438,stddev=2605.701416,min=45.889313,max=3730.907471,sum=3776.796875[0m
[96m<[process 0]>[intranode_comm] n=2,avg=2.606496,stddev=2.239933,min=1.022624,max=4.190368,sum=5.212992[0m
[96m<[process 0]>[comp_time] n=2,avg=356.847290,stddev=232.343796,min=192.555420,max=521.139160,sum=713.694580[0m
[96m<[process 3]>[internode_comm] n=2,avg=2102.057129,stddev=2686.749023,min=202.238617,max=4001.875488,sum=4204.114258[0m
[96m<[process 3]>[intranode_comm] n=2,avg=1.955040,stddev=1.621843,min=0.808224,max=3.101856,sum=3.910080[0m
[96m<[process 3]>[comp_time] n=2,avg=390.903290,stddev=398.430359,min=109.170494,max=672.636108,sum=781.806580[0m
[96m<[process 2]>[internode_comm] n=2,avg=2248.521973,stddev=143.669220,min=2146.932617,max=2350.111572,sum=4497.043945[0m
[96m<[process 2]>[intranode_comm] n=2,avg=4.342864,stddev=0.880501,min=3.720256,max=4.965472,sum=8.685728[0m
[96m<[process 2]>[comp_time] n=2,avg=252.299377,stddev=255.416641,min=71.692543,max=432.906219,sum=504.598755[0m
[96m<[process 1]>[internode_comm] n=2,avg=2262.102051,stddev=135.453247,min=2166.322021,max=2357.881836,sum=4524.204102[0m
[96m<[process 1]>[intranode_comm] n=2,avg=2.850480,stddev=2.716987,min=0.929280,max=4.771680,sum=5.700960[0m
[96m<[process 1]>[comp_time] n=2,avg=283.449127,stddev=265.345367,min=95.821632,max=471.076630,sum=566.898254[0m
NNZ C: 688649400
[96m<Timer>[spgemm] 5098.229492 ms[0m
STARTING spgemm round: 3
[96m<[process 0]>[internode_comm] 46.006977 ms[0m
[96m<[process 0]>[intranode_comm] 4.222176 ms[0m
[96m<[process 0]>[comp_time] 191.702713 ms[0m
[96m<[process 2]>[internode_comm] 2134.948975 ms[0m
[96m<[process 2]>[intranode_comm] 0.947808 ms[0m
[96m<[process 2]>[comp_time] 63.040512 ms[0m
[96m<[process 1]>[internode_comm] 2154.919678 ms[0m
[96m<[process 1]>[intranode_comm] 1.132704 ms[0m
[96m<[process 1]>[comp_time] 95.728157 ms[0m
[96m<[process 3]>[internode_comm] 3997.315430 ms[0m
[96m<[process 3]>[intranode_comm] 0.805120 ms[0m
[96m<[process 3]>[comp_time] 113.614174 ms[0m
[96m<[process 0]>[internode_comm] n=2,avg=1879.293579,stddev=2592.658691,min=46.006977,max=3712.580078,sum=3758.587158[0m
[96m<[process 0]>[intranode_comm] n=2,avg=4.160368,stddev=0.087410,min=4.098560,max=4.222176,sum=8.320736[0m
[96m<[process 0]>[comp_time] n=2,avg=353.233337,stddev=228.438812,min=191.702713,max=514.763977,sum=706.466675[0m
[96m<[process 2]>[internode_comm] n=2,avg=2242.765625,stddev=152.475937,min=2134.948975,max=2350.582520,sum=4485.531250[0m
[96m<[process 2]>[intranode_comm] n=2,avg=0.995456,stddev=0.067384,min=0.947808,max=1.043104,sum=1.990912[0m
[96m<[process 2]>[comp_time] n=2,avg=252.817871,stddev=268.385712,min=63.040512,max=442.595215,sum=505.635742[0m
[96m<[process 3]>[internode_comm] n=2,avg=2099.740723,stddev=2683.575684,min=202.166245,max=3997.315430,sum=4199.481445[0m
[96m<[process 3]>[intranode_comm] n=2,avg=1.941728,stddev=1.607406,min=0.805120,max=3.078336,sum=3.883456[0m
[96m<[process 3]>[comp_time] n=2,avg=395.408234,stddev=398.516968,min=113.614174,max=677.202271,sum=790.816467[0m
[96m<[process 1]>[internode_comm] n=2,avg=2250.683838,stddev=135.430969,min=2154.919678,max=2346.447998,sum=4501.367676[0m
[96m<[process 1]>[intranode_comm] n=2,avg=1.891712,stddev=1.073399,min=1.132704,max=2.650720,sum=3.783424[0m
[96m<[process 1]>[comp_time] n=2,avg=284.156891,stddev=266.478485,min=95.728157,max=472.585632,sum=568.313782[0m
NNZ C: 688649400
[96m<Timer>[spgemm] 5075.170410 ms[0m
STARTING spgemm round: 4
[96m<[process 0]>[internode_comm] 46.148479 ms[0m
[96m<[process 0]>[intranode_comm] 1.020864 ms[0m
[96m<[process 0]>[comp_time] 190.778397 ms[0m
[96m<[process 2]>[internode_comm] 2132.177490 ms[0m
[96m<[process 2]>[intranode_comm] 0.797536 ms[0m
[96m<[process 2]>[comp_time] 62.830208 ms[0m
[96m<[process 1]>[internode_comm] 2151.143799 ms[0m
[96m<[process 1]>[intranode_comm] 0.911936 ms[0m
[96m<[process 1]>[comp_time] 123.627235 ms[0m
[96m<[process 3]>[internode_comm] 4007.061523 ms[0m
[96m<[process 3]>[intranode_comm] 1.089856 ms[0m
[96m<[process 3]>[comp_time] 107.607872 ms[0m
[96m<[process 0]>[internode_comm] n=2,avg=1880.963013,stddev=2594.819580,min=46.148479,max=3715.777588,sum=3761.926025[0m
[96m<[process 0]>[intranode_comm] n=2,avg=2.638864,stddev=2.288198,min=1.020864,max=4.256864,sum=5.277728[0m
[96m<[process 0]>[comp_time] n=2,avg=346.869141,stddev=220.745636,min=190.778397,max=502.959869,sum=693.738281[0m
[96m<[process 2]>[internode_comm] n=2,avg=2237.531738,stddev=148.993240,min=2132.177490,max=2342.885742,sum=4475.063477[0m
[96m<[process 2]>[intranode_comm] n=2,avg=0.875648,stddev=0.110467,min=0.797536,max=0.953760,sum=1.751296[0m
[96m<[process 2]>[comp_time] n=2,avg=253.453278,stddev=269.581726,min=62.830208,max=444.076355,sum=506.906555[0m
[96m<[process 3]>[internode_comm] n=2,avg=2105.166748,stddev=2689.685303,min=203.272095,max=4007.061523,sum=4210.333496[0m
[96m<[process 3]>[intranode_comm] n=2,avg=2.108544,stddev=1.440642,min=1.089856,max=3.127232,sum=4.217088[0m
[96m<[process 3]>[comp_time] n=2,avg=390.109924,stddev=399.518250,min=107.607872,max=672.612000,sum=780.219849[0m
[96m<[process 1]>[internode_comm] n=2,avg=2226.786865,stddev=106.975449,min=2151.143799,max=2302.429932,sum=4453.573730[0m
[96m<[process 1]>[intranode_comm] n=2,avg=1.750416,stddev=1.185790,min=0.911936,max=2.588896,sum=3.500832[0m
[96m<[process 1]>[comp_time] n=2,avg=304.763947,stddev=256.166016,min=123.627235,max=485.900665,sum=609.527893[0m
NNZ C: 688649400
[96m<Timer>[spgemm] 5078.473633 ms[0m
STARTING spgemm round: 5
[96m<[process 0]>[internode_comm] 45.881920 ms[0m
[96m<[process 0]>[intranode_comm] 1.027552 ms[0m
[96m<[process 0]>[comp_time] 191.049316 ms[0m
[96m<[process 2]>[internode_comm] 2131.508301 ms[0m
[96m<[process 2]>[intranode_comm] 0.837632 ms[0m
[96m<[process 2]>[comp_time] 62.779713 ms[0m
[96m<[process 1]>[internode_comm] 2142.240967 ms[0m
[96m<[process 1]>[intranode_comm] 0.881696 ms[0m
[96m<[process 1]>[comp_time] 95.770142 ms[0m
[96m<[process 3]>[internode_comm] 3963.648438 ms[0m
[96m<[process 3]>[intranode_comm] 0.808768 ms[0m
[96m<[process 3]>[comp_time] 107.883583 ms[0m
[96m<[process 0]>[internode_comm] n=2,avg=1883.523560,stddev=2598.817871,min=45.881920,max=3721.165283,sum=3767.047119[0m
[96m<[process 0]>[intranode_comm] n=2,avg=2.633088,stddev=2.270571,min=1.027552,max=4.238624,sum=5.266176[0m
[96m<[process 0]>[comp_time] n=2,avg=348.607269,stddev=222.820587,min=191.049316,max=506.165222,sum=697.214539[0m
[96m<[process 3]>[internode_comm] n=2,avg=2083.402588,stddev=2659.069092,min=203.156921,max=3963.648438,sum=4166.805176[0m
[96m<[process 3]>[intranode_comm] n=2,avg=2.235136,stddev=2.017189,min=0.808768,max=3.661504,sum=4.470272[0m
[96m<[process 3]>[comp_time] n=2,avg=389.115509,stddev=397.721985,min=107.883583,max=670.347412,sum=778.231018[0m
[96m<[process 2]>[internode_comm] n=2,avg=2241.251465,stddev=155.200272,min=2131.508301,max=2350.994629,sum=4482.502930[0m
[96m<[process 2]>[intranode_comm] n=2,avg=0.985200,stddev=0.208693,min=0.837632,max=1.132768,sum=1.970400[0m
[96m<[process 2]>[comp_time] n=2,avg=257.068542,stddev=274.765900,min=62.779713,max=451.357361,sum=514.137085[0m
[96m<[process 1]>[internode_comm] n=2,avg=2248.950684,stddev=150.910324,min=2142.240967,max=2355.660400,sum=4497.901367[0m
[96m<[process 1]>[intranode_comm] n=2,avg=3.166528,stddev=3.231241,min=0.881696,max=5.451360,sum=6.333056[0m
[96m<[process 1]>[comp_time] n=2,avg=286.736938,stddev=270.067810,min=95.770142,max=477.703705,sum=573.473877[0m
NNZ C: 688649400
[96m<Timer>[spgemm] 5079.106445 ms[0m
STARTING spgemm round: 6
[96m<[process 0]>[internode_comm] 45.834591 ms[0m
[96m<[process 0]>[intranode_comm] 1.053408 ms[0m
[96m<[process 0]>[comp_time] 190.956924 ms[0m
[96m<[process 2]>[internode_comm] 2140.147461 ms[0m
[96m<[process 2]>[intranode_comm] 0.811040 ms[0m
[96m<[process 2]>[comp_time] 62.909695 ms[0m
[96m<[process 1]>[internode_comm] 2159.715820 ms[0m
[96m<[process 1]>[intranode_comm] 1.163808 ms[0m
[96m<[process 1]>[comp_time] 97.604385 ms[0m
[96m<[process 0]>[internode_comm] n=2,avg=965.649963,stddev=1300.815430,min=45.834591,max=1885.465332,sum=1931.299927[0m
[96m<[process 0]>[intranode_comm] n=2,avg=2.554704,stddev=2.123153,min=1.053408,max=4.056000,sum=5.109408[0m
[96m<[process 0]>[comp_time] n=2,avg=349.681793,stddev=224.470871,min=190.956924,max=508.406677,sum=699.363586[0m
[96m<[process 3]>[internode_comm] 3980.889893 ms[0m
[96m<[process 3]>[intranode_comm] 0.903008 ms[0m
[96m<[process 3]>[comp_time] 107.816513 ms[0m
[96m<[process 2]>[internode_comm] n=2,avg=1976.272461,stddev=231.754166,min=1812.397583,max=2140.147461,sum=3952.544922[0m
[96m<[process 2]>[intranode_comm] n=2,avg=1.078144,stddev=0.377742,min=0.811040,max=1.345248,sum=2.156288[0m
[96m<[process 2]>[comp_time] n=2,avg=245.807663,stddev=258.656769,min=62.909695,max=428.705627,sum=491.615326[0m
[96m<[process 1]>[internode_comm] n=2,avg=1983.058594,stddev=249.830963,min=1806.401489,max=2159.715820,sum=3966.117188[0m
[96m<[process 1]>[intranode_comm] n=2,avg=1.997248,stddev=1.178662,min=1.163808,max=2.830688,sum=3.994496[0m
[96m<[process 1]>[comp_time] n=2,avg=279.318817,stddev=256.983002,min=97.604385,max=461.033234,sum=558.637634[0m
[96m<[process 3]>[internode_comm] n=2,avg=2091.942139,stddev=2671.375488,min=202.994308,max=3980.889893,sum=4183.884277[0m
[96m<[process 3]>[intranode_comm] n=2,avg=1.998672,stddev=1.549503,min=0.903008,max=3.094336,sum=3.997344[0m
[96m<[process 3]>[comp_time] n=2,avg=390.414703,stddev=399.654175,min=107.816513,max=673.012878,sum=780.829407[0m
NNZ C: 688649400
[96m<Timer>[spgemm] 4970.095703 ms[0m
STARTING spgemm round: 7
[96m<[process 0]>[internode_comm] 47.335838 ms[0m
[96m<[process 0]>[intranode_comm] 1.054368 ms[0m
[96m<[process 0]>[comp_time] 190.827713 ms[0m
[96m<[process 2]>[internode_comm] 2165.648193 ms[0m
[96m<[process 2]>[intranode_comm] 0.836672 ms[0m
[96m<[process 2]>[comp_time] 62.752705 ms[0m
[96m<[process 1]>[internode_comm] 2186.102783 ms[0m
[96m<[process 1]>[intranode_comm] 0.997440 ms[0m
[96m<[process 1]>[comp_time] 95.841888 ms[0m
[96m<[process 3]>[internode_comm] 4042.249512 ms[0m
[96m<[process 3]>[intranode_comm] 1.848512 ms[0m
[96m<[process 3]>[comp_time] 108.018562 ms[0m
[96m<[process 0]>[internode_comm] n=2,avg=1923.771240,stddev=2653.680420,min=47.335838,max=3800.206543,sum=3847.542480[0m
[96m<[process 0]>[intranode_comm] n=2,avg=2.623856,stddev=2.219591,min=1.054368,max=4.193344,sum=5.247712[0m
[96m<[process 0]>[comp_time] n=2,avg=346.893707,stddev=220.710632,min=190.827713,max=502.959686,sum=693.787415[0m
[96m<[process 3]>[internode_comm] n=2,avg=2122.173096,stddev=2715.397949,min=202.096771,max=4042.249512,sum=4244.346191[0m
[96m<[process 3]>[intranode_comm] n=2,avg=2.568080,stddev=1.017623,min=1.848512,max=3.287648,sum=5.136160[0m
[96m<[process 3]>[comp_time] n=2,avg=391.158325,stddev=400.420105,min=108.018562,max=674.298096,sum=782.316650[0m
[96m<[process 2]>[internode_comm] n=2,avg=2280.371826,stddev=162.243713,min=2165.648193,max=2395.095459,sum=4560.743652[0m
[96m<[process 2]>[intranode_comm] n=2,avg=0.957184,stddev=0.170430,min=0.836672,max=1.077696,sum=1.914368[0m
[96m<[process 2]>[comp_time] n=2,avg=254.380295,stddev=271.002350,min=62.752705,max=446.007874,sum=508.760590[0m
[96m<[process 1]>[internode_comm] n=2,avg=2288.114746,stddev=144.266525,min=2186.102783,max=2390.126465,sum=4576.229492[0m
[96m<[process 1]>[intranode_comm] n=2,avg=1.771872,stddev=1.095212,min=0.997440,max=2.546304,sum=3.543744[0m
[96m<[process 1]>[comp_time] n=2,avg=281.062134,stddev=261.940979,min=95.841888,max=466.282379,sum=562.124268[0m
NNZ C: 688649400
[96m<Timer>[spgemm] 5143.315430 ms[0m
STARTING spgemm round: 8
[96m<[process 0]>[internode_comm] 45.982239 ms[0m
[96m<[process 0]>[intranode_comm] 1.019104 ms[0m
[96m<[process 0]>[comp_time] 191.009537 ms[0m
[96m<[process 2]>[internode_comm] 2171.713135 ms[0m
[96m<[process 2]>[intranode_comm] 0.844288 ms[0m
[96m<[process 2]>[comp_time] 63.713215 ms[0m
[96m<[process 1]>[internode_comm] 2192.480957 ms[0m
[96m<[process 1]>[intranode_comm] 1.060448 ms[0m
[96m<[process 1]>[comp_time] 95.858879 ms[0m
[96m<[process 3]>[internode_comm] 4043.992188 ms[0m
[96m<[process 3]>[intranode_comm] 0.818432 ms[0m
[96m<[process 3]>[comp_time] 107.466591 ms[0m
[96m<[process 0]>[internode_comm] n=2,avg=1905.880737,stddev=2630.293701,min=45.982239,max=3765.779297,sum=3811.761475[0m
[96m<[process 0]>[intranode_comm] n=2,avg=2.559200,stddev=2.178025,min=1.019104,max=4.099296,sum=5.118400[0m
[96m<[process 0]>[comp_time] n=2,avg=354.228699,stddev=230.826752,min=191.009537,max=517.447876,sum=708.457397[0m
[96m<[process 3]>[internode_comm] n=2,avg=2123.143555,stddev=2716.490234,min=202.294937,max=4043.992188,sum=4246.287109[0m
[96m<[process 3]>[intranode_comm] n=2,avg=2.033136,stddev=1.717851,min=0.818432,max=3.247840,sum=4.066272[0m
[96m<[process 3]>[comp_time] n=2,avg=389.998474,stddev=399.560394,min=107.466591,max=672.530334,sum=779.996948[0m
[96m<[process 2]>[internode_comm] n=2,avg=2272.511963,stddev=142.551071,min=2171.713135,max=2373.310791,sum=4545.023926[0m
[96m<[process 2]>[intranode_comm] n=2,avg=0.908224,stddev=0.090419,min=0.844288,max=0.972160,sum=1.816448[0m
[96m<[process 2]>[comp_time] n=2,avg=249.083481,stddev=262.153137,min=63.713215,max=434.453735,sum=498.166962[0m
[96m<[process 1]>[internode_comm] n=2,avg=2280.596680,stddev=124.614449,min=2192.480957,max=2368.712402,sum=4561.193359[0m
[96m<[process 1]>[intranode_comm] n=2,avg=1.890416,stddev=1.173752,min=1.060448,max=2.720384,sum=3.780832[0m
[96m<[process 1]>[comp_time] n=2,avg=281.460663,stddev=262.480560,min=95.858879,max=467.062439,sum=562.921326[0m
NNZ C: 688649400
[96m<Timer>[spgemm] 5129.314453 ms[0m
STARTING spgemm round: 9
[96m<[process 0]>[internode_comm] 45.880703 ms[0m
[96m<[process 0]>[intranode_comm] 1.020512 ms[0m
[96m<[process 0]>[comp_time] 196.258087 ms[0m
[96m<[process 2]>[internode_comm] 2150.430908 ms[0m
[96m<[process 2]>[intranode_comm] 0.811616 ms[0m
[96m<[process 2]>[comp_time] 62.876034 ms[0m
[96m<[process 1]>[internode_comm] 2168.919434 ms[0m
[96m<[process 1]>[intranode_comm] 0.878784 ms[0m
[96m<[process 1]>[comp_time] 95.864510 ms[0m
[96m<[process 3]>[internode_comm] 3983.617188 ms[0m
[96m<[process 3]>[intranode_comm] 0.896544 ms[0m
[96m<[process 3]>[comp_time] 109.602463 ms[0m
[96m<[process 0]>[internode_comm] n=2,avg=1888.408569,stddev=2605.728027,min=45.880703,max=3730.936523,sum=3776.817139[0m
[96m<[process 0]>[intranode_comm] n=2,avg=2.617744,stddev=2.258827,min=1.020512,max=4.214976,sum=5.235488[0m
[96m<[process 0]>[comp_time] n=2,avg=353.094299,stddev=221.799911,min=196.258087,max=509.930542,sum=706.188599[0m
[96m<[process 3]>[internode_comm] n=2,avg=2093.434570,stddev=2673.121582,min=203.252197,max=3983.617188,sum=4186.869141[0m
[96m<[process 3]>[intranode_comm] n=2,avg=1.994624,stddev=1.552920,min=0.896544,max=3.092704,sum=3.989248[0m
[96m<[process 3]>[comp_time] n=2,avg=398.716034,stddev=408.868317,min=109.602463,max=687.829590,sum=797.432068[0m
[96m<[process 2]>[internode_comm] n=2,avg=2251.723877,stddev=143.249893,min=2150.430908,max=2353.016846,sum=4503.447754[0m
[96m<[process 2]>[intranode_comm] n=2,avg=0.891552,stddev=0.113047,min=0.811616,max=0.971488,sum=1.783104[0m
[96m<[process 2]>[comp_time] n=2,avg=251.046921,stddev=266.113800,min=62.876034,max=439.217804,sum=502.093842[0m
[96m<[process 1]>[internode_comm] n=2,avg=2259.483643,stddev=128.077133,min=2168.919434,max=2350.047852,sum=4518.967285[0m
[96m<[process 1]>[intranode_comm] n=2,avg=3.279872,stddev=3.395652,min=0.878784,max=5.680960,sum=6.559744[0m
[96m<[process 1]>[comp_time] n=2,avg=286.910522,stddev=270.179871,min=95.864510,max=477.956543,sum=573.821045[0m
NNZ C: 688649400
[96m<Timer>[spgemm] 5100.779785 ms[0m
