[36m----Running HnS-SpGEMM----[0m
A matrix file path: /global/cfs/cdirs/m4646/hnsspgemm/datasets/known_squaring_nnz/Dziekonski/dielFilterV3real/dielFilterV3real.bmtx
B matrix file path: /global/cfs/cdirs/m4646/hnsspgemm/datasets/known_squaring_nnz/Dziekonski/dielFilterV3real/dielFilterV3real.bmtx
Number of processes per row: 4
Number of processes per col: 4
Number of processes per node: 1
Chosen implementation: main(main use MPI_Put)
A stored in CSC format: 0
Spcomm enabled: 0 (It require --Acsc)
         col 0          col 1          col 2          col 3          
       ------------------- ------------------- ------------------- ------------------- 
row 0  | Node0 [0  ]     | Node0 [1  ]     | Node0 [2  ]     | Node0 [3  ]     |
       ------------------- ------------------- ------------------- ------------------- 
row 1  | Node0 [4  ]     | Node0 [5  ]     | Node0 [6  ]     | Node0 [7  ]     |
       ------------------- ------------------- ------------------- ------------------- 
row 2  | Node0 [8  ]     | Node0 [9  ]     | Node0 [10 ]     | Node0 [11 ]     |
       ------------------- ------------------- ------------------- ------------------- 
row 3  | Node0 [12 ]     | Node0 [13 ]     | Node0 [14 ]     | Node0 [15 ]     |
       ------------------- ------------------- ------------------- ------------------- 
Beginning conversion
Done conversion
[96m<Timer>[spacomm] 0.000180 ms[0m
Beginning spgemm -- implementation: main
STARTING spgemm round: 0
Iteration 0
Iteration 1
Iteration 2
[96m<[process 2]>[internode_comm] n=4,avg=10.458992,stddev=6.857653,min=0.273152,max=14.589376,sum=41.835968[0m
[96m<[process 2]>[intranode_comm] n=4,avg=8.413631,stddev=10.272038,min=0.404160,max=22.115295,sum=33.654526[0m
[96m<[process 2]>[comp_time] n=4,avg=0.002360,stddev=0.000016,min=0.002336,max=0.002368,sum=0.009440[0m
[96m<[process 2]>[A_conversion] n=4,avg=0.020536,stddev=0.002569,min=0.018176,max=0.024192,sum=0.082144[0m
[96m<[process 7]>[internode_comm] n=4,avg=9.213256,stddev=7.420219,min=2.478912,max=19.762815,sum=36.853024[0m
[96m<[process 7]>[intranode_comm] n=4,avg=12.293127,stddev=8.278295,min=0.467616,max=19.806463,sum=49.172508[0m
[96m<[process 7]>[comp_time] n=4,avg=0.002376,stddev=0.000124,min=0.002304,max=0.002560,sum=0.009504[0m
[96m<[process 7]>[A_conversion] n=4,avg=0.019712,stddev=0.015781,min=0.002304,max=0.040576,sum=0.078848[0m
[96m<[process 9]>[internode_comm] n=4,avg=8.290704,stddev=3.541809,min=4.258080,max=11.614592,sum=33.162815[0m
[96m<[process 9]>[intranode_comm] n=4,avg=13.999231,stddev=9.225880,min=0.609696,max=21.192480,sum=55.996925[0m
[96m<[process 9]>[comp_time] n=4,avg=0.002856,stddev=0.001061,min=0.002304,max=0.004448,sum=0.011424[0m
[96m<[process 9]>[A_conversion] n=4,avg=0.015032,stddev=0.008683,min=0.002464,max=0.022272,sum=0.060128[0m
[96m<[process 13]>[internode_comm] n=4,avg=6.648192,stddev=3.433975,min=4.575744,max=11.782912,sum=26.592770[0m
[96m<[process 13]>[intranode_comm] n=4,avg=13.994569,stddev=9.395182,min=1.760672,max=23.297024,sum=55.978275[0m
[96m<[process 13]>[comp_time] n=4,avg=0.002328,stddev=0.000031,min=0.002304,max=0.002368,sum=0.009312[0m
[96m<[process 13]>[A_conversion] n=4,avg=0.021696,stddev=0.015962,min=0.003264,max=0.042240,sum=0.086784[0m
[96m<[process 3]>[internode_comm] n=4,avg=11.323456,stddev=1.145836,min=9.815840,max=12.348768,sum=45.293823[0m
[96m<[process 3]>[intranode_comm] n=4,avg=12.388232,stddev=10.318035,min=0.527712,max=24.303167,sum=49.552929[0m
[96m<[process 3]>[comp_time] n=4,avg=0.002352,stddev=0.000055,min=0.002304,max=0.002432,sum=0.009408[0m
[96m<[process 3]>[A_conversion] n=4,avg=0.015296,stddev=0.008583,min=0.002528,max=0.020832,sum=0.061184[0m
[96m<[process 11]>[internode_comm] n=4,avg=12.149344,stddev=5.960670,min=5.424352,max=18.197281,sum=48.597378[0m
[96m<[process 11]>[intranode_comm] n=4,avg=12.542872,stddev=10.475352,min=0.485344,max=23.677601,sum=50.171490[0m
[96m<[process 11]>[comp_time] n=4,avg=0.002472,stddev=0.000193,min=0.002304,max=0.002720,sum=0.009888[0m
[96m<[process 11]>[A_conversion] n=4,avg=0.015224,stddev=0.009169,min=0.002304,max=0.023968,sum=0.060896[0m
[96m<[process 10]>[internode_comm] n=4,avg=7.959688,stddev=4.681217,min=3.184768,max=14.389728,sum=31.838751[0m
[96m<[process 10]>[intranode_comm] n=4,avg=16.405857,stddev=18.405737,min=0.438016,max=32.750626,sum=65.623428[0m
[96m<[process 10]>[comp_time] n=4,avg=0.003152,stddev=0.001056,min=0.002368,max=0.004704,sum=0.012608[0m
[96m<[process 10]>[A_conversion] n=4,avg=0.016952,stddev=0.010921,min=0.002560,max=0.028960,sum=0.067808[0m
[96m<[process 8]>[internode_comm] n=4,avg=13.853432,stddev=4.869071,min=6.826496,max=17.212671,sum=55.413727[0m
[96m<[process 8]>[intranode_comm] n=4,avg=11.955735,stddev=7.949688,min=3.787712,max=22.826847,sum=47.822941[0m
[96m<[process 8]>[comp_time] n=4,avg=0.002360,stddev=0.000031,min=0.002336,max=0.002400,sum=0.009440[0m
[96m<[process 8]>[A_conversion] n=4,avg=0.025104,stddev=0.007781,min=0.017280,max=0.035392,sum=0.100416[0m
[96m<[process 1]>[internode_comm] n=4,avg=13.246977,stddev=8.807114,min=5.613376,max=25.607073,sum=52.987907[0m
[96m<[process 1]>[intranode_comm] n=4,avg=12.615072,stddev=13.666044,min=0.516960,max=32.018112,sum=50.460289[0m
[96m<[process 1]>[comp_time] n=4,avg=0.002368,stddev=0.000108,min=0.002304,max=0.002528,sum=0.009472[0m
[96m<[process 1]>[A_conversion] n=4,avg=0.015976,stddev=0.011165,min=0.002592,max=0.029504,sum=0.063904[0m
Iteration 3
[96m<[process 6]>[internode_comm] n=4,avg=18.605991,stddev=8.528111,min=7.690496,max=26.580704,sum=74.423965[0m
[96m<[process 6]>[intranode_comm] n=4,avg=11.696440,stddev=8.580124,min=0.576608,max=19.239584,sum=46.785759[0m
[96m<[process 6]>[comp_time] n=4,avg=0.002456,stddev=0.000219,min=0.002336,max=0.002784,sum=0.009824[0m
[96m<[process 6]>[A_conversion] n=4,avg=0.016664,stddev=0.009753,min=0.002336,max=0.024224,sum=0.066656[0m
[96m<[process 15]>[internode_comm] n=4,avg=6.165585,stddev=4.112671,min=0.934880,max=10.750816,sum=24.662338[0m
[96m<[process 15]>[intranode_comm] n=4,avg=16.051592,stddev=13.598333,min=7.279776,max=36.281185,sum=64.206367[0m
[96m<[process 15]>[comp_time] n=4,avg=0.002720,stddev=0.000283,min=0.002336,max=0.003008,sum=0.010880[0m
[96m<[process 15]>[A_conversion] n=4,avg=0.016696,stddev=0.018297,min=0.002336,max=0.041632,sum=0.066784[0m
[96m<[process 12]>[internode_comm] n=4,avg=10.958432,stddev=5.651395,min=3.490016,max=17.189377,sum=43.833729[0m
[96m<[process 12]>[intranode_comm] n=4,avg=17.150082,stddev=5.132142,min=12.119968,max=23.518560,sum=68.600327[0m
[96m<[process 12]>[comp_time] n=4,avg=0.002592,stddev=0.000280,min=0.002336,max=0.002944,sum=0.010368[0m
[96m<[process 12]>[A_conversion] n=4,avg=0.016080,stddev=0.007338,min=0.005504,max=0.022272,sum=0.064320[0m
[96m<[process 4]>[internode_comm] n=4,avg=16.948551,stddev=6.849271,min=7.431744,max=23.575712,sum=67.794205[0m
[96m<[process 4]>[intranode_comm] n=4,avg=20.150831,stddev=7.394515,min=12.197472,max=28.493471,sum=80.603325[0m
[96m<[process 4]>[comp_time] n=4,avg=0.002416,stddev=0.000076,min=0.002368,max=0.002528,sum=0.009664[0m
[96m<[process 4]>[A_conversion] n=4,avg=0.015640,stddev=0.009333,min=0.002368,max=0.023168,sum=0.062560[0m
[96m<[process 0]>[internode_comm] n=4,avg=16.376841,stddev=12.943083,min=1.556096,max=31.685921,sum=65.507362[0m
[96m<[process 0]>[intranode_comm] n=4,avg=17.594824,stddev=16.205288,min=3.376512,max=40.774754,sum=70.379295[0m
[96m<[process 0]>[comp_time] n=4,avg=0.002376,stddev=0.000061,min=0.002336,max=0.002464,sum=0.009504[0m
[96m<[process 0]>[A_conversion] n=4,avg=0.022616,stddev=0.013968,min=0.002368,max=0.031904,sum=0.090464[0m
[96m<[process 14]>[internode_comm] n=4,avg=16.082657,stddev=13.257674,min=2.556096,max=32.146786,sum=64.330627[0m
[96m<[process 14]>[intranode_comm] n=4,avg=13.600096,stddev=9.965528,min=3.544800,max=26.476448,sum=54.400383[0m
[96m<[process 14]>[comp_time] n=4,avg=0.002464,stddev=0.000214,min=0.002336,max=0.002784,sum=0.009856[0m
[96m<[process 14]>[A_conversion] n=4,avg=0.016216,stddev=0.007994,min=0.004288,max=0.021344,sum=0.064864[0m
[96m<[process 5]>[internode_comm] n=4,avg=11.936128,stddev=12.254913,min=4.767008,max=30.250463,sum=47.744511[0m
[96m<[process 5]>[intranode_comm] n=4,avg=20.205368,stddev=8.945234,min=11.944704,max=32.076801,sum=80.821472[0m
[96m<[process 5]>[comp_time] n=4,avg=0.002376,stddev=0.000048,min=0.002336,max=0.002432,sum=0.009504[0m
[96m<[process 5]>[A_conversion] n=4,avg=0.022944,stddev=0.016267,min=0.003616,max=0.041472,sum=0.091776[0m
NNZ C: 0
[96m<Timer>[spgemm] 16.487926 ms[0m
STARTING spgemm round: 1
Iteration 0
Iteration 1
[96m<[process 6]>[internode_comm] n=4,avg=10.284624,stddev=3.268614,min=8.479072,max=15.180096,sum=41.138496[0m
[96m<[process 6]>[intranode_comm] n=4,avg=7.434608,stddev=8.744789,min=0.502336,max=18.839104,sum=29.738432[0m
[96m<[process 6]>[comp_time] n=4,avg=0.002464,stddev=0.000138,min=0.002336,max=0.002656,sum=0.009856[0m
[96m<[process 6]>[A_conversion] n=4,avg=0.015448,stddev=0.006667,min=0.005632,max=0.020416,sum=0.061792[0m
[96m<[process 7]>[internode_comm] n=4,avg=10.349472,stddev=3.027961,min=7.764256,max=14.425440,sum=41.397888[0m
[96m<[process 7]>[intranode_comm] n=4,avg=9.122952,stddev=8.421745,min=0.452000,max=19.875681,sum=36.491806[0m
[96m<[process 7]>[comp_time] n=4,avg=0.002352,stddev=0.000055,min=0.002304,max=0.002432,sum=0.009408[0m
[96m<[process 7]>[A_conversion] n=4,avg=0.019168,stddev=0.003640,min=0.013728,max=0.021248,sum=0.076672[0m
[96m<[process 3]>[internode_comm] n=4,avg=7.132816,stddev=4.426813,min=3.631456,max=13.608608,sum=28.531265[0m
[96m<[process 3]>[intranode_comm] n=4,avg=8.145121,stddev=7.983776,min=0.424128,max=19.144096,sum=32.580482[0m
[96m<[process 3]>[comp_time] n=4,avg=0.002472,stddev=0.000315,min=0.002304,max=0.002944,sum=0.009888[0m
[96m<[process 3]>[A_conversion] n=4,avg=0.016608,stddev=0.005486,min=0.008672,max=0.020864,sum=0.066432[0m
Iteration 2
[96m<[process 11]>[internode_comm] n=4,avg=8.436728,stddev=6.383095,min=4.913408,max=17.986591,sum=33.746910[0m
[96m<[process 11]>[intranode_comm] n=4,avg=9.596072,stddev=10.511432,min=0.535520,max=24.744864,sum=38.384289[0m
[96m<[process 11]>[comp_time] n=4,avg=0.002424,stddev=0.000139,min=0.002304,max=0.002624,sum=0.009696[0m
[96m<[process 11]>[A_conversion] n=4,avg=0.014952,stddev=0.006209,min=0.005856,max=0.019840,sum=0.059808[0m
[96m<[process 9]>[internode_comm] n=4,avg=9.156536,stddev=4.756592,min=5.508960,max=15.845792,sum=36.626144[0m
[96m<[process 9]>[intranode_comm] n=4,avg=8.504112,stddev=7.657450,min=0.437408,max=18.845505,sum=34.016449[0m
[96m<[process 9]>[comp_time] n=4,avg=0.002336,stddev=0.000026,min=0.002304,max=0.002368,sum=0.009344[0m
[96m<[process 9]>[A_conversion] n=4,avg=0.014768,stddev=0.008306,min=0.002560,max=0.021184,sum=0.059072[0m
[96m<[process 10]>[internode_comm] n=4,avg=5.743968,stddev=5.137420,min=1.233504,max=10.503328,sum=22.975872[0m
[96m<[process 10]>[intranode_comm] n=4,avg=14.085383,stddev=16.189100,min=0.432352,max=32.732063,sum=56.341534[0m
[96m<[process 10]>[comp_time] n=4,avg=0.002464,stddev=0.000114,min=0.002368,max=0.002624,sum=0.009856[0m
[96m<[process 10]>[A_conversion] n=4,avg=1.209328,stddev=2.390872,min=0.003456,max=4.795616,sum=4.837312[0m
[96m<[process 8]>[internode_comm] n=4,avg=12.037145,stddev=9.999494,min=1.473536,max=24.405888,sum=48.148579[0m
[96m<[process 8]>[intranode_comm] n=4,avg=8.610624,stddev=3.919085,min=3.431296,max=12.398912,sum=34.442497[0m
[96m<[process 8]>[comp_time] n=4,avg=0.002344,stddev=0.000016,min=0.002336,max=0.002368,sum=0.009376[0m
[96m<[process 8]>[A_conversion] n=4,avg=0.020144,stddev=0.002457,min=0.017344,max=0.022944,sum=0.080576[0m
[96m<[process 2]>[internode_comm] n=4,avg=12.685392,stddev=2.770213,min=9.279392,max=16.037760,sum=50.741570[0m
[96m<[process 2]>[intranode_comm] n=4,avg=6.781280,stddev=7.500837,min=0.501824,max=15.562752,sum=27.125120[0m
[96m<[process 2]>[comp_time] n=4,avg=0.002376,stddev=0.000016,min=0.002368,max=0.002400,sum=0.009504[0m
[96m<[process 2]>[A_conversion] n=4,avg=0.024296,stddev=0.006412,min=0.019104,max=0.032992,sum=0.097184[0m
[96m<[process 1]>[internode_comm] n=4,avg=11.955520,stddev=2.157098,min=9.136416,max=14.392064,sum=47.822079[0m
[96m<[process 1]>[intranode_comm] n=4,avg=10.561671,stddev=8.904848,min=0.455136,max=22.135839,sum=42.246685[0m
[96m<[process 1]>[comp_time] n=4,avg=0.002424,stddev=0.000198,min=0.002304,max=0.002720,sum=0.009696[0m
[96m<[process 1]>[A_conversion] n=4,avg=0.019648,stddev=0.011361,min=0.003392,max=0.029248,sum=0.078592[0m
Iteration 3
[96m<[process 4]>[internode_comm] n=4,avg=12.500608,stddev=11.147497,min=3.297472,max=28.637856,sum=50.002434[0m
[96m<[process 4]>[intranode_comm] n=4,avg=11.755072,stddev=7.406724,min=3.469920,max=21.490816,sum=47.020287[0m
[96m<[process 4]>[comp_time] n=4,avg=0.002368,stddev=0.000026,min=0.002336,max=0.002400,sum=0.009472[0m
[96m<[process 4]>[A_conversion] n=4,avg=0.020536,stddev=0.013638,min=0.002336,max=0.035136,sum=0.082144[0m
[96m<[process 0]>[internode_comm] n=4,avg=7.023080,stddev=6.881217,min=1.708864,max=17.004353,sum=28.092321[0m
[96m<[process 0]>[intranode_comm] n=4,avg=16.826729,stddev=13.333214,min=3.350592,max=32.471329,sum=67.306915[0m
[96m<[process 0]>[comp_time] n=4,avg=0.002512,stddev=0.000352,min=0.002336,max=0.003040,sum=0.010048[0m
[96m<[process 0]>[A_conversion] n=4,avg=0.011456,stddev=0.010690,min=0.002368,max=0.024032,sum=0.045824[0m
[96m<[process 14]>[internode_comm] n=4,avg=14.262808,stddev=10.076117,min=5.385408,max=28.682625,sum=57.051231[0m
[96m<[process 14]>[intranode_comm] n=4,avg=13.159161,stddev=13.943697,min=0.456064,max=28.559200,sum=52.636642[0m
[96m<[process 14]>[comp_time] n=4,avg=0.002416,stddev=0.000106,min=0.002336,max=0.002560,sum=0.009664[0m
[96m<[process 14]>[A_conversion] n=4,avg=0.014160,stddev=0.002691,min=0.011360,max=0.016480,sum=0.056640[0m
[96m<[process 5]>[internode_comm] n=4,avg=6.486304,stddev=3.838230,min=2.480064,max=10.682048,sum=25.945215[0m
[96m<[process 5]>[intranode_comm] n=4,avg=13.069176,stddev=5.846384,min=7.107424,max=20.653055,sum=52.276703[0m
[96m<[process 5]>[comp_time] n=4,avg=0.002408,stddev=0.000092,min=0.002336,max=0.002528,sum=0.009632[0m
[96m<[process 5]>[A_conversion] n=4,avg=0.024216,stddev=0.024159,min=0.002336,max=0.058720,sum=0.096864[0m
[96m<[process 13]>[internode_comm] n=4,avg=9.011032,stddev=8.389192,min=2.276832,max=20.894625,sum=36.044128[0m
[96m<[process 13]>[intranode_comm] n=4,avg=13.571312,stddev=11.332397,min=0.626720,max=25.705473,sum=54.285248[0m
[96m<[process 13]>[comp_time] n=4,avg=0.002352,stddev=0.000055,min=0.002304,max=0.002432,sum=0.009408[0m
[96m<[process 13]>[A_conversion] n=4,avg=0.015864,stddev=0.005173,min=0.008128,max=0.018880,sum=0.063456[0m
[96m<[process 12]>[internode_comm] n=4,avg=17.211239,stddev=6.784436,min=9.509632,max=24.639072,sum=68.844955[0m
[96m<[process 12]>[intranode_comm] n=4,avg=12.021328,stddev=8.087618,min=3.425344,max=22.957376,sum=48.085312[0m
[96m<[process 12]>[comp_time] n=4,avg=0.002408,stddev=0.000071,min=0.002336,max=0.002496,sum=0.009632[0m
[96m<[process 12]>[A_conversion] n=4,avg=0.013952,stddev=0.008350,min=0.002560,max=0.021696,sum=0.055808[0m
[96m<[process 15]>[internode_comm] n=4,avg=7.838616,stddev=7.502023,min=1.161568,max=18.515553,sum=31.354465[0m
[96m<[process 15]>[intranode_comm] n=4,avg=15.020360,stddev=11.588118,min=0.533632,max=27.148479,sum=60.081440[0m
[96m<[process 15]>[comp_time] n=4,avg=0.002720,stddev=0.000395,min=0.002336,max=0.003200,sum=0.010880[0m
[96m<[process 15]>[A_conversion] n=4,avg=0.011840,stddev=0.012034,min=0.002304,max=0.027424,sum=0.047360[0m
NNZ C: 0
[96m<Timer>[spgemm] 32.774036 ms[0m
STARTING spgemm round: 2
Iteration 0
Iteration 1
[96m<[process 3]>[internode_comm] n=4,avg=10.196383,stddev=2.677270,min=6.254720,max=12.234624,sum=40.785534[0m
[96m<[process 3]>[intranode_comm] n=4,avg=8.635937,stddev=9.994813,min=0.401984,max=23.159744,sum=34.543747[0m
[96m<[process 3]>[comp_time] n=4,avg=0.002424,stddev=0.000198,min=0.002304,max=0.002720,sum=0.009696[0m
[96m<[process 3]>[A_conversion] n=4,avg=0.015456,stddev=0.004643,min=0.008640,max=0.019072,sum=0.061824[0m
Iteration 2
[96m<[process 11]>[internode_comm] n=4,avg=9.149903,stddev=4.543380,min=5.380128,max=15.755584,sum=36.599613[0m
[96m<[process 11]>[intranode_comm] n=4,avg=10.320856,stddev=10.517299,min=0.559712,max=25.213984,sum=41.283424[0m
[96m<[process 11]>[comp_time] n=4,avg=0.002688,stddev=0.000416,min=0.002304,max=0.003200,sum=0.010752[0m
[96m<[process 11]>[A_conversion] n=4,avg=0.013704,stddev=0.006175,min=0.004576,max=0.017824,sum=0.054816[0m
[96m<[process 9]>[internode_comm] n=4,avg=5.912824,stddev=4.128782,min=1.574944,max=11.517408,sum=23.651297[0m
[96m<[process 9]>[intranode_comm] n=4,avg=8.637431,stddev=7.882413,min=0.488736,max=19.382591,sum=34.549725[0m
[96m<[process 9]>[comp_time] n=4,avg=0.002464,stddev=0.000278,min=0.002304,max=0.002880,sum=0.009856[0m
[96m<[process 9]>[A_conversion] n=4,avg=0.015816,stddev=0.009620,min=0.002336,max=0.025056,sum=0.063264[0m
[96m<[process 7]>[internode_comm] n=4,avg=10.513584,stddev=6.655425,min=2.154880,max=17.043392,sum=42.054337[0m
[96m<[process 7]>[intranode_comm] n=4,avg=9.726488,stddev=9.441179,min=0.453376,max=22.800032,sum=38.905952[0m
[96m<[process 7]>[comp_time] n=4,avg=0.002328,stddev=0.000016,min=0.002304,max=0.002336,sum=0.009312[0m
[96m<[process 7]>[A_conversion] n=4,avg=0.016040,stddev=0.005861,min=0.007552,max=0.020352,sum=0.064160[0m
[96m<[process 2]>[internode_comm] n=4,avg=14.078248,stddev=4.114740,min=10.369376,max=19.056736,sum=56.312992[0m
[96m<[process 2]>[intranode_comm] n=4,avg=8.163552,stddev=9.017033,min=0.410176,max=17.642944,sum=32.654209[0m
[96m<[process 2]>[comp_time] n=4,avg=0.002384,stddev=0.000076,min=0.002336,max=0.002496,sum=0.009536[0m
[96m<[process 2]>[A_conversion] n=4,avg=0.018560,stddev=0.005421,min=0.011520,max=0.024704,sum=0.074240[0m
[96m<[process 8]>[internode_comm] n=4,avg=10.197952,stddev=10.106370,min=1.496512,max=24.801855,sum=40.791809[0m
[96m<[process 8]>[intranode_comm] n=4,avg=10.059745,stddev=6.527538,min=3.434432,max=17.727743,sum=40.238979[0m
[96m<[process 8]>[comp_time] n=4,avg=0.002344,stddev=0.000016,min=0.002336,max=0.002368,sum=0.009376[0m
[96m<[process 8]>[A_conversion] n=4,avg=0.019048,stddev=0.002547,min=0.017376,max=0.022816,sum=0.076192[0m
[96m<[process 1]>[internode_comm] n=4,avg=11.893007,stddev=3.720739,min=6.551552,max=14.979072,sum=47.572029[0m
[96m<[process 1]>[intranode_comm] n=4,avg=10.647960,stddev=10.127600,min=0.577824,max=24.727648,sum=42.591839[0m
[96m<[process 1]>[comp_time] n=4,avg=0.002320,stddev=0.000018,min=0.002304,max=0.002336,sum=0.009280[0m
[96m<[process 1]>[A_conversion] n=4,avg=0.066800,stddev=0.105116,min=0.003328,max=0.224032,sum=0.267200[0m
[96m<[process 14]>[internode_comm] n=4,avg=11.709928,stddev=3.727103,min=8.044640,max=16.629951,sum=46.839710[0m
[96m<[process 14]>[intranode_comm] n=4,avg=11.437288,stddev=12.931735,min=0.427904,max=26.486656,sum=45.749153[0m
[96m<[process 14]>[comp_time] n=4,avg=0.002456,stddev=0.000160,min=0.002336,max=0.002688,sum=0.009824[0m
[96m<[process 14]>[A_conversion] n=4,avg=0.017288,stddev=0.001181,min=0.016288,max=0.018592,sum=0.069152[0m
Iteration 3
[96m<[process 10]>[internode_comm] n=4,avg=10.375377,stddev=12.440544,min=1.709184,max=28.781601,sum=41.501507[0m
[96m<[process 10]>[intranode_comm] n=4,avg=10.558537,stddev=14.295763,min=0.439040,max=30.775328,sum=42.234146[0m
[96m<[process 10]>[comp_time] n=4,avg=0.002368,stddev=0.000069,min=0.002304,max=0.002464,sum=0.009472[0m
[96m<[process 10]>[A_conversion] n=4,avg=0.017560,stddev=0.013961,min=0.002336,max=0.036192,sum=0.070240[0m
[96m<[process 15]>[internode_comm] n=4,avg=6.455936,stddev=6.448960,min=0.045152,max=15.176096,sum=25.823746[0m
[96m<[process 15]>[intranode_comm] n=4,avg=10.464136,stddev=11.283430,min=0.490112,max=26.357887,sum=41.856544[0m
[96m<[process 15]>[comp_time] n=4,avg=0.002648,stddev=0.000198,min=0.002400,max=0.002880,sum=0.010592[0m
[96m<[process 15]>[A_conversion] n=4,avg=0.012224,stddev=0.010316,min=0.003136,max=0.025344,sum=0.048896[0m
[96m<[process 13]>[internode_comm] n=4,avg=8.713305,stddev=5.211019,min=1.037600,max=12.643424,sum=34.853218[0m
[96m<[process 13]>[intranode_comm] n=4,avg=12.991008,stddev=10.128917,min=5.554688,max=27.897535,sum=51.964031[0m
[96m<[process 13]>[comp_time] n=4,avg=0.002312,stddev=0.000016,min=0.002304,max=0.002336,sum=0.009248[0m
[96m<[process 13]>[A_conversion] n=4,avg=0.012760,stddev=0.007370,min=0.002336,max=0.018080,sum=0.051040[0m
[96m<[process 6]>[internode_comm] n=4,avg=15.427624,stddev=8.732994,min=6.669248,max=23.659807,sum=61.710495[0m
[96m<[process 6]>[intranode_comm] n=4,avg=8.223888,stddev=9.623430,min=0.496768,max=20.394976,sum=32.895554[0m
[96m<[process 6]>[comp_time] n=4,avg=0.002320,stddev=0.000018,min=0.002304,max=0.002336,sum=0.009280[0m
[96m<[process 6]>[A_conversion] n=4,avg=0.017136,stddev=0.009677,min=0.002976,max=0.024832,sum=0.068544[0m
[96m<[process 5]>[internode_comm] n=4,avg=10.703217,stddev=5.411545,min=5.845184,max=18.322817,sum=42.812866[0m
[96m<[process 5]>[intranode_comm] n=4,avg=13.777760,stddev=11.437721,min=0.598624,max=24.556480,sum=55.111038[0m
[96m<[process 5]>[comp_time] n=4,avg=0.002448,stddev=0.000224,min=0.002336,max=0.002784,sum=0.009792[0m
[96m<[process 5]>[A_conversion] n=4,avg=0.020928,stddev=0.017313,min=0.003584,max=0.044896,sum=0.083712[0m
[96m<[process 4]>[internode_comm] n=4,avg=10.867840,stddev=8.526308,min=3.394464,max=22.465984,sum=43.471359[0m
[96m<[process 4]>[intranode_comm] n=4,avg=13.603720,stddev=7.339511,min=8.592512,max=24.371904,sum=54.414879[0m
[96m<[process 4]>[comp_time] n=4,avg=0.002376,stddev=0.000040,min=0.002336,max=0.002432,sum=0.009504[0m
[96m<[process 4]>[A_conversion] n=4,avg=0.018496,stddev=0.002327,min=0.016448,max=0.021216,sum=0.073984[0m
[96m<[process 12]>[internode_comm] n=4,avg=14.026888,stddev=9.873615,min=5.468352,max=24.376545,sum=56.107552[0m
[96m<[process 12]>[intranode_comm] n=4,avg=11.215919,stddev=8.318089,min=4.045184,max=22.493729,sum=44.863678[0m
[96m<[process 12]>[comp_time] n=4,avg=0.002368,stddev=0.000045,min=0.002336,max=0.002432,sum=0.009472[0m
[96m<[process 12]>[A_conversion] n=4,avg=0.014184,stddev=0.012480,min=0.002688,max=0.028224,sum=0.056736[0m
[96m<[process 0]>[internode_comm] n=4,avg=10.620008,stddev=4.813875,min=4.908608,max=16.637856,sum=42.480030[0m
[96m<[process 0]>[intranode_comm] n=4,avg=16.247568,stddev=13.060649,min=3.334432,max=32.091423,sum=64.990273[0m
[96m<[process 0]>[comp_time] n=4,avg=0.002368,stddev=0.000026,min=0.002336,max=0.002400,sum=0.009472[0m
[96m<[process 0]>[A_conversion] n=4,avg=0.011816,stddev=0.012274,min=0.002336,max=0.028096,sum=0.047264[0m
NNZ C: 0
[96m<Timer>[spgemm] 18.378559 ms[0m
STARTING spgemm round: 3
Iteration 0
Iteration 1
Iteration 2
[96m<[process 7]>[internode_comm] n=4,avg=11.659648,stddev=2.226152,min=8.419712,max=13.451392,sum=46.638592[0m
[96m<[process 7]>[intranode_comm] n=4,avg=10.092560,stddev=9.746373,min=0.438240,max=23.557760,sum=40.370239[0m
[96m<[process 7]>[comp_time] n=4,avg=0.002488,stddev=0.000176,min=0.002336,max=0.002656,sum=0.009952[0m
[96m<[process 7]>[A_conversion] n=4,avg=0.017168,stddev=0.003143,min=0.014368,max=0.021632,sum=0.068672[0m
[96m<[process 11]>[internode_comm] n=4,avg=10.983432,stddev=12.177177,min=3.406400,max=29.176319,sum=43.933727[0m
[96m<[process 11]>[intranode_comm] n=4,avg=9.482504,stddev=10.204167,min=0.483616,max=24.074047,sum=37.930016[0m
[96m<[process 11]>[comp_time] n=4,avg=0.002608,stddev=0.000196,min=0.002432,max=0.002848,sum=0.010432[0m
[96m<[process 11]>[A_conversion] n=4,avg=0.016472,stddev=0.005871,min=0.008032,max=0.021248,sum=0.065888[0m
[96m<[process 9]>[internode_comm] n=4,avg=11.038544,stddev=10.801100,min=1.133248,max=26.351711,sum=44.154175[0m
[96m<[process 9]>[intranode_comm] n=4,avg=9.620351,stddev=9.101202,min=0.407552,max=22.097471,sum=38.481403[0m
[96m<[process 9]>[comp_time] n=4,avg=0.002536,stddev=0.000343,min=0.002304,max=0.003040,sum=0.010144[0m
[96m<[process 9]>[A_conversion] n=4,avg=0.015656,stddev=0.008953,min=0.002336,max=0.021600,sum=0.062624[0m
[96m<[process 10]>[internode_comm] n=4,avg=4.669000,stddev=3.729252,min=1.516128,max=8.894944,sum=18.676001[0m
[96m<[process 10]>[intranode_comm] n=4,avg=13.758976,stddev=15.411411,min=0.422944,max=32.941826,sum=55.035904[0m
[96m<[process 10]>[comp_time] n=4,avg=0.002616,stddev=0.000282,min=0.002368,max=0.003008,sum=0.010464[0m
[96m<[process 10]>[A_conversion] n=4,avg=0.021712,stddev=0.017145,min=0.002784,max=0.044288,sum=0.086848[0m
[96m<[process 2]>[internode_comm] n=4,avg=11.339952,stddev=1.901814,min=9.031104,max=13.504928,sum=45.359810[0m
[96m<[process 2]>[intranode_comm] n=4,avg=8.007912,stddev=8.808016,min=0.464640,max=17.157473,sum=32.031647[0m
[96m<[process 2]>[comp_time] n=4,avg=0.002344,stddev=0.000016,min=0.002336,max=0.002368,sum=0.009376[0m
[96m<[process 2]>[A_conversion] n=4,avg=0.024728,stddev=0.002788,min=0.021632,max=0.027392,sum=0.098912[0m
[96m<[process 3]>[internode_comm] n=4,avg=15.448393,stddev=4.734351,min=8.565184,max=18.615072,sum=61.793571[0m
[96m<[process 3]>[intranode_comm] n=4,avg=7.672992,stddev=8.416047,min=0.485600,max=19.838655,sum=30.691967[0m
[96m<[process 3]>[comp_time] n=4,avg=0.002600,stddev=0.000571,min=0.002304,max=0.003456,sum=0.010400[0m
[96m<[process 3]>[A_conversion] n=4,avg=0.015432,stddev=0.007183,min=0.004992,max=0.020384,sum=0.061728[0m
[96m<[process 8]>[internode_comm] n=4,avg=13.454400,stddev=7.041462,min=7.343168,max=22.726912,sum=53.817600[0m
[96m<[process 8]>[intranode_comm] n=4,avg=10.255624,stddev=8.286414,min=3.486912,max=22.125504,sum=41.022495[0m
[96m<[process 8]>[comp_time] n=4,avg=0.002528,stddev=0.000342,min=0.002336,max=0.003040,sum=0.010112[0m
[96m<[process 8]>[A_conversion] n=4,avg=0.023040,stddev=0.020440,min=0.002336,max=0.050976,sum=0.092160[0m
[96m<[process 12]>[internode_comm] n=4,avg=11.787728,stddev=9.572029,min=5.365728,max=26.035711,sum=47.150913[0m
[96m<[process 12]>[intranode_comm] n=4,avg=10.057616,stddev=8.556925,min=3.388736,max=22.610785,sum=40.230465[0m
[96m<[process 12]>[comp_time] n=4,avg=0.002440,stddev=0.000088,min=0.002336,max=0.002528,sum=0.009760[0m
[96m<[process 12]>[A_conversion] n=4,avg=0.015504,stddev=0.008134,min=0.003584,max=0.021600,sum=0.062016[0m
[96m<[process 15]>[internode_comm] n=4,avg=8.363919,stddev=7.549572,min=0.246656,max=18.490528,sum=33.455677[0m
[96m<[process 15]>[intranode_comm] n=4,avg=9.730433,stddev=11.758004,min=0.514336,max=26.911585,sum=38.921730[0m
[96m<[process 15]>[comp_time] n=4,avg=0.002656,stddev=0.000307,min=0.002368,max=0.003072,sum=0.010624[0m
[96m<[process 15]>[A_conversion] n=4,avg=0.012368,stddev=0.010253,min=0.003616,max=0.024448,sum=0.049472[0m
Iteration 3
[96m<[process 1]>[internode_comm] n=4,avg=12.583352,stddev=2.076092,min=10.341344,max=15.337696,sum=50.333408[0m
[96m<[process 1]>[intranode_comm] n=4,avg=10.561752,stddev=9.283937,min=0.463232,max=22.220257,sum=42.247009[0m
[96m<[process 1]>[comp_time] n=4,avg=0.002416,stddev=0.000203,min=0.002304,max=0.002720,sum=0.009664[0m
[96m<[process 1]>[A_conversion] n=4,avg=0.059320,stddev=0.085694,min=0.002944,max=0.186912,sum=0.237280[0m
[96m<[process 13]>[internode_comm] n=4,avg=6.111216,stddev=4.862643,min=0.277248,max=10.877984,sum=24.444864[0m
[96m<[process 13]>[intranode_comm] n=4,avg=11.629488,stddev=10.380283,min=0.445696,max=25.566336,sum=46.517952[0m
[96m<[process 13]>[comp_time] n=4,avg=0.002392,stddev=0.000155,min=0.002304,max=0.002624,sum=0.009568[0m
[96m<[process 13]>[A_conversion] n=4,avg=0.015104,stddev=0.008698,min=0.002272,max=0.021376,sum=0.060416[0m
[96m<[process 0]>[internode_comm] n=4,avg=8.787664,stddev=6.057156,min=3.589984,max=17.155457,sum=35.150658[0m
[96m<[process 0]>[intranode_comm] n=4,avg=13.871008,stddev=12.482101,min=3.312736,max=31.680927,sum=55.484032[0m
[96m<[process 0]>[comp_time] n=4,avg=0.002512,stddev=0.000331,min=0.002336,max=0.003008,sum=0.010048[0m
[96m<[process 0]>[A_conversion] n=4,avg=0.021360,stddev=0.014550,min=0.002368,max=0.036032,sum=0.085440[0m
[96m<[process 6]>[internode_comm] n=4,avg=15.827280,stddev=9.785870,min=4.912992,max=25.995584,sum=63.309120[0m
[96m<[process 6]>[intranode_comm] n=4,avg=8.166096,stddev=9.608579,min=0.515232,max=20.480801,sum=32.664383[0m
[96m<[process 6]>[comp_time] n=4,avg=0.002408,stddev=0.000187,min=0.002304,max=0.002688,sum=0.009632[0m
[96m<[process 6]>[A_conversion] n=4,avg=0.014384,stddev=0.008111,min=0.002304,max=0.019712,sum=0.057536[0m
[96m<[process 14]>[internode_comm] n=4,avg=13.626088,stddev=11.101549,min=3.045792,max=29.206335,sum=54.504353[0m
[96m<[process 14]>[intranode_comm] n=4,avg=12.116456,stddev=15.508651,min=0.545088,max=33.344032,sum=48.465824[0m
[96m<[process 14]>[comp_time] n=4,avg=0.002656,stddev=0.000576,min=0.002368,max=0.003520,sum=0.010624[0m
[96m<[process 14]>[A_conversion] n=4,avg=0.012600,stddev=0.006722,min=0.002656,max=0.017312,sum=0.050400[0m
[96m<[process 4]>[internode_comm] n=4,avg=8.879928,stddev=4.736578,min=3.921856,max=15.112480,sum=35.519711[0m
[96m<[process 4]>[intranode_comm] n=4,avg=13.352064,stddev=8.656544,min=5.796800,max=24.663584,sum=53.408257[0m
[96m<[process 4]>[comp_time] n=4,avg=0.002480,stddev=0.000092,min=0.002368,max=0.002592,sum=0.009920[0m
[96m<[process 4]>[A_conversion] n=4,avg=0.467416,stddev=0.899810,min=0.004032,max=1.817024,sum=1.869664[0m
[96m<[process 5]>[internode_comm] n=4,avg=8.748024,stddev=6.889665,min=0.313280,max=14.463712,sum=34.992096[0m
[96m<[process 5]>[intranode_comm] n=4,avg=14.734112,stddev=10.734377,min=0.653792,max=24.189983,sum=58.936447[0m
[96m<[process 5]>[comp_time] n=4,avg=0.002536,stddev=0.000240,min=0.002336,max=0.002816,sum=0.010144[0m
[96m<[process 5]>[A_conversion] n=4,avg=0.444848,stddev=0.863874,min=0.002304,max=1.740608,sum=1.779392[0m
NNZ C: 0
[96m<Timer>[spgemm] 14.505285 ms[0m
STARTING spgemm round: 4
Iteration 0
Iteration 1
[96m<[process 6]>[internode_comm] n=4,avg=10.768152,stddev=4.264592,min=5.848576,max=16.262625,sum=43.072609[0m
[96m<[process 6]>[intranode_comm] n=4,avg=7.891456,stddev=8.109179,min=0.509696,max=18.699104,sum=31.565825[0m
[96m<[process 6]>[comp_time] n=4,avg=0.002328,stddev=0.000048,min=0.002304,max=0.002400,sum=0.009312[0m
[96m<[process 6]>[A_conversion] n=4,avg=0.016504,stddev=0.008870,min=0.003584,max=0.023392,sum=0.066016[0m
Iteration 2
[96m<[process 7]>[internode_comm] n=4,avg=8.095864,stddev=5.693494,min=2.371840,max=15.667200,sum=32.383457[0m
[96m<[process 7]>[intranode_comm] n=4,avg=9.493416,stddev=8.905385,min=0.541536,max=20.704161,sum=37.973663[0m
[96m<[process 7]>[comp_time] n=4,avg=0.002328,stddev=0.000016,min=0.002304,max=0.002336,sum=0.009312[0m
[96m<[process 7]>[A_conversion] n=4,avg=0.017952,stddev=0.007937,min=0.007552,max=0.026560,sum=0.071808[0m
[96m<[process 2]>[internode_comm] n=4,avg=8.421664,stddev=5.525465,min=0.307328,max=12.155008,sum=33.686657[0m
[96m<[process 2]>[intranode_comm] n=4,avg=8.251976,stddev=9.152095,min=0.414112,max=18.050337,sum=33.007904[0m
[96m<[process 2]>[comp_time] n=4,avg=0.002360,stddev=0.000016,min=0.002336,max=0.002368,sum=0.009440[0m
[96m<[process 2]>[A_conversion] n=4,avg=0.018648,stddev=0.008445,min=0.007616,max=0.026336,sum=0.074592[0m
[96m<[process 3]>[internode_comm] n=4,avg=7.329336,stddev=6.926813,min=1.974976,max=16.844000,sum=29.317345[0m
[96m<[process 3]>[intranode_comm] n=4,avg=9.374088,stddev=9.488851,min=2.314624,max=23.334175,sum=37.496353[0m
[96m<[process 3]>[comp_time] n=4,avg=0.002832,stddev=0.000593,min=0.002304,max=0.003392,sum=0.011328[0m
[96m<[process 3]>[A_conversion] n=4,avg=0.018984,stddev=0.002575,min=0.015872,max=0.022048,sum=0.075936[0m
[96m<[process 9]>[internode_comm] n=4,avg=9.818184,stddev=5.465814,min=2.813728,max=16.009344,sum=39.272736[0m
[96m<[process 9]>[intranode_comm] n=4,avg=9.086224,stddev=8.614838,min=0.389696,max=20.943617,sum=36.344894[0m
[96m<[process 9]>[comp_time] n=4,avg=0.002608,stddev=0.000544,min=0.002336,max=0.003424,sum=0.010432[0m
[96m<[process 9]>[A_conversion] n=4,avg=0.017240,stddev=0.011126,min=0.002816,max=0.029952,sum=0.068960[0m
[96m<[process 1]>[internode_comm] n=4,avg=10.559744,stddev=5.497097,min=3.003872,max=15.893792,sum=42.238976[0m
[96m<[process 1]>[intranode_comm] n=4,avg=13.030192,stddev=7.491326,min=7.222848,max=23.985376,sum=52.120770[0m
[96m<[process 1]>[comp_time] n=4,avg=0.003280,stddev=0.001765,min=0.002304,max=0.005920,sum=0.013120[0m
[96m<[process 1]>[A_conversion] n=4,avg=0.018632,stddev=0.011300,min=0.002560,max=0.029056,sum=0.074528[0m
Iteration 3
[96m<[process 8]>[internode_comm] n=4,avg=10.508824,stddev=3.196305,min=6.892288,max=14.190400,sum=42.035297[0m
[96m<[process 8]>[intranode_comm] n=4,avg=11.388096,stddev=5.542963,min=3.528192,max=16.189217,sum=45.552383[0m
[96m<[process 8]>[comp_time] n=4,avg=0.002360,stddev=0.000016,min=0.002336,max=0.002368,sum=0.009440[0m
[96m<[process 8]>[A_conversion] n=4,avg=0.020984,stddev=0.003237,min=0.018304,max=0.025024,sum=0.083936[0m
[96m<[process 10]>[internode_comm] n=4,avg=6.009792,stddev=3.505609,min=1.651840,max=8.878336,sum=24.039169[0m
[96m<[process 10]>[intranode_comm] n=4,avg=11.882360,stddev=13.202600,min=0.411520,max=23.981279,sum=47.529442[0m
[96m<[process 10]>[comp_time] n=4,avg=0.002392,stddev=0.000112,min=0.002336,max=0.002560,sum=0.009568[0m
[96m<[process 10]>[A_conversion] n=4,avg=0.501432,stddev=0.969980,min=0.002336,max=1.956320,sum=2.005728[0m
[96m<[process 14]>[internode_comm] n=4,avg=9.185679,stddev=6.276851,min=4.829568,max=18.478432,sum=36.742718[0m
[96m<[process 14]>[intranode_comm] n=4,avg=12.937824,stddev=14.043073,min=0.523456,max=26.538656,sum=51.751297[0m
[96m<[process 14]>[comp_time] n=4,avg=0.002840,stddev=0.000747,min=0.002336,max=0.003936,sum=0.011360[0m
[96m<[process 14]>[A_conversion] n=4,avg=0.020232,stddev=0.005446,min=0.016128,max=0.028256,sum=0.080928[0m
[96m<[process 15]>[internode_comm] n=4,avg=4.670008,stddev=3.470629,min=0.123232,max=7.831232,sum=18.680033[0m
[96m<[process 15]>[intranode_comm] n=4,avg=15.879032,stddev=15.218743,min=0.569600,max=35.290688,sum=63.516129[0m
[96m<[process 15]>[comp_time] n=4,avg=0.002472,stddev=0.000162,min=0.002336,max=0.002656,sum=0.009888[0m
[96m<[process 15]>[A_conversion] n=4,avg=0.010512,stddev=0.007335,min=0.003008,max=0.017184,sum=0.042048[0m
[96m<[process 11]>[internode_comm] n=4,avg=18.051863,stddev=6.587759,min=13.502848,max=27.827871,sum=72.207451[0m
[96m<[process 11]>[intranode_comm] n=4,avg=10.240543,stddev=11.973849,min=0.479776,max=27.520800,sum=40.962173[0m
[96m<[process 11]>[comp_time] n=4,avg=0.002952,stddev=0.000753,min=0.002336,max=0.003872,sum=0.011808[0m
[96m<[process 11]>[A_conversion] n=4,avg=0.013576,stddev=0.007651,min=0.002304,max=0.019136,sum=0.054304[0m
[96m<[process 4]>[internode_comm] n=4,avg=11.995457,stddev=6.758224,min=3.116672,max=17.499041,sum=47.981827[0m
[96m<[process 4]>[intranode_comm] n=4,avg=12.950840,stddev=7.284499,min=6.092960,max=23.233152,sum=51.803360[0m
[96m<[process 4]>[comp_time] n=4,avg=0.002472,stddev=0.000187,min=0.002368,max=0.002752,sum=0.009888[0m
[96m<[process 4]>[A_conversion] n=4,avg=0.061200,stddev=0.087336,min=0.016512,max=0.192192,sum=0.244800[0m
[96m<[process 0]>[internode_comm] n=4,avg=9.845840,stddev=4.887713,min=4.746624,max=15.265024,sum=39.383362[0m
[96m<[process 0]>[intranode_comm] n=4,avg=17.463161,stddev=12.864896,min=3.344032,max=32.574913,sum=69.852646[0m
[96m<[process 0]>[comp_time] n=4,avg=0.002528,stddev=0.000320,min=0.002368,max=0.003008,sum=0.010112[0m
[96m<[process 0]>[A_conversion] n=4,avg=0.013496,stddev=0.014900,min=0.002432,max=0.034176,sum=0.053984[0m
[96m<[process 13]>[internode_comm] n=4,avg=9.761216,stddev=11.317433,min=1.963648,max=26.536385,sum=39.044865[0m
[96m<[process 13]>[intranode_comm] n=4,avg=13.511216,stddev=8.228949,min=8.210592,max=25.752640,sum=54.044865[0m
[96m<[process 13]>[comp_time] n=4,avg=0.002304,stddev=0.000000,min=0.002304,max=0.002304,sum=0.009216[0m
[96m<[process 13]>[A_conversion] n=4,avg=0.021248,stddev=0.010682,min=0.008224,max=0.033824,sum=0.084992[0m
[96m<[process 12]>[internode_comm] n=4,avg=14.888416,stddev=8.507604,min=8.844384,max=27.135616,sum=59.553665[0m
[96m<[process 12]>[intranode_comm] n=4,avg=9.589208,stddev=6.520884,min=3.508416,max=18.801920,sum=38.356831[0m
[96m<[process 12]>[comp_time] n=4,avg=0.002368,stddev=0.000045,min=0.002336,max=0.002432,sum=0.009472[0m
[96m<[process 12]>[A_conversion] n=4,avg=0.014400,stddev=0.008081,min=0.002368,max=0.019488,sum=0.057600[0m
NNZ C: 0
[96m<[process 5]>[internode_comm] n=4,avg=9.168168,stddev=5.430598,min=5.033696,max=17.136225,sum=36.672672[0m
[96m<[process 5]>[intranode_comm] n=4,avg=13.560032,stddev=3.779492,min=9.758400,max=17.977024,sum=54.240128[0m
[96m<[process 5]>[comp_time] n=4,avg=0.002544,stddev=0.000176,min=0.002336,max=0.002720,sum=0.010176[0m
[96m<[process 5]>[A_conversion] n=4,avg=0.016864,stddev=0.010715,min=0.002336,max=0.027776,sum=0.067456[0m
[96m<Timer>[spgemm] 29.043283 ms[0m
STARTING spgemm round: 5
Iteration 0
Iteration 1
[96m<[process 11]>[internode_comm] n=4,avg=8.264816,stddev=3.847083,min=4.911008,max=13.783680,sum=33.059265[0m
[96m<[process 11]>[intranode_comm] n=4,avg=9.559728,stddev=11.176565,min=0.552800,max=25.805857,sum=38.238911[0m
[96m<[process 11]>[comp_time] n=4,avg=0.002336,stddev=0.000000,min=0.002336,max=0.002336,sum=0.009344[0m
[96m<[process 11]>[A_conversion] n=4,avg=0.019240,stddev=0.003191,min=0.016384,max=0.023296,sum=0.076960[0m
[96m<[process 6]>[internode_comm] n=4,avg=9.126672,stddev=8.730755,min=0.356032,max=20.132864,sum=36.506687[0m
[96m<[process 6]>[intranode_comm] n=4,avg=7.470400,stddev=8.895213,min=0.469728,max=19.121664,sum=29.881599[0m
[96m<[process 6]>[comp_time] n=4,avg=0.002328,stddev=0.000016,min=0.002304,max=0.002336,sum=0.009312[0m
[96m<[process 6]>[A_conversion] n=4,avg=0.014904,stddev=0.007792,min=0.003872,max=0.022208,sum=0.059616[0m
Iteration 2
[96m<[process 10]>[internode_comm] n=4,avg=9.371416,stddev=12.422855,min=1.536416,max=27.637793,sum=37.485664[0m
[96m<[process 10]>[intranode_comm] n=4,avg=8.879648,stddev=10.476707,min=0.441472,max=22.996864,sum=35.518593[0m
[96m<[process 10]>[comp_time] n=4,avg=0.002472,stddev=0.000208,min=0.002368,max=0.002784,sum=0.009888[0m
[96m<[process 10]>[A_conversion] n=4,avg=0.993168,stddev=1.958612,min=0.005536,max=3.931072,sum=3.972672[0m
[96m<[process 2]>[internode_comm] n=4,avg=4.308872,stddev=2.003183,min=3.264320,max=7.312864,sum=17.235487[0m
[96m<[process 2]>[intranode_comm] n=4,avg=6.473544,stddev=6.915099,min=0.481600,max=14.121920,sum=25.894175[0m
[96m<[process 2]>[comp_time] n=4,avg=0.002352,stddev=0.000018,min=0.002336,max=0.002368,sum=0.009408[0m
[96m<[process 2]>[A_conversion] n=4,avg=0.790128,stddev=1.538536,min=0.016992,max=3.097920,sum=3.160512[0m
[96m<[process 8]>[internode_comm] n=4,avg=7.470312,stddev=9.592303,min=1.832224,max=21.820704,sum=29.881248[0m
[96m<[process 8]>[intranode_comm] n=4,avg=6.847008,stddev=2.743892,min=3.606144,max=10.079264,sum=27.388031[0m
[96m<[process 8]>[comp_time] n=4,avg=0.002368,stddev=0.000045,min=0.002336,max=0.002432,sum=0.009472[0m
[96m<[process 8]>[A_conversion] n=4,avg=0.014336,stddev=0.006518,min=0.006016,max=0.019904,sum=0.057344[0m
[96m<[process 9]>[internode_comm] n=4,avg=12.412375,stddev=4.002762,min=8.025920,max=17.616159,sum=49.649502[0m
[96m<[process 9]>[intranode_comm] n=4,avg=9.007784,stddev=8.579906,min=0.383776,max=20.849567,sum=36.031136[0m
[96m<[process 9]>[comp_time] n=4,avg=0.002328,stddev=0.000016,min=0.002304,max=0.002336,sum=0.009312[0m
[96m<[process 9]>[A_conversion] n=4,avg=0.016632,stddev=0.007564,min=0.005600,max=0.022752,sum=0.066528[0m
[96m<[process 7]>[internode_comm] n=4,avg=10.894849,stddev=10.405829,min=0.746112,max=25.458496,sum=43.579395[0m
[96m<[process 7]>[intranode_comm] n=4,avg=10.013544,stddev=9.265243,min=0.435040,max=22.618143,sum=40.054176[0m
[96m<[process 7]>[comp_time] n=4,avg=0.002328,stddev=0.000016,min=0.002304,max=0.002336,sum=0.009312[0m
[96m<[process 7]>[A_conversion] n=4,avg=0.016160,stddev=0.004880,min=0.009088,max=0.020192,sum=0.064640[0m
[96m<[process 3]>[internode_comm] n=4,avg=17.387289,stddev=8.630393,min=7.537728,max=28.303553,sum=69.549156[0m
[96m<[process 3]>[intranode_comm] n=4,avg=7.918504,stddev=8.017162,min=0.439200,max=19.204960,sum=31.674015[0m
[96m<[process 3]>[comp_time] n=4,avg=0.002320,stddev=0.000018,min=0.002304,max=0.002336,sum=0.009280[0m
[96m<[process 3]>[A_conversion] n=4,avg=0.015856,stddev=0.008059,min=0.003872,max=0.020896,sum=0.063424[0m
[96m<[process 14]>[internode_comm] n=4,avg=6.247304,stddev=2.977333,min=3.779072,max=10.213536,sum=24.989216[0m
[96m<[process 14]>[intranode_comm] n=4,avg=11.041312,stddev=13.309517,min=0.535360,max=28.632353,sum=44.165249[0m
[96m<[process 14]>[comp_time] n=4,avg=0.002632,stddev=0.000340,min=0.002368,max=0.003104,sum=0.010528[0m
[96m<[process 14]>[A_conversion] n=4,avg=0.015272,stddev=0.006428,min=0.005792,max=0.020032,sum=0.061088[0m
[96m<[process 1]>[internode_comm] n=4,avg=13.208256,stddev=9.453718,min=5.628480,max=26.833696,sum=52.833023[0m
[96m<[process 1]>[intranode_comm] n=4,avg=14.981632,stddev=11.977494,min=0.516224,max=29.774401,sum=59.926529[0m
[96m<[process 1]>[comp_time] n=4,avg=0.002312,stddev=0.000016,min=0.002304,max=0.002336,sum=0.009248[0m
[96m<[process 1]>[A_conversion] n=4,avg=0.014648,stddev=0.008351,min=0.002336,max=0.020896,sum=0.058592[0m
Iteration 3
[96m<[process 5]>[internode_comm] n=4,avg=13.733096,stddev=4.888137,min=7.202304,max=19.008097,sum=54.932384[0m
[96m<[process 5]>[intranode_comm] n=4,avg=11.437632,stddev=9.058939,min=0.924096,max=22.346016,sum=45.750526[0m
[96m<[process 5]>[comp_time] n=4,avg=0.002344,stddev=0.000016,min=0.002336,max=0.002368,sum=0.009376[0m
[96m<[process 5]>[A_conversion] n=4,avg=0.016192,stddev=0.009087,min=0.002752,max=0.022240,sum=0.064768[0m
[96m<[process 4]>[internode_comm] n=4,avg=9.670176,stddev=3.838480,min=6.034432,max=15.082592,sum=38.680702[0m
[96m<[process 4]>[intranode_comm] n=4,avg=13.192928,stddev=5.739768,min=7.215200,max=20.284704,sum=52.771713[0m
[96m<[process 4]>[comp_time] n=4,avg=0.002360,stddev=0.000016,min=0.002336,max=0.002368,sum=0.009440[0m
[96m<[process 4]>[A_conversion] n=4,avg=0.017192,stddev=0.011732,min=0.002816,max=0.031552,sum=0.068768[0m
[96m<[process 12]>[internode_comm] n=4,avg=12.441528,stddev=9.064254,min=4.906848,max=25.478271,sum=49.766113[0m
[96m<[process 12]>[intranode_comm] n=4,avg=10.810032,stddev=7.281746,min=5.800288,max=21.541344,sum=43.240128[0m
[96m<[process 12]>[comp_time] n=4,avg=0.002632,stddev=0.000473,min=0.002336,max=0.003328,sum=0.010528[0m
[96m<[process 12]>[A_conversion] n=4,avg=0.011432,stddev=0.007928,min=0.002432,max=0.019072,sum=0.045728[0m
[96m<[process 0]>[internode_comm] n=4,avg=9.057480,stddev=7.124900,min=1.695168,max=18.809568,sum=36.229919[0m
[96m<[process 0]>[intranode_comm] n=4,avg=13.640896,stddev=9.827102,min=3.335232,max=26.841408,sum=54.563583[0m
[96m<[process 0]>[comp_time] n=4,avg=0.002344,stddev=0.000016,min=0.002336,max=0.002368,sum=0.009376[0m
[96m<[process 0]>[A_conversion] n=4,avg=0.023752,stddev=0.021321,min=0.002336,max=0.053280,sum=0.095008[0m
[96m<[process 15]>[internode_comm] n=4,avg=12.569312,stddev=14.157446,min=1.619456,max=33.363937,sum=50.277248[0m
[96m<[process 15]>[intranode_comm] n=4,avg=13.482127,stddev=13.585351,min=1.480768,max=31.653664,sum=53.928509[0m
[96m<[process 15]>[comp_time] n=4,avg=0.002344,stddev=0.000016,min=0.002336,max=0.002368,sum=0.009376[0m
[96m<[process 15]>[A_conversion] n=4,avg=0.022832,stddev=0.029241,min=0.004608,max=0.066048,sum=0.091328[0m
[96m<[process 13]>[internode_comm] n=4,avg=10.575256,stddev=6.914942,min=0.268576,max=14.879552,sum=42.301025[0m
[96m<[process 13]>[intranode_comm] n=4,avg=11.364848,stddev=10.231064,min=0.523968,max=24.181376,sum=45.459393[0m
[96m<[process 13]>[comp_time] n=4,avg=0.002312,stddev=0.000016,min=0.002304,max=0.002336,sum=0.009248[0m
[96m<[process 13]>[A_conversion] n=4,avg=0.013104,stddev=0.007590,min=0.002272,max=0.019232,sum=0.052416[0m
NNZ C: 0
[96m<Timer>[spgemm] 17.409424 ms[0m
STARTING spgemm round: 6
Iteration 0
Iteration 1
[96m<[process 6]>[internode_comm] n=4,avg=8.681736,stddev=3.502395,min=5.601248,max=11.988128,sum=34.726944[0m
[96m<[process 6]>[intranode_comm] n=4,avg=7.758184,stddev=9.391022,min=0.526080,max=20.265505,sum=31.032738[0m
[96m<[process 6]>[comp_time] n=4,avg=0.002376,stddev=0.000084,min=0.002304,max=0.002496,sum=0.009504[0m
[96m<[process 6]>[A_conversion] n=4,avg=0.015016,stddev=0.008050,min=0.002976,max=0.019584,sum=0.060064[0m
[96m<[process 7]>[internode_comm] n=4,avg=6.581200,stddev=6.130894,min=0.298880,max=12.743648,sum=26.324799[0m
[96m<[process 7]>[intranode_comm] n=4,avg=8.624743,stddev=8.489889,min=1.554912,max=20.820095,sum=34.498974[0m
[96m<[process 7]>[comp_time] n=4,avg=0.002328,stddev=0.000016,min=0.002304,max=0.002336,sum=0.009312[0m
[96m<[process 7]>[A_conversion] n=4,avg=0.016480,stddev=0.005371,min=0.008672,max=0.020128,sum=0.065920[0m
[96m<[process 9]>[internode_comm] n=4,avg=6.059440,stddev=2.310002,min=2.975008,max=8.467104,sum=24.237761[0m
[96m<[process 9]>[intranode_comm] n=4,avg=8.663984,stddev=7.911898,min=0.418112,max=19.402431,sum=34.655937[0m
[96m<[process 9]>[comp_time] n=4,avg=0.002504,stddev=0.000144,min=0.002336,max=0.002624,sum=0.010016[0m
[96m<[process 9]>[A_conversion] n=4,avg=0.026768,stddev=0.028055,min=0.002560,max=0.067200,sum=0.107072[0m
Iteration 2
[96m<[process 3]>[internode_comm] n=4,avg=11.629343,stddev=4.537437,min=5.743776,max=16.185663,sum=46.517372[0m
[96m<[process 3]>[intranode_comm] n=4,avg=8.654673,stddev=10.190588,min=0.465568,max=23.476225,sum=34.618690[0m
[96m<[process 3]>[comp_time] n=4,avg=0.002760,stddev=0.000511,min=0.002304,max=0.003488,sum=0.011040[0m
[96m<[process 3]>[A_conversion] n=4,avg=0.014136,stddev=0.006238,min=0.005216,max=0.019744,sum=0.056544[0m
[96m<[process 10]>[internode_comm] n=4,avg=2.625224,stddev=2.803146,min=0.325408,max=6.708032,sum=10.500896[0m
[96m<[process 10]>[intranode_comm] n=4,avg=13.439159,stddev=15.246316,min=0.431104,max=32.800415,sum=53.756638[0m
[96m<[process 10]>[comp_time] n=4,avg=0.002384,stddev=0.000076,min=0.002336,max=0.002496,sum=0.009536[0m
[96m<[process 10]>[A_conversion] n=4,avg=2.019608,stddev=2.812420,min=0.002880,max=5.975424,sum=8.078432[0m
[96m<[process 2]>[internode_comm] n=4,avg=11.331416,stddev=3.674430,min=7.199168,max=15.714208,sum=45.325665[0m
[96m<[process 2]>[intranode_comm] n=4,avg=8.276088,stddev=9.165323,min=0.457280,max=18.145857,sum=33.104351[0m
[96m<[process 2]>[comp_time] n=4,avg=0.002376,stddev=0.000040,min=0.002336,max=0.002432,sum=0.009504[0m
[96m<[process 2]>[A_conversion] n=4,avg=0.016248,stddev=0.009865,min=0.002368,max=0.025472,sum=0.064992[0m
[96m<[process 5]>[internode_comm] n=4,avg=7.831104,stddev=3.014007,min=5.323712,max=11.944480,sum=31.324417[0m
[96m<[process 5]>[intranode_comm] n=4,avg=9.814192,stddev=8.580521,min=0.590880,max=21.181473,sum=39.256767[0m
[96m<[process 5]>[comp_time] n=4,avg=0.002632,stddev=0.000221,min=0.002336,max=0.002816,sum=0.010528[0m
[96m<[process 5]>[A_conversion] n=4,avg=0.572744,stddev=1.120402,min=0.002432,max=2.253312,sum=2.290976[0m
[96m<[process 1]>[internode_comm] n=4,avg=10.528112,stddev=3.016357,min=6.767552,max=13.302688,sum=42.112450[0m
[96m<[process 1]>[intranode_comm] n=4,avg=10.864744,stddev=10.398582,min=0.577696,max=25.068159,sum=43.458977[0m
[96m<[process 1]>[comp_time] n=4,avg=0.002376,stddev=0.000102,min=0.002304,max=0.002528,sum=0.009504[0m
[96m<[process 1]>[A_conversion] n=4,avg=0.013208,stddev=0.007290,min=0.004672,max=0.022496,sum=0.052832[0m
[96m<[process 11]>[internode_comm] n=4,avg=9.982400,stddev=5.885921,min=4.813984,max=18.397568,sum=39.929600[0m
[96m<[process 11]>[intranode_comm] n=4,avg=11.038984,stddev=10.496548,min=0.533568,max=25.487104,sum=44.155937[0m
[96m<[process 11]>[comp_time] n=4,avg=0.002408,stddev=0.000187,min=0.002304,max=0.002688,sum=0.009632[0m
[96m<[process 11]>[A_conversion] n=4,avg=0.013304,stddev=0.007320,min=0.002336,max=0.017312,sum=0.053216[0m
[96m<[process 4]>[internode_comm] n=4,avg=14.528080,stddev=8.555755,min=3.939200,max=24.541376,sum=58.112320[0m
[96m<[process 4]>[intranode_comm] n=4,avg=10.932337,stddev=5.789185,min=3.916736,max=18.059233,sum=43.729347[0m
[96m<[process 4]>[comp_time] n=4,avg=0.002432,stddev=0.000136,min=0.002336,max=0.002624,sum=0.009728[0m
[96m<[process 4]>[A_conversion] n=4,avg=0.021840,stddev=0.013801,min=0.002368,max=0.034560,sum=0.087360[0m
Iteration 3
[96m<[process 15]>[internode_comm] n=4,avg=6.287368,stddev=4.371433,min=0.041152,max=10.163040,sum=25.149473[0m
[96m<[process 15]>[intranode_comm] n=4,avg=11.549736,stddev=9.719996,min=1.674592,max=24.114592,sum=46.198944[0m
[96m<[process 15]>[comp_time] n=4,avg=0.002632,stddev=0.000234,min=0.002432,max=0.002880,sum=0.010528[0m
[96m<[process 15]>[A_conversion] n=4,avg=0.012568,stddev=0.012120,min=0.002400,max=0.027712,sum=0.050272[0m
[96m<[process 14]>[internode_comm] n=4,avg=13.311769,stddev=6.118284,min=6.989696,max=21.246689,sum=53.247074[0m
[96m<[process 14]>[intranode_comm] n=4,avg=11.026159,stddev=12.192175,min=0.571136,max=25.850304,sum=44.104637[0m
[96m<[process 14]>[comp_time] n=4,avg=0.002472,stddev=0.000109,min=0.002336,max=0.002560,sum=0.009888[0m
[96m<[process 14]>[A_conversion] n=4,avg=0.016912,stddev=0.002379,min=0.014144,max=0.019200,sum=0.067648[0m
[96m<[process 8]>[internode_comm] n=4,avg=11.416431,stddev=6.275158,min=6.336960,max=20.555807,sum=45.665726[0m
[96m<[process 8]>[intranode_comm] n=4,avg=11.254448,stddev=5.192102,min=3.524064,max=14.703296,sum=45.017792[0m
[96m<[process 8]>[comp_time] n=4,avg=0.002360,stddev=0.000016,min=0.002336,max=0.002368,sum=0.009440[0m
[96m<[process 8]>[A_conversion] n=4,avg=0.383496,stddev=0.728336,min=0.018720,max=1.476000,sum=1.533984[0m
[96m<[process 13]>[internode_comm] n=4,avg=7.717200,stddev=9.344727,min=0.530912,max=21.394655,sum=30.868799[0m
[96m<[process 13]>[intranode_comm] n=4,avg=13.369848,stddev=9.068800,min=6.162880,max=26.643423,sum=53.479393[0m
[96m<[process 13]>[comp_time] n=4,avg=0.002312,stddev=0.000016,min=0.002304,max=0.002336,sum=0.009248[0m
[96m<[process 13]>[A_conversion] n=4,avg=0.016208,stddev=0.008356,min=0.003936,max=0.022688,sum=0.064832[0m
[96m<[process 12]>[internode_comm] n=4,avg=12.300872,stddev=4.837289,min=5.854368,max=16.376545,sum=49.203487[0m
[96m<[process 12]>[intranode_comm] n=4,avg=12.349999,stddev=8.206610,min=6.371232,max=24.458015,sum=49.399998[0m
[96m<[process 12]>[comp_time] n=4,avg=0.002520,stddev=0.000347,min=0.002336,max=0.003040,sum=0.010080[0m
[96m<[process 12]>[A_conversion] n=4,avg=0.012848,stddev=0.005328,min=0.005344,max=0.016864,sum=0.051392[0m
[96m<[process 0]>[internode_comm] n=4,avg=9.749167,stddev=5.117057,min=5.045728,max=16.227903,sum=38.996670[0m
[96m<[process 0]>[intranode_comm] n=4,avg=16.389288,stddev=11.317991,min=3.354816,max=29.203327,sum=65.557152[0m
[96m<[process 0]>[comp_time] n=4,avg=0.146056,stddev=0.287355,min=0.002368,max=0.577088,sum=0.584224[0m
[96m<[process 0]>[A_conversion] n=4,avg=0.012760,stddev=0.012512,min=0.002368,max=0.027552,sum=0.051040[0m
NNZ C: 0
[96m<Timer>[spgemm] 10.966265 ms[0m
STARTING spgemm round: 7
Iteration 0
Iteration 1
Iteration 2
[96m<[process 7]>[internode_comm] n=4,avg=12.522184,stddev=6.478984,min=6.643008,max=20.596128,sum=50.088737[0m
[96m<[process 7]>[intranode_comm] n=4,avg=8.797656,stddev=10.242238,min=0.453984,max=23.680033,sum=35.190624[0m
[96m<[process 7]>[comp_time] n=4,avg=0.002392,stddev=0.000134,min=0.002304,max=0.002592,sum=0.009568[0m
[96m<[process 7]>[A_conversion] n=4,avg=0.018968,stddev=0.002617,min=0.016320,max=0.021280,sum=0.075872[0m
[96m<[process 2]>[internode_comm] n=4,avg=10.700368,stddev=9.626767,min=4.508256,max=24.843424,sum=42.801472[0m
[96m<[process 2]>[intranode_comm] n=4,avg=9.031552,stddev=9.887049,min=0.390944,max=17.645985,sum=36.126209[0m
[96m<[process 2]>[comp_time] n=4,avg=0.002448,stddev=0.000160,min=0.002368,max=0.002688,sum=0.009792[0m
[96m<[process 2]>[A_conversion] n=4,avg=0.015752,stddev=0.006884,min=0.005504,max=0.020288,sum=0.063008[0m
[96m<[process 10]>[internode_comm] n=4,avg=3.737152,stddev=2.456907,min=1.365280,max=6.843904,sum=14.948608[0m
[96m<[process 10]>[intranode_comm] n=4,avg=12.112945,stddev=14.246779,min=0.842656,max=31.379808,sum=48.451778[0m
[96m<[process 10]>[comp_time] n=4,avg=0.002552,stddev=0.000254,min=0.002336,max=0.002880,sum=0.010208[0m
[96m<[process 10]>[A_conversion] n=4,avg=1.936488,stddev=3.840616,min=0.010144,max=7.697408,sum=7.745952[0m
[96m<[process 15]>[internode_comm] n=4,avg=9.954512,stddev=6.532297,min=2.475328,max=17.006176,sum=39.818047[0m
[96m<[process 15]>[intranode_comm] n=4,avg=10.372888,stddev=13.111115,min=0.537920,max=29.661472,sum=41.491550[0m
[96m<[process 15]>[comp_time] n=4,avg=0.002432,stddev=0.000069,min=0.002336,max=0.002496,sum=0.009728[0m
[96m<[process 15]>[A_conversion] n=4,avg=0.017064,stddev=0.010402,min=0.007936,max=0.031520,sum=0.068256[0m
[96m<[process 11]>[internode_comm] n=4,avg=13.121280,stddev=10.802869,min=2.352192,max=25.948160,sum=52.485119[0m
[96m<[process 11]>[intranode_comm] n=4,avg=11.002664,stddev=12.580655,min=1.327392,max=29.324608,sum=44.010654[0m
[96m<[process 11]>[comp_time] n=4,avg=0.002320,stddev=0.000018,min=0.002304,max=0.002336,sum=0.009280[0m
[96m<[process 11]>[A_conversion] n=4,avg=0.018440,stddev=0.001617,min=0.016992,max=0.020640,sum=0.073760[0m
[96m<[process 14]>[internode_comm] n=4,avg=11.388256,stddev=9.321794,min=4.011296,max=24.999584,sum=45.553024[0m
[96m<[process 14]>[intranode_comm] n=4,avg=11.721865,stddev=15.729770,min=0.512480,max=33.879135,sum=46.887459[0m
[96m<[process 14]>[comp_time] n=4,avg=0.002440,stddev=0.000102,min=0.002336,max=0.002528,sum=0.009760[0m
[96m<[process 14]>[A_conversion] n=4,avg=0.031464,stddev=0.025283,min=0.017152,max=0.069344,sum=0.125856[0m
Iteration 3
[96m<[process 3]>[internode_comm] n=4,avg=13.517712,stddev=4.325275,min=7.421664,max=16.784639,sum=54.070847[0m
[96m<[process 3]>[intranode_comm] n=4,avg=10.119160,stddev=9.901968,min=0.461280,max=23.957888,sum=40.476639[0m
[96m<[process 3]>[comp_time] n=4,avg=0.002664,stddev=0.000699,min=0.002304,max=0.003712,sum=0.010656[0m
[96m<[process 3]>[A_conversion] n=4,avg=0.018744,stddev=0.003769,min=0.013248,max=0.021824,sum=0.074976[0m
[96m<[process 9]>[internode_comm] n=4,avg=11.784480,stddev=7.689328,min=4.934272,max=22.552256,sum=47.137920[0m
[96m<[process 9]>[intranode_comm] n=4,avg=10.483920,stddev=9.192875,min=0.365184,max=21.888960,sum=41.935680[0m
[96m<[process 9]>[comp_time] n=4,avg=0.002376,stddev=0.000061,min=0.002336,max=0.002464,sum=0.009504[0m
[96m<[process 9]>[A_conversion] n=4,avg=0.030648,stddev=0.035580,min=0.002304,max=0.082432,sum=0.122592[0m
[96m<[process 6]>[internode_comm] n=4,avg=13.701200,stddev=9.896560,min=6.070304,max=28.231680,sum=54.804802[0m
[96m<[process 6]>[intranode_comm] n=4,avg=7.671752,stddev=9.350603,min=0.494912,max=20.207232,sum=30.687008[0m
[96m<[process 6]>[comp_time] n=4,avg=0.002672,stddev=0.000522,min=0.002304,max=0.003424,sum=0.010688[0m
[96m<[process 6]>[A_conversion] n=4,avg=0.019936,stddev=0.003121,min=0.017056,max=0.023680,sum=0.079744[0m
[96m<[process 5]>[internode_comm] n=4,avg=7.675640,stddev=2.697185,min=5.125856,max=11.482816,sum=30.702560[0m
[96m<[process 5]>[intranode_comm] n=4,avg=13.616673,stddev=9.711049,min=0.463424,max=22.517984,sum=54.466690[0m
[96m<[process 5]>[comp_time] n=4,avg=0.002632,stddev=0.000378,min=0.002336,max=0.003168,sum=0.010528[0m
[96m<[process 5]>[A_conversion] n=4,avg=0.028800,stddev=0.023800,min=0.002336,max=0.056384,sum=0.115200[0m
[96m<[process 4]>[internode_comm] n=4,avg=6.725288,stddev=3.982931,min=3.110848,max=12.145696,sum=26.901152[0m
[96m<[process 4]>[intranode_comm] n=4,avg=14.383072,stddev=10.181023,min=5.901856,max=28.371231,sum=57.532288[0m
[96m<[process 4]>[comp_time] n=4,avg=0.002464,stddev=0.000181,min=0.002336,max=0.002720,sum=0.009856[0m
[96m<[process 4]>[A_conversion] n=4,avg=0.021280,stddev=0.003179,min=0.017632,max=0.024576,sum=0.085120[0m
[96m<[process 13]>[internode_comm] n=4,avg=6.352520,stddev=3.464538,min=1.230912,max=8.888416,sum=25.410080[0m
[96m<[process 13]>[intranode_comm] n=4,avg=12.047369,stddev=14.237267,min=0.529984,max=32.805218,sum=48.189476[0m
[96m<[process 13]>[comp_time] n=4,avg=0.002632,stddev=0.000614,min=0.002304,max=0.003552,sum=0.010528[0m
[96m<[process 13]>[A_conversion] n=4,avg=0.011608,stddev=0.007432,min=0.004608,max=0.018880,sum=0.046432[0m
[96m<[process 0]>[internode_comm] n=4,avg=7.364816,stddev=4.007894,min=4.101376,max=12.770592,sum=29.459263[0m
[96m<[process 0]>[intranode_comm] n=4,avg=16.775360,stddev=8.572524,min=5.781792,max=26.099136,sum=67.101440[0m
[96m<[process 0]>[comp_time] n=4,avg=0.002352,stddev=0.000018,min=0.002336,max=0.002368,sum=0.009408[0m
[96m<[process 0]>[A_conversion] n=4,avg=0.019912,stddev=0.003103,min=0.018016,max=0.024544,sum=0.079648[0m
[96m<[process 1]>[internode_comm] n=4,avg=9.333600,stddev=3.292400,min=6.266272,max=13.871168,sum=37.334400[0m
[96m<[process 1]>[intranode_comm] n=4,avg=13.780655,stddev=12.306149,min=0.562848,max=30.090624,sum=55.122620[0m
[96m<[process 1]>[comp_time] n=4,avg=0.002480,stddev=0.000331,min=0.002304,max=0.002976,sum=0.009920[0m
[96m<[process 1]>[A_conversion] n=4,avg=0.015048,stddev=0.006096,min=0.006592,max=0.021120,sum=0.060192[0m
[96m<[process 8]>[internode_comm] n=4,avg=4.773840,stddev=2.298042,min=1.359552,max=6.267296,sum=19.095360[0m
[96m<[process 8]>[intranode_comm] n=4,avg=12.562519,stddev=8.377772,min=5.609376,max=23.162560,sum=50.250076[0m
[96m<[process 8]>[comp_time] n=4,avg=0.002536,stddev=0.000359,min=0.002336,max=0.003072,sum=0.010144[0m
[96m<[process 8]>[A_conversion] n=4,avg=0.015336,stddev=0.005862,min=0.007040,max=0.020704,sum=0.061344[0m
[96m<[process 12]>[internode_comm] n=4,avg=13.726624,stddev=9.688438,min=6.478304,max=27.282400,sum=54.906494[0m
[96m<[process 12]>[intranode_comm] n=4,avg=12.273680,stddev=10.766940,min=3.393184,max=27.837313,sum=49.094719[0m
[96m<[process 12]>[comp_time] n=4,avg=0.002360,stddev=0.000040,min=0.002304,max=0.002400,sum=0.009440[0m
[96m<[process 12]>[A_conversion] n=4,avg=0.016336,stddev=0.010072,min=0.002336,max=0.026336,sum=0.065344[0m
NNZ C: 0
[96m<Timer>[spgemm] 18.477259 ms[0m
STARTING spgemm round: 8
Iteration 0
Iteration 1
Iteration 2
[96m<[process 6]>[internode_comm] n=4,avg=9.027008,stddev=3.434202,min=5.921856,max=12.418048,sum=36.108032[0m
[96m<[process 6]>[intranode_comm] n=4,avg=7.504864,stddev=8.909771,min=0.501536,max=19.162144,sum=30.019457[0m
[96m<[process 6]>[comp_time] n=4,avg=0.002440,stddev=0.000142,min=0.002304,max=0.002592,sum=0.009760[0m
[96m<[process 6]>[A_conversion] n=4,avg=0.015312,stddev=0.006873,min=0.005120,max=0.019680,sum=0.061248[0m
[96m<[process 7]>[internode_comm] n=4,avg=8.785992,stddev=6.342094,min=0.149888,max=15.182496,sum=35.143967[0m
[96m<[process 7]>[intranode_comm] n=4,avg=8.056353,stddev=8.786642,min=0.518208,max=20.687489,sum=32.225410[0m
[96m<[process 7]>[comp_time] n=4,avg=0.002320,stddev=0.000018,min=0.002304,max=0.002336,sum=0.009280[0m
[96m<[process 7]>[A_conversion] n=4,avg=0.013848,stddev=0.006135,min=0.005568,max=0.019456,sum=0.055392[0m
[96m<[process 3]>[internode_comm] n=4,avg=12.423849,stddev=3.066009,min=9.256704,max=16.370176,sum=49.695396[0m
[96m<[process 3]>[intranode_comm] n=4,avg=9.305609,stddev=9.161826,min=0.472640,max=21.571297,sum=37.222435[0m
[96m<[process 3]>[comp_time] n=4,avg=0.002800,stddev=0.000538,min=0.002336,max=0.003328,sum=0.011200[0m
[96m<[process 3]>[A_conversion] n=4,avg=0.016216,stddev=0.007659,min=0.004736,max=0.020320,sum=0.064864[0m
[96m<[process 4]>[internode_comm] n=4,avg=9.013792,stddev=6.617089,min=3.429056,max=18.216928,sum=36.055168[0m
[96m<[process 4]>[intranode_comm] n=4,avg=14.619936,stddev=6.319556,min=10.102624,max=23.870016,sum=58.479744[0m
[96m<[process 4]>[comp_time] n=4,avg=0.002360,stddev=0.000031,min=0.002336,max=0.002400,sum=0.009440[0m
[96m<[process 4]>[A_conversion] n=4,avg=0.015728,stddev=0.007641,min=0.005152,max=0.023392,sum=0.062912[0m
[96m<[process 10]>[internode_comm] n=4,avg=3.732736,stddev=2.734368,min=1.061920,max=6.723968,sum=14.930944[0m
[96m<[process 10]>[intranode_comm] n=4,avg=12.887208,stddev=13.904154,min=0.433664,max=26.440256,sum=51.548832[0m
[96m<[process 10]>[comp_time] n=4,avg=0.002528,stddev=0.000245,min=0.002336,max=0.002848,sum=0.010112[0m
[96m<[process 10]>[A_conversion] n=4,avg=1.160456,stddev=2.281467,min=0.003360,max=4.582592,sum=4.641824[0m
[96m<[process 9]>[internode_comm] n=4,avg=9.373745,stddev=6.574339,min=2.647136,max=18.409857,sum=37.494980[0m
[96m<[process 9]>[intranode_comm] n=4,avg=9.706528,stddev=8.948833,min=1.548576,max=22.445921,sum=38.826111[0m
[96m<[process 9]>[comp_time] n=4,avg=0.002656,stddev=0.000326,min=0.002336,max=0.003104,sum=0.010624[0m
[96m<[process 9]>[A_conversion] n=4,avg=0.014712,stddev=0.002892,min=0.010624,max=0.016928,sum=0.058848[0m
[96m<[process 2]>[internode_comm] n=4,avg=15.277136,stddev=13.177531,min=5.064704,max=34.407009,sum=61.108543[0m
[96m<[process 2]>[intranode_comm] n=4,avg=8.095048,stddev=8.678963,min=0.393952,max=17.014336,sum=32.380192[0m
[96m<[process 2]>[comp_time] n=4,avg=0.002400,stddev=0.000091,min=0.002336,max=0.002528,sum=0.009600[0m
[96m<[process 2]>[A_conversion] n=4,avg=0.031256,stddev=0.035300,min=0.002464,max=0.082592,sum=0.125024[0m
[96m<[process 11]>[internode_comm] n=4,avg=11.302608,stddev=6.174742,min=5.376480,max=18.313919,sum=45.210430[0m
[96m<[process 11]>[intranode_comm] n=4,avg=9.934896,stddev=9.688749,min=0.520960,max=23.504000,sum=39.739586[0m
[96m<[process 11]>[comp_time] n=4,avg=0.002592,stddev=0.000449,min=0.002336,max=0.003264,sum=0.010368[0m
[96m<[process 11]>[A_conversion] n=4,avg=0.014400,stddev=0.008252,min=0.002336,max=0.020352,sum=0.057600[0m
[96m<[process 5]>[internode_comm] n=4,avg=8.732312,stddev=5.605029,min=0.831904,max=13.500576,sum=34.929249[0m
[96m<[process 5]>[intranode_comm] n=4,avg=9.021000,stddev=8.413112,min=0.636384,max=20.684896,sum=36.084000[0m
[96m<[process 5]>[comp_time] n=4,avg=0.002368,stddev=0.000108,min=0.002304,max=0.002528,sum=0.009472[0m
[96m<[process 5]>[A_conversion] n=4,avg=0.015864,stddev=0.009571,min=0.002336,max=0.023872,sum=0.063456[0m
[96m<[process 8]>[internode_comm] n=4,avg=13.200568,stddev=8.304340,min=4.980800,max=22.428255,sum=52.802273[0m
[96m<[process 8]>[intranode_comm] n=4,avg=12.972159,stddev=7.676365,min=3.485152,max=22.184223,sum=51.888638[0m
[96m<[process 8]>[comp_time] n=4,avg=0.002512,stddev=0.000352,min=0.002336,max=0.003040,sum=0.010048[0m
[96m<[process 8]>[A_conversion] n=4,avg=0.018176,stddev=0.007193,min=0.007808,max=0.023104,sum=0.072704[0m
Iteration 3
[96m<[process 14]>[internode_comm] n=4,avg=15.058200,stddev=9.441056,min=5.126752,max=24.903200,sum=60.232800[0m
[96m<[process 14]>[intranode_comm] n=4,avg=13.509344,stddev=16.140760,min=0.506752,max=33.890785,sum=54.037376[0m
[96m<[process 14]>[comp_time] n=4,avg=0.002464,stddev=0.000235,min=0.002336,max=0.002816,sum=0.009856[0m
[96m<[process 14]>[A_conversion] n=4,avg=0.013816,stddev=0.007439,min=0.004448,max=0.020064,sum=0.055264[0m
[96m<[process 13]>[internode_comm] n=4,avg=8.321840,stddev=2.538117,min=4.963840,max=10.803264,sum=33.287361[0m
[96m<[process 13]>[intranode_comm] n=4,avg=12.934441,stddev=10.784282,min=0.447040,max=24.959583,sum=51.737762[0m
[96m<[process 13]>[comp_time] n=4,avg=0.002376,stddev=0.000151,min=0.002272,max=0.002592,sum=0.009504[0m
[96m<[process 13]>[A_conversion] n=4,avg=0.017808,stddev=0.007635,min=0.009408,max=0.027104,sum=0.071232[0m
[96m<[process 12]>[internode_comm] n=4,avg=8.692520,stddev=5.843210,min=2.518144,max=16.318209,sum=34.770081[0m
[96m<[process 12]>[intranode_comm] n=4,avg=11.916512,stddev=12.599419,min=3.440000,max=30.645439,sum=47.666046[0m
[96m<[process 12]>[comp_time] n=4,avg=0.002488,stddev=0.000244,min=0.002336,max=0.002848,sum=0.009952[0m
[96m<[process 12]>[A_conversion] n=4,avg=0.022576,stddev=0.009393,min=0.016160,max=0.036448,sum=0.090304[0m
[96m<[process 15]>[internode_comm] n=4,avg=11.495064,stddev=6.623581,min=4.799328,max=17.593121,sum=45.980255[0m
[96m<[process 15]>[intranode_comm] n=4,avg=11.431615,stddev=9.640902,min=0.535840,max=22.045824,sum=45.726460[0m
[96m<[process 15]>[comp_time] n=4,avg=0.002480,stddev=0.000149,min=0.002304,max=0.002656,sum=0.009920[0m
[96m<[process 15]>[A_conversion] n=4,avg=0.011832,stddev=0.011069,min=0.002336,max=0.024608,sum=0.047328[0m
[96m<[process 0]>[internode_comm] n=4,avg=9.084704,stddev=11.073445,min=0.315008,max=25.198721,sum=36.338818[0m
[96m<[process 0]>[intranode_comm] n=4,avg=16.640856,stddev=7.286525,min=5.886720,max=21.976929,sum=66.563423[0m
[96m<[process 0]>[comp_time] n=4,avg=0.002440,stddev=0.000115,min=0.002336,max=0.002592,sum=0.009760[0m
[96m<[process 0]>[A_conversion] n=4,avg=0.607128,stddev=1.197209,min=0.002816,max=2.402912,sum=2.428512[0m
[96m<[process 1]>[internode_comm] n=4,avg=11.943120,stddev=8.043976,min=3.166016,max=22.328287,sum=47.772480[0m
[96m<[process 1]>[intranode_comm] n=4,avg=11.991872,stddev=8.950435,min=0.656192,max=22.096607,sum=47.967487[0m
[96m<[process 1]>[comp_time] n=4,avg=0.002624,stddev=0.000640,min=0.002304,max=0.003584,sum=0.010496[0m
[96m<[process 1]>[A_conversion] n=4,avg=0.021472,stddev=0.017851,min=0.002304,max=0.045376,sum=0.085888[0m
NNZ C: 0
[96m<Timer>[spgemm] 11.072188 ms[0m
STARTING spgemm round: 9
Iteration 0
Iteration 1
Iteration 2
[96m<[process 7]>[internode_comm] n=4,avg=10.917105,stddev=2.992764,min=6.902144,max=14.030112,sum=43.668419[0m
[96m<[process 7]>[intranode_comm] n=4,avg=9.207600,stddev=8.294247,min=0.538368,max=20.348673,sum=36.830399[0m
[96m<[process 7]>[comp_time] n=4,avg=0.002328,stddev=0.000031,min=0.002304,max=0.002368,sum=0.009312[0m
[96m<[process 7]>[A_conversion] n=4,avg=0.014864,stddev=0.005749,min=0.006400,max=0.019136,sum=0.059456[0m
[96m<[process 9]>[internode_comm] n=4,avg=5.774512,stddev=3.634184,min=1.121664,max=9.747552,sum=23.098047[0m
[96m<[process 9]>[intranode_comm] n=4,avg=8.540200,stddev=7.787332,min=0.357792,max=19.082304,sum=34.160801[0m
[96m<[process 9]>[comp_time] n=4,avg=0.002680,stddev=0.000340,min=0.002432,max=0.003168,sum=0.010720[0m
[96m<[process 9]>[A_conversion] n=4,avg=0.016688,stddev=0.010677,min=0.002656,max=0.028480,sum=0.066752[0m
[96m<[process 3]>[internode_comm] n=4,avg=9.614952,stddev=6.609798,min=0.577152,max=16.450945,sum=38.459808[0m
[96m<[process 3]>[intranode_comm] n=4,avg=9.698585,stddev=9.653854,min=1.950720,max=23.664608,sum=38.794338[0m
[96m<[process 3]>[comp_time] n=4,avg=0.002312,stddev=0.000016,min=0.002304,max=0.002336,sum=0.009248[0m
[96m<[process 3]>[A_conversion] n=4,avg=0.023288,stddev=0.003021,min=0.020672,max=0.026912,sum=0.093152[0m
[96m<[process 4]>[internode_comm] n=4,avg=6.264920,stddev=2.594338,min=4.023552,max=9.386944,sum=25.059681[0m
[96m<[process 4]>[intranode_comm] n=4,avg=13.793072,stddev=7.170397,min=9.363648,max=24.432224,sum=55.172287[0m
[96m<[process 4]>[comp_time] n=4,avg=0.002440,stddev=0.000115,min=0.002336,max=0.002592,sum=0.009760[0m
[96m<[process 4]>[A_conversion] n=4,avg=0.022032,stddev=0.016532,min=0.003968,max=0.043616,sum=0.088128[0m
[96m<[process 2]>[internode_comm] n=4,avg=9.897936,stddev=7.417291,min=0.316864,max=16.538784,sum=39.591743[0m
[96m<[process 2]>[intranode_comm] n=4,avg=7.326816,stddev=7.915313,min=0.383328,max=14.235936,sum=29.307262[0m
[96m<[process 2]>[comp_time] n=4,avg=0.002360,stddev=0.000016,min=0.002336,max=0.002368,sum=0.009440[0m
[96m<[process 2]>[A_conversion] n=4,avg=0.020048,stddev=0.009644,min=0.008096,max=0.030912,sum=0.080192[0m
[96m<[process 1]>[internode_comm] n=4,avg=14.095568,stddev=5.126894,min=6.878304,max=18.784416,sum=56.382271[0m
[96m<[process 1]>[intranode_comm] n=4,avg=11.126280,stddev=10.400507,min=0.617056,max=25.493759,sum=44.505119[0m
[96m<[process 1]>[comp_time] n=4,avg=0.002408,stddev=0.000048,min=0.002336,max=0.002432,sum=0.009632[0m
[96m<[process 1]>[A_conversion] n=4,avg=0.364344,stddev=0.699183,min=0.007424,max=1.413088,sum=1.457376[0m
[96m<[process 11]>[internode_comm] n=4,avg=11.114512,stddev=1.628495,min=9.532352,max=13.281312,sum=44.458050[0m
[96m<[process 11]>[intranode_comm] n=4,avg=10.192648,stddev=10.984556,min=0.470464,max=25.909184,sum=40.770592[0m
[96m<[process 11]>[comp_time] n=4,avg=0.002344,stddev=0.000040,min=0.002304,max=0.002400,sum=0.009376[0m
[96m<[process 11]>[A_conversion] n=4,avg=0.012592,stddev=0.007462,min=0.002304,max=0.018944,sum=0.050368[0m
Iteration 3
[96m<[process 10]>[internode_comm] n=4,avg=4.396040,stddev=1.903920,min=2.050688,max=6.702304,sum=17.584160[0m
[96m<[process 10]>[intranode_comm] n=4,avg=14.054576,stddev=16.010641,min=0.445920,max=31.436705,sum=56.218304[0m
[96m<[process 10]>[comp_time] n=4,avg=0.002688,stddev=0.000399,min=0.002336,max=0.003136,sum=0.010752[0m
[96m<[process 10]>[A_conversion] n=4,avg=0.019648,stddev=0.017118,min=0.002592,max=0.043424,sum=0.078592[0m
[96m<[process 6]>[internode_comm] n=4,avg=14.815056,stddev=12.052458,min=3.012320,max=25.649759,sum=59.260223[0m
[96m<[process 6]>[intranode_comm] n=4,avg=7.430560,stddev=8.781518,min=0.454560,max=18.805632,sum=29.722240[0m
[96m<[process 6]>[comp_time] n=4,avg=0.002320,stddev=0.000018,min=0.002304,max=0.002336,sum=0.009280[0m
[96m<[process 6]>[A_conversion] n=4,avg=0.013968,stddev=0.007763,min=0.002336,max=0.018208,sum=0.055872[0m
[96m<[process 14]>[internode_comm] n=4,avg=8.713432,stddev=2.601619,min=6.127840,max=11.523840,sum=34.853729[0m
[96m<[process 14]>[intranode_comm] n=4,avg=11.566640,stddev=13.019812,min=0.512736,max=26.208576,sum=46.266560[0m
[96m<[process 14]>[comp_time] n=4,avg=0.002504,stddev=0.000227,min=0.002336,max=0.002816,sum=0.010016[0m
[96m<[process 14]>[A_conversion] n=4,avg=0.018256,stddev=0.002325,min=0.016320,max=0.021248,sum=0.073024[0m
[96m<[process 8]>[internode_comm] n=4,avg=9.592888,stddev=4.062981,min=5.552640,max=14.911968,sum=38.371552[0m
[96m<[process 8]>[intranode_comm] n=4,avg=10.404152,stddev=5.547760,min=3.532224,max=15.887296,sum=41.616608[0m
[96m<[process 8]>[comp_time] n=4,avg=0.006216,stddev=0.007462,min=0.002336,max=0.017408,sum=0.024864[0m
[96m<[process 8]>[A_conversion] n=4,avg=0.018104,stddev=0.002383,min=0.015136,max=0.020864,sum=0.072416[0m
[96m<[process 13]>[internode_comm] n=4,avg=5.139048,stddev=3.794625,min=0.076992,max=8.981792,sum=20.556192[0m
[96m<[process 13]>[intranode_comm] n=4,avg=13.476120,stddev=10.119361,min=0.437024,max=23.898432,sum=53.904480[0m
[96m<[process 13]>[comp_time] n=4,avg=0.002344,stddev=0.000080,min=0.002304,max=0.002464,sum=0.009376[0m
[96m<[process 13]>[A_conversion] n=4,avg=0.018632,stddev=0.006755,min=0.011104,max=0.027520,sum=0.074528[0m
[96m<[process 5]>[internode_comm] n=4,avg=6.861328,stddev=7.073718,min=0.364896,max=16.340321,sum=27.445312[0m
[96m<[process 5]>[intranode_comm] n=4,avg=11.609535,stddev=8.394863,min=0.506976,max=18.196833,sum=46.438141[0m
[96m<[process 5]>[comp_time] n=4,avg=0.002360,stddev=0.000055,min=0.002304,max=0.002432,sum=0.009440[0m
[96m<[process 5]>[A_conversion] n=4,avg=0.026680,stddev=0.028803,min=0.002368,max=0.068384,sum=0.106720[0m
[96m<[process 15]>[internode_comm] n=4,avg=8.325120,stddev=7.391967,min=0.317472,max=18.192545,sum=33.300480[0m
[96m<[process 15]>[intranode_comm] n=4,avg=13.220800,stddev=13.660154,min=0.567168,max=32.139328,sum=52.883202[0m
[96m<[process 15]>[comp_time] n=4,avg=0.002408,stddev=0.000106,min=0.002336,max=0.002560,sum=0.009632[0m
[96m<[process 15]>[A_conversion] n=4,avg=0.014120,stddev=0.008858,min=0.002592,max=0.022016,sum=0.056480[0m
[96m<[process 0]>[internode_comm] n=4,avg=10.420295,stddev=4.911500,min=4.840032,max=16.403423,sum=41.681179[0m
[96m<[process 0]>[intranode_comm] n=4,avg=13.974880,stddev=11.458385,min=3.334528,max=29.899649,sum=55.899521[0m
[96m<[process 0]>[comp_time] n=4,avg=0.002576,stddev=0.000318,min=0.002368,max=0.003040,sum=0.010304[0m
[96m<[process 0]>[A_conversion] n=4,avg=0.013360,stddev=0.013036,min=0.002336,max=0.028864,sum=0.053440[0m
[96m<[process 12]>[internode_comm] n=4,avg=7.778072,stddev=4.702050,min=2.759744,max=13.659008,sum=31.112289[0m
[96m<[process 12]>[intranode_comm] n=4,avg=10.077185,stddev=9.165607,min=3.444896,max=23.607328,sum=40.308739[0m
[96m<[process 12]>[comp_time] n=4,avg=0.002432,stddev=0.000192,min=0.002336,max=0.002720,sum=0.009728[0m
[96m<[process 12]>[A_conversion] n=4,avg=0.015280,stddev=0.007609,min=0.004352,max=0.020960,sum=0.061120[0m
NNZ C: 0
[96m<Timer>[spgemm] 12.690998 ms[0m
