[36m----Running HnS-SpGEMM----[0m
A matrix file path: /global/cfs/cdirs/m4646/hnsspgemm/datasets/known_squaring_nnz/vanHeukelum/cage15/cage15.bmtx
B matrix file path: /global/cfs/cdirs/m4646/hnsspgemm/datasets/known_squaring_nnz/vanHeukelum/cage15/cage15.bmtx
Number of processes per row: 2
Number of processes per col: 2
Number of processes per node: 1
Chosen implementation: get(main use MPI_Put)
A stored in CSC format: 0
Spcomm enabled: 0 (It require --Acsc)
         col 0          col 1          
       ------------------- ------------------- 
row 0  | Node0 [0  ]     | Node0 [1  ]     |
       ------------------- ------------------- 
row 1  | Node0 [2  ]     | Node0 [3  ]     |
       ------------------- ------------------- 
Beginning conversion
Done conversion
[96m<Timer>[spacomm] 0.000080 ms[0m
Beginning spgemm -- implementation: get
STARTING spgemm round: 0
[96m<[process 0]>[internode_comm] 48.740704 ms[0m
[96m<[process 0]>[intranode_comm] 5.506400 ms[0m
[96m<[process 0]>[comp_time] 164.849762 ms[0m
[96m<[process 1]>[internode_comm] 3142.886475 ms[0m
[96m<[process 1]>[intranode_comm] 5.160928 ms[0m
[96m<[process 1]>[comp_time] 33.848095 ms[0m
[96m<[process 2]>[internode_comm] 3176.498291 ms[0m
[96m<[process 2]>[intranode_comm] 4.841152 ms[0m
[96m<[process 2]>[comp_time] 46.551903 ms[0m
[96m<[process 0]>[internode_comm] n=2,avg=1413.813965,stddev=1930.505127,min=48.740704,max=2778.887207,sum=2827.627930[0m
[96m<[process 0]>[intranode_comm] n=2,avg=3.043056,stddev=3.483695,min=0.579712,max=5.506400,sum=6.086112[0m
[96m<[process 0]>[comp_time] n=2,avg=291.335022,stddev=178.877167,min=164.849762,max=417.820282,sum=582.670044[0m
[96m<[process 3]>[internode_comm] 5378.015625 ms[0m
[96m<[process 3]>[intranode_comm] 4.631808 ms[0m
[96m<[process 3]>[comp_time] 13.861920 ms[0m
[96m<[process 1]>[internode_comm] n=2,avg=2746.990234,stddev=559.881836,min=2351.093994,max=3142.886475,sum=5493.980469[0m
[96m<[process 1]>[intranode_comm] n=2,avg=5.745504,stddev=0.826715,min=5.160928,max=6.330080,sum=11.491008[0m
[96m<[process 1]>[comp_time] n=2,avg=71.630432,stddev=53.432293,min=33.848095,max=109.412766,sum=143.260864[0m
[96m<[process 2]>[internode_comm] n=2,avg=2751.980469,stddev=600.358826,min=2327.462646,max=3176.498291,sum=5503.960938[0m
[96m<[process 2]>[intranode_comm] n=2,avg=3.120176,stddev=2.433828,min=1.399200,max=4.841152,sum=6.240352[0m
[96m<[process 2]>[comp_time] n=2,avg=79.253693,stddev=46.247322,min=46.551903,max=111.955490,sum=158.507385[0m
[96m<[process 3]>[internode_comm] n=2,avg=2722.581543,stddev=3755.350830,min=67.147423,max=5378.015625,sum=5445.163086[0m
[96m<[process 3]>[intranode_comm] n=2,avg=3.025344,stddev=2.271883,min=1.418880,max=4.631808,sum=6.050688[0m
[96m<[process 3]>[comp_time] n=2,avg=465.715912,stddev=639.018066,min=13.861920,max=917.569885,sum=931.431824[0m
NNZ C: 929023247
[96m<Timer>[spgemm] 6384.304688 ms[0m
STARTING spgemm round: 1
[96m<[process 0]>[internode_comm] 48.278175 ms[0m
[96m<[process 0]>[intranode_comm] 6.901952 ms[0m
[96m<[process 0]>[comp_time] 196.380219 ms[0m
[96m<[process 2]>[internode_comm] 3119.621338 ms[0m
[96m<[process 2]>[intranode_comm] 0.594848 ms[0m
[96m<[process 2]>[comp_time] 33.074558 ms[0m
[96m<[process 1]>[internode_comm] 3150.530518 ms[0m
[96m<[process 1]>[intranode_comm] 1.290080 ms[0m
[96m<[process 1]>[comp_time] 39.731392 ms[0m
[96m<[process 0]>[internode_comm] n=2,avg=1399.518555,stddev=1910.942505,min=48.278175,max=2750.759033,sum=2799.037109[0m
[96m<[process 0]>[intranode_comm] n=2,avg=3.759840,stddev=4.443617,min=0.617728,max=6.901952,sum=7.519680[0m
[96m<[process 0]>[comp_time] n=2,avg=307.159363,stddev=156.665390,min=196.380219,max=417.938538,sum=614.318726[0m
[96m<[process 3]>[internode_comm] 5382.449707 ms[0m
[96m<[process 3]>[intranode_comm] 0.571520 ms[0m
[96m<[process 3]>[comp_time] 9.235392 ms[0m
[96m<[process 2]>[internode_comm] n=2,avg=2707.600830,stddev=582.684998,min=2295.580322,max=3119.621338,sum=5415.201660[0m
[96m<[process 2]>[intranode_comm] n=2,avg=1.114944,stddev=0.735527,min=0.594848,max=1.635040,sum=2.229888[0m
[96m<[process 2]>[comp_time] n=2,avg=76.110748,stddev=60.862366,min=33.074558,max=119.146942,sum=152.221497[0m
[96m<[process 1]>[internode_comm] n=2,avg=2730.033203,stddev=594.673157,min=2309.535645,max=3150.530518,sum=5460.066406[0m
[96m<[process 1]>[intranode_comm] n=2,avg=3.228112,stddev=2.740791,min=1.290080,max=5.166144,sum=6.456224[0m
[96m<[process 1]>[comp_time] n=2,avg=77.451393,stddev=53.344135,min=39.731392,max=115.171394,sum=154.902786[0m
[96m<[process 3]>[internode_comm] n=2,avg=2724.822266,stddev=3758.452637,min=67.194916,max=5382.449707,sum=5449.644531[0m
[96m<[process 3]>[intranode_comm] n=2,avg=1.003312,stddev=0.610646,min=0.571520,max=1.435104,sum=2.006624[0m
[96m<[process 3]>[comp_time] n=2,avg=460.403717,stddev=638.048340,min=9.235392,max=911.572021,sum=920.807434[0m
NNZ C: 929023247
[96m<Timer>[spgemm] 6374.213379 ms[0m
STARTING spgemm round: 2
[96m<[process 0]>[internode_comm] 48.254112 ms[0m
[96m<[process 0]>[intranode_comm] 1.146304 ms[0m
[96m<[process 0]>[comp_time] 160.199844 ms[0m
[96m<[process 3]>[internode_comm] 3117.635498 ms[0m
[96m<[process 3]>[intranode_comm] 0.637952 ms[0m
[96m<[process 3]>[comp_time] 9.416192 ms[0m
[96m<[process 2]>[internode_comm] 3112.145996 ms[0m
[96m<[process 2]>[intranode_comm] 0.587136 ms[0m
[96m<[process 2]>[comp_time] 31.985344 ms[0m
[96m<[process 0]>[internode_comm] n=2,avg=1423.204346,stddev=1944.473145,min=48.254112,max=2798.154541,sum=2846.408691[0m
[96m<[process 0]>[intranode_comm] n=2,avg=0.925952,stddev=0.311625,min=0.705600,max=1.146304,sum=1.851904[0m
[96m<[process 0]>[comp_time] n=2,avg=293.115601,stddev=187.971252,min=160.199844,max=426.031342,sum=586.231201[0m
[96m<[process 3]>[internode_comm] n=2,avg=1592.340820,stddev=2157.092285,min=67.046112,max=3117.635498,sum=3184.681641[0m
[96m<[process 3]>[intranode_comm] n=2,avg=1.033728,stddev=0.559712,min=0.637952,max=1.429504,sum=2.067456[0m
[96m<[process 3]>[comp_time] n=2,avg=467.158875,stddev=647.345886,min=9.416192,max=924.901550,sum=934.317749[0m
[96m<[process 1]>[internode_comm] 4158.329590 ms[0m
[96m<[process 1]>[intranode_comm] 1.232352 ms[0m
[96m<[process 1]>[comp_time] 29.212000 ms[0m
[96m<[process 2]>[internode_comm] n=2,avg=3212.208008,stddev=141.509048,min=3112.145996,max=3312.270020,sum=6424.416016[0m
[96m<[process 2]>[intranode_comm] n=2,avg=1.062144,stddev=0.671763,min=0.587136,max=1.537152,sum=2.124288[0m
[96m<[process 2]>[comp_time] n=2,avg=71.292374,stddev=55.588528,min=31.985344,max=110.599396,sum=142.584747[0m
[96m<[process 1]>[internode_comm] n=2,avg=3227.036133,stddev=1317.047974,min=2295.742432,max=4158.329590,sum=6454.072266[0m
[96m<[process 1]>[intranode_comm] n=2,avg=1.358048,stddev=0.177761,min=1.232352,max=1.483744,sum=2.716096[0m
[96m<[process 1]>[comp_time] n=2,avg=71.319519,stddev=59.549026,min=29.212000,max=113.427040,sum=142.639038[0m
NNZ C: 929023247
[96m<Timer>[spgemm] 6601.104492 ms[0m
STARTING spgemm round: 3
[96m<[process 0]>[internode_comm] 48.900703 ms[0m
[96m<[process 0]>[intranode_comm] 1.147168 ms[0m
[96m<[process 0]>[comp_time] 160.086075 ms[0m
[96m<[process 3]>[internode_comm] 3117.348877 ms[0m
[96m<[process 3]>[intranode_comm] 3.792960 ms[0m
[96m<[process 3]>[comp_time] 12.551712 ms[0m
[96m<[process 2]>[internode_comm] 3111.701660 ms[0m
[96m<[process 2]>[intranode_comm] 3.720416 ms[0m
[96m<[process 2]>[comp_time] 38.538273 ms[0m
[96m<[process 0]>[internode_comm] n=2,avg=1427.540039,stddev=1949.690430,min=48.900703,max=2806.179443,sum=2855.080078[0m
[96m<[process 0]>[intranode_comm] n=2,avg=0.877936,stddev=0.380752,min=0.608704,max=1.147168,sum=1.755872[0m
[96m<[process 0]>[comp_time] n=2,avg=289.509338,stddev=183.032120,min=160.086075,max=418.932587,sum=579.018677[0m
[96m<[process 3]>[internode_comm] n=2,avg=1592.204590,stddev=2156.879639,min=67.060417,max=3117.348877,sum=3184.409180[0m
[96m<[process 3]>[intranode_comm] n=2,avg=2.617216,stddev=1.662753,min=1.441472,max=3.792960,sum=5.234432[0m
[96m<[process 3]>[comp_time] n=2,avg=461.798584,stddev=635.331055,min=12.551712,max=911.045471,sum=923.597168[0m
[96m<[process 1]>[internode_comm] 4141.972656 ms[0m
[96m<[process 1]>[intranode_comm] 1.249184 ms[0m
[96m<[process 1]>[comp_time] 40.063007 ms[0m
[96m<[process 2]>[internode_comm] n=2,avg=3223.157227,stddev=157.621979,min=3111.701660,max=3334.612793,sum=6446.314453[0m
[96m<[process 2]>[intranode_comm] n=2,avg=2.670176,stddev=1.485264,min=1.619936,max=3.720416,sum=5.340352[0m
[96m<[process 2]>[comp_time] n=2,avg=74.877090,stddev=51.390846,min=38.538273,max=111.215904,sum=149.754181[0m
[96m<[process 1]>[internode_comm] n=2,avg=3236.638184,stddev=1280.336304,min=2331.303711,max=4141.972656,sum=6473.276367[0m
[96m<[process 1]>[intranode_comm] n=2,avg=1.214368,stddev=0.049237,min=1.179552,max=1.249184,sum=2.428736[0m
[96m<[process 1]>[comp_time] n=2,avg=74.240990,stddev=48.334969,min=40.063007,max=108.418976,sum=148.481979[0m
NNZ C: 929023247
[96m<Timer>[spgemm] 6625.787598 ms[0m
STARTING spgemm round: 4
[96m<[process 0]>[internode_comm] 48.249889 ms[0m
[96m<[process 0]>[intranode_comm] 1.170464 ms[0m
[96m<[process 0]>[comp_time] 162.518723 ms[0m
[96m<[process 2]>[internode_comm] 3106.448242 ms[0m
[96m<[process 2]>[intranode_comm] 0.589472 ms[0m
[96m<[process 2]>[comp_time] 38.644127 ms[0m
[96m<[process 1]>[internode_comm] 3138.746826 ms[0m
[96m<[process 1]>[intranode_comm] 1.331904 ms[0m
[96m<[process 1]>[comp_time] 29.393536 ms[0m
[96m<[process 0]>[internode_comm] n=2,avg=1409.883179,stddev=1925.640259,min=48.249889,max=2771.516357,sum=2819.766357[0m
[96m<[process 0]>[intranode_comm] n=2,avg=0.895760,stddev=0.388490,min=0.621056,max=1.170464,sum=1.791520[0m
[96m<[process 0]>[comp_time] n=2,avg=289.850983,stddev=180.075027,min=162.518723,max=417.183258,sum=579.701965[0m
[96m<[process 3]>[internode_comm] 5370.627441 ms[0m
[96m<[process 3]>[intranode_comm] 0.672032 ms[0m
[96m<[process 3]>[comp_time] 9.368384 ms[0m
[96m<[process 2]>[internode_comm] n=2,avg=2713.433350,stddev=555.807007,min=2320.418457,max=3106.448242,sum=5426.866699[0m
[96m<[process 2]>[intranode_comm] n=2,avg=1.979488,stddev=1.965780,min=0.589472,max=3.369504,sum=3.958976[0m
[96m<[process 2]>[comp_time] n=2,avg=74.992722,stddev=51.404671,min=38.644127,max=111.341309,sum=149.985443[0m
[96m<[process 1]>[internode_comm] n=2,avg=2743.888184,stddev=558.414246,min=2349.029785,max=3138.746826,sum=5487.776367[0m
[96m<[process 1]>[intranode_comm] n=2,avg=1.367168,stddev=0.049871,min=1.331904,max=1.402432,sum=2.734336[0m
[96m<[process 1]>[comp_time] n=2,avg=69.027794,stddev=56.051304,min=29.393536,max=108.662048,sum=138.055588[0m
[96m<[process 3]>[internode_comm] n=2,avg=2719.623779,stddev=3749.085205,min=68.620285,max=5370.627441,sum=5439.247559[0m
[96m<[process 3]>[intranode_comm] n=2,avg=1.052240,stddev=0.537695,min=0.672032,max=1.432448,sum=2.104480[0m
[96m<[process 3]>[comp_time] n=2,avg=463.357849,stddev=642.038025,min=9.368384,max=917.347290,sum=926.715698[0m
NNZ C: 929023247
[96m<Timer>[spgemm] 6369.715332 ms[0m
STARTING spgemm round: 5
[96m<[process 0]>[internode_comm] 48.162975 ms[0m
[96m<[process 0]>[intranode_comm] 1.139616 ms[0m
[96m<[process 0]>[comp_time] 164.943390 ms[0m
[96m<[process 1]>[internode_comm] 3116.230225 ms[0m
[96m<[process 1]>[intranode_comm] 1.227744 ms[0m
[96m<[process 1]>[comp_time] 29.177824 ms[0m
[96m<[process 2]>[internode_comm] 3149.677002 ms[0m
[96m<[process 2]>[intranode_comm] 0.594784 ms[0m
[96m<[process 2]>[comp_time] 36.578114 ms[0m
[96m<[process 0]>[internode_comm] n=2,avg=1404.859985,stddev=1918.659180,min=48.162975,max=2761.556885,sum=2809.719971[0m
[96m<[process 0]>[intranode_comm] n=2,avg=0.885056,stddev=0.360002,min=0.630496,max=1.139616,sum=1.770112[0m
[96m<[process 0]>[comp_time] n=2,avg=296.850891,stddev=186.545380,min=164.943390,max=428.758392,sum=593.701782[0m
[96m<[process 3]>[internode_comm] 5365.014160 ms[0m
[96m<[process 3]>[intranode_comm] 0.566208 ms[0m
[96m<[process 3]>[comp_time] 9.236832 ms[0m
[96m<[process 1]>[internode_comm] n=2,avg=2725.725342,stddev=552.257324,min=2335.220459,max=3116.230225,sum=5451.450684[0m
[96m<[process 1]>[intranode_comm] n=2,avg=1.154512,stddev=0.103566,min=1.081280,max=1.227744,sum=2.309024[0m
[96m<[process 1]>[comp_time] n=2,avg=69.140465,stddev=56.515705,min=29.177824,max=109.103104,sum=138.280930[0m
[96m<[process 2]>[internode_comm] n=2,avg=2733.746582,stddev=588.214600,min=2317.815918,max=3149.677002,sum=5467.493164[0m
[96m<[process 2]>[intranode_comm] n=2,avg=1.414928,stddev=1.159859,min=0.594784,max=2.235072,sum=2.829856[0m
[96m<[process 2]>[comp_time] n=2,avg=73.692131,stddev=52.487144,min=36.578114,max=110.806145,sum=147.384262[0m
[96m<[process 3]>[internode_comm] n=2,avg=2716.265869,stddev=3745.895996,min=67.517410,max=5365.014160,sum=5432.531738[0m
[96m<[process 3]>[intranode_comm] n=2,avg=1.002496,stddev=0.617004,min=0.566208,max=1.438784,sum=2.004992[0m
[96m<[process 3]>[comp_time] n=2,avg=459.146698,stddev=636.268616,min=9.236832,max=909.056580,sum=918.293396[0m
NNZ C: 929023247
[96m<Timer>[spgemm] 6354.413574 ms[0m
STARTING spgemm round: 6
[96m<[process 0]>[internode_comm] 48.309666 ms[0m
[96m<[process 0]>[intranode_comm] 1.142368 ms[0m
[96m<[process 0]>[comp_time] 160.472321 ms[0m
[96m<[process 3]>[internode_comm] 3145.325195 ms[0m
[96m<[process 3]>[intranode_comm] 0.599456 ms[0m
[96m<[process 3]>[comp_time] 9.519712 ms[0m
[96m<[process 2]>[internode_comm] 3138.544922 ms[0m
[96m<[process 2]>[intranode_comm] 0.595328 ms[0m
[96m<[process 2]>[comp_time] 32.079327 ms[0m
[96m<[process 0]>[internode_comm] n=2,avg=1434.796509,stddev=1960.788574,min=48.309666,max=2821.283447,sum=2869.593018[0m
[96m<[process 0]>[intranode_comm] n=2,avg=0.878272,stddev=0.373488,min=0.614176,max=1.142368,sum=1.756544[0m
[96m<[process 0]>[comp_time] n=2,avg=295.631104,stddev=191.143356,min=160.472321,max=430.789856,sum=591.262207[0m
[96m<[process 3]>[internode_comm] n=2,avg=1606.267334,stddev=2176.556396,min=67.209473,max=3145.325195,sum=3212.534668[0m
[96m<[process 3]>[intranode_comm] n=2,avg=1.014208,stddev=0.586548,min=0.599456,max=1.428960,sum=2.028416[0m
[96m<[process 3]>[comp_time] n=2,avg=459.288239,stddev=636.068726,min=9.519712,max=909.056763,sum=918.576477[0m
[96m<[process 1]>[internode_comm] 4161.913086 ms[0m
[96m<[process 1]>[intranode_comm] 1.329120 ms[0m
[96m<[process 1]>[comp_time] 29.292831 ms[0m
[96m<[process 2]>[internode_comm] n=2,avg=3238.899170,stddev=141.922348,min=3138.544922,max=3339.253418,sum=6477.798340[0m
[96m<[process 2]>[intranode_comm] n=2,avg=1.059792,stddev=0.656851,min=0.595328,max=1.524256,sum=2.119584[0m
[96m<[process 2]>[comp_time] n=2,avg=71.620369,stddev=55.919476,min=32.079327,max=111.161407,sum=143.240738[0m
[96m<[process 1]>[internode_comm] n=2,avg=3252.943604,stddev=1285.476929,min=2343.974121,max=4161.913086,sum=6505.887207[0m
[96m<[process 1]>[intranode_comm] n=2,avg=1.376048,stddev=0.066366,min=1.329120,max=1.422976,sum=2.752096[0m
[96m<[process 1]>[comp_time] n=2,avg=70.230431,stddev=57.894508,min=29.292831,max=111.168030,sum=140.460861[0m
NNZ C: 929023247
[96m<Timer>[spgemm] 6650.708008 ms[0m
STARTING spgemm round: 7
[96m<[process 0]>[internode_comm] 48.272705 ms[0m
[96m<[process 0]>[intranode_comm] 1.145440 ms[0m
[96m<[process 0]>[comp_time] 160.125504 ms[0m
[96m<[process 1]>[internode_comm] 3130.896729 ms[0m
[96m<[process 1]>[intranode_comm] 1.247840 ms[0m
[96m<[process 1]>[comp_time] 30.984447 ms[0m
[96m<[process 2]>[internode_comm] 3164.491455 ms[0m
[96m<[process 2]>[intranode_comm] 0.603008 ms[0m
[96m<[process 2]>[comp_time] 32.001823 ms[0m
[96m<[process 0]>[internode_comm] n=2,avg=1410.136719,stddev=1925.966553,min=48.272705,max=2772.000732,sum=2820.273438[0m
[96m<[process 0]>[intranode_comm] n=2,avg=0.881312,stddev=0.373533,min=0.617184,max=1.145440,sum=1.762624[0m
[96m<[process 0]>[comp_time] n=2,avg=289.523804,stddev=182.996841,min=160.125504,max=418.922119,sum=579.047607[0m
[96m<[process 3]>[internode_comm] 5415.768066 ms[0m
[96m<[process 3]>[intranode_comm] 0.673472 ms[0m
[96m<[process 3]>[comp_time] 9.356608 ms[0m
[96m<[process 1]>[internode_comm] n=2,avg=2752.888916,stddev=534.583801,min=2374.881104,max=3130.896729,sum=5505.777832[0m
[96m<[process 1]>[intranode_comm] n=2,avg=1.201952,stddev=0.064895,min=1.156064,max=1.247840,sum=2.403904[0m
[96m<[process 1]>[comp_time] n=2,avg=73.510590,stddev=60.141048,min=30.984447,max=116.036736,sum=147.021179[0m
[96m<[process 2]>[internode_comm] n=2,avg=2764.022461,stddev=566.348511,min=2363.553711,max=3164.491455,sum=5528.044922[0m
[96m<[process 2]>[intranode_comm] n=2,avg=1.056864,stddev=0.641849,min=0.603008,max=1.510720,sum=2.113728[0m
[96m<[process 2]>[comp_time] n=2,avg=74.631653,stddev=60.287678,min=32.001823,max=117.261475,sum=149.263306[0m
[96m<[process 3]>[internode_comm] n=2,avg=2742.117676,stddev=3781.112793,min=68.467072,max=5415.768066,sum=5484.235352[0m
[96m<[process 3]>[intranode_comm] n=2,avg=1.060912,stddev=0.547923,min=0.673472,max=1.448352,sum=2.121824[0m
[96m<[process 3]>[comp_time] n=2,avg=459.826752,stddev=637.060974,min=9.356608,max=910.296875,sum=919.653503[0m
NNZ C: 929023247
[96m<Timer>[spgemm] 6407.769043 ms[0m
STARTING spgemm round: 8
[96m<[process 0]>[internode_comm] 49.159519 ms[0m
[96m<[process 0]>[intranode_comm] 1.156064 ms[0m
[96m<[process 0]>[comp_time] 160.387161 ms[0m
[96m<[process 2]>[internode_comm] 3155.916992 ms[0m
[96m<[process 2]>[intranode_comm] 0.603936 ms[0m
[96m<[process 2]>[comp_time] 31.899136 ms[0m
[96m<[process 1]>[internode_comm] 3188.243408 ms[0m
[96m<[process 1]>[intranode_comm] 1.393600 ms[0m
[96m<[process 1]>[comp_time] 29.350752 ms[0m
[96m<[process 0]>[internode_comm] n=2,avg=1426.496582,stddev=1947.848755,min=49.159519,max=2803.833740,sum=2852.993164[0m
[96m<[process 0]>[intranode_comm] n=2,avg=0.923744,stddev=0.328550,min=0.691424,max=1.156064,sum=1.847488[0m
[96m<[process 0]>[comp_time] n=2,avg=289.216949,stddev=182.192825,min=160.387161,max=418.046722,sum=578.433899[0m
[96m<[process 3]>[internode_comm] 5430.423340 ms[0m
[96m<[process 3]>[intranode_comm] 0.570432 ms[0m
[96m<[process 3]>[comp_time] 9.219904 ms[0m
[96m<[process 2]>[internode_comm] n=2,avg=2740.030273,stddev=588.152649,min=2324.143555,max=3155.916992,sum=5480.060547[0m
[96m<[process 2]>[intranode_comm] n=2,avg=1.099872,stddev=0.701359,min=0.603936,max=1.595808,sum=2.199744[0m
[96m<[process 2]>[comp_time] n=2,avg=75.067474,stddev=61.049248,min=31.899136,max=118.235809,sum=150.134949[0m
[96m<[process 1]>[internode_comm] n=2,avg=2767.325195,stddev=595.268433,min=2346.406738,max=3188.243408,sum=5534.650391[0m
[96m<[process 1]>[intranode_comm] n=2,avg=3.773360,stddev=3.365489,min=1.393600,max=6.153120,sum=7.546720[0m
[96m<[process 1]>[comp_time] n=2,avg=71.560204,stddev=59.693180,min=29.350752,max=113.769661,sum=143.120407[0m
[96m<[process 3]>[internode_comm] n=2,avg=2748.974609,stddev=3792.141113,min=67.525917,max=5430.423340,sum=5497.949219[0m
[96m<[process 3]>[intranode_comm] n=2,avg=1.005792,stddev=0.615692,min=0.570432,max=1.441152,sum=2.011584[0m
[96m<[process 3]>[comp_time] n=2,avg=464.308319,stddev=643.592163,min=9.219904,max=919.396729,sum=928.616638[0m
NNZ C: 929023247
[96m<Timer>[spgemm] 6430.214844 ms[0m
STARTING spgemm round: 9
[96m<[process 0]>[internode_comm] 49.519234 ms[0m
[96m<[process 0]>[intranode_comm] 1.148512 ms[0m
[96m<[process 0]>[comp_time] 160.266846 ms[0m
[96m<[process 3]>[internode_comm] 3117.312256 ms[0m
[96m<[process 3]>[intranode_comm] 3.726528 ms[0m
[96m<[process 3]>[comp_time] 13.326400 ms[0m
[96m<[process 2]>[internode_comm] 3111.851074 ms[0m
[96m<[process 2]>[intranode_comm] 3.555584 ms[0m
[96m<[process 2]>[comp_time] 39.286209 ms[0m
[96m<[process 0]>[internode_comm] n=2,avg=1421.229004,stddev=1939.890503,min=49.519234,max=2792.938721,sum=2842.458008[0m
[96m<[process 0]>[intranode_comm] n=2,avg=0.887712,stddev=0.368827,min=0.626912,max=1.148512,sum=1.775424[0m
[96m<[process 0]>[comp_time] n=2,avg=289.098633,stddev=182.195633,min=160.266846,max=417.930389,sum=578.197266[0m
[96m<[process 3]>[internode_comm] n=2,avg=1592.133057,stddev=2156.929199,min=66.953758,max=3117.312256,sum=3184.266113[0m
[96m<[process 3]>[intranode_comm] n=2,avg=2.582816,stddev=1.617453,min=1.439104,max=3.726528,sum=5.165632[0m
[96m<[process 3]>[comp_time] n=2,avg=462.746368,stddev=635.575806,min=13.326400,max=912.166321,sum=925.492737[0m
[96m<[process 1]>[internode_comm] 4143.652344 ms[0m
[96m<[process 1]>[intranode_comm] 1.226592 ms[0m
[96m<[process 1]>[comp_time] 29.300287 ms[0m
[96m<[process 2]>[internode_comm] n=2,avg=3207.342285,stddev=135.045135,min=3111.851074,max=3302.833740,sum=6414.684570[0m
[96m<[process 2]>[intranode_comm] n=2,avg=2.544256,stddev=1.430234,min=1.532928,max=3.555584,sum=5.088512[0m
[96m<[process 2]>[comp_time] n=2,avg=76.712219,stddev=52.928375,min=39.286209,max=114.138237,sum=153.424438[0m
[96m<[process 1]>[internode_comm] n=2,avg=3227.179688,stddev=1296.088257,min=2310.706787,max=4143.652344,sum=6454.359375[0m
[96m<[process 1]>[intranode_comm] n=2,avg=1.413824,stddev=0.264786,min=1.226592,max=1.601056,sum=2.827648[0m
[96m<[process 1]>[comp_time] n=2,avg=72.229950,stddev=60.711712,min=29.300287,max=115.159615,sum=144.459900[0m
NNZ C: 929023247
[96m<Timer>[spgemm] 6603.238770 ms[0m
